<?xml version="1.0" encoding="UTF-8"?>
<!-- Generated by org.testng.reporters.JUnitXMLReporter -->
<testsuite hostname="Faizals-MacBook-Pro.local" ignored="2" name="switch-mobile-automation" tests="1" failures="0" timestamp="02 Jul 2020 00:02:10 GMT" time="16.637" errors="0">
  <testcase name="checkGoToLoginPage" time="16.19" classname="tests.LandingITest"/>
  <testcase name="checkLoginAsGuest" time="0.0" classname="tests.LandingITest">
    <ignored/>
  </testcase> <!-- checkLoginAsGuest -->
  <testcase name="checkGoToSignUpPage" time="0.0" classname="tests.LandingITest">
    <ignored/>
  </testcase> <!-- checkGoToSignUpPage -->
</testsuite> <!-- switch-mobile-automation -->
