{"name":"Switch_Purchase_054 - Edit Address Back From Checkout Page","status":"broken","statusDetails":{"known":false,"muted":false,"flaky":false,"message":"Expected condition failed: waiting for visibility of element located by By.id: com.smartfren.switchmobile:id/button_activate (tried for 20 second(s) with 500 milliseconds interval)","trace":"org.openqa.selenium.TimeoutException: Expected condition failed: waiting for visibility of element located by By.id: com.smartfren.switchmobile:id/button_activate (tried for 20 second(s) with 500 milliseconds interval)\n\tat org.openqa.selenium.support.ui.WebDriverWait.timeoutException(WebDriverWait.java:95)\n\tat org.openqa.selenium.support.ui.FluentWait.until(FluentWait.java:272)\n\tat utilities.finders.ElementAction.waitUntilElement(ElementAction.java:17)\n\tat utilities.finders.ElementAction.click(ElementAction.java:21)\n\tat pages.PurchasePages.testGoToOrderSIM(PurchasePages.java:167)\n\tat tests.PurchaseITest.checkEditAddressByClickBackFromCheckoutPage(PurchaseITest.java:559)\n\tat sun.reflect.NativeMethodAccessorImpl.invoke0(Native Method)\n\tat sun.reflect.NativeMethodAccessorImpl.invoke(NativeMethodAccessorImpl.java:62)\n\tat sun.reflect.DelegatingMethodAccessorImpl.invoke(DelegatingMethodAccessorImpl.java:43)\n\tat java.lang.reflect.Method.invoke(Method.java:498)\n\tat org.testng.internal.MethodInvocationHelper.invokeMethod(MethodInvocationHelper.java:124)\n\tat org.testng.internal.Invoker.invokeMethod(Invoker.java:583)\n\tat org.testng.internal.Invoker.invokeTestMethod(Invoker.java:719)\n\tat org.testng.internal.Invoker.invokeTestMethods(Invoker.java:989)\n\tat org.testng.internal.TestMethodWorker.invokeTestMethods(TestMethodWorker.java:125)\n\tat org.testng.internal.TestMethodWorker.run(TestMethodWorker.java:109)\n\tat java.util.concurrent.ThreadPoolExecutor.runWorker(ThreadPoolExecutor.java:1149)\n\tat java.util.concurrent.ThreadPoolExecutor$Worker.run(ThreadPoolExecutor.java:624)\n\tat java.lang.Thread.run(Thread.java:748)\nCaused by: org.openqa.selenium.NoSuchElementException: An element could not be located on the page using the given search parameters.\nFor documentation on this error, please visit: https://www.seleniumhq.org/exceptions/no_such_element.html\nBuild info: version: '3.141.59', revision: 'e82be7d358', time: '2018-11-14T08:17:03'\nSystem info: host: 'Faizals-MacBook-Pro.local', ip: 'fe80:0:0:0:1cc9:5aad:eb2e:fc8c%en0', os.name: 'Mac OS X', os.arch: 'x86_64', os.version: '10.15.6', java.version: '1.8.0_251'\nDriver info: io.appium.java_client.android.AndroidDriver\nCapabilities {app: /Users/faizalprakoso/IdeaPr..., appActivity: com.smartfren.switchmobile...., appPackage: com.smartfren.switchmobile, autoGrantPermissions: true, databaseEnabled: false, desired: {app: /Users/faizalprakoso/IdeaPr..., appActivity: com.smartfren.switchmobile...., appPackage: com.smartfren.switchmobile, autoGrantPermissions: true, noReset: true, platformName: android, platformVersion: 8.1.0, udid: emulator-5554}, deviceApiLevel: 30, deviceManufacturer: Google, deviceModel: sdk_gphone_x86, deviceName: emulator-5554, deviceScreenDensity: 420, deviceScreenSize: 1080x1920, deviceUDID: emulator-5554, javascriptEnabled: true, locationContextEnabled: false, networkConnectionEnabled: true, noReset: true, pixelRatio: 2.625, platform: LINUX, platformName: ANDROID, platformVersion: 11, statBarHeight: 63, takesScreenshot: true, udid: emulator-5554, viewportRect: {height: 1731, left: 0, top: 63, width: 1080}, warnings: {}, webStorageEnabled: false}\nSession ID: 04e27f45-2756-440d-a572-53e133054294\n*** Element info: {Using=id, value=com.smartfren.switchmobile:id/button_activate}\n\tat sun.reflect.NativeConstructorAccessorImpl.newInstance0(Native Method)\n\tat sun.reflect.NativeConstructorAccessorImpl.newInstance(NativeConstructorAccessorImpl.java:62)\n\tat sun.reflect.DelegatingConstructorAccessorImpl.newInstance(DelegatingConstructorAccessorImpl.java:45)\n\tat java.lang.reflect.Constructor.newInstance(Constructor.java:423)\n\tat org.openqa.selenium.remote.http.W3CHttpResponseCodec.createException(W3CHttpResponseCodec.java:187)\n\tat org.openqa.selenium.remote.http.W3CHttpResponseCodec.decode(W3CHttpResponseCodec.java:122)\n\tat org.openqa.selenium.remote.http.W3CHttpResponseCodec.decode(W3CHttpResponseCodec.java:49)\n\tat org.openqa.selenium.remote.HttpCommandExecutor.execute(HttpCommandExecutor.java:158)\n\tat io.appium.java_client.remote.AppiumCommandExecutor.execute(AppiumCommandExecutor.java:239)\n\tat org.openqa.selenium.remote.RemoteWebDriver.execute(RemoteWebDriver.java:552)\n\tat io.appium.java_client.DefaultGenericMobileDriver.execute(DefaultGenericMobileDriver.java:41)\n\tat io.appium.java_client.AppiumDriver.execute(AppiumDriver.java:1)\n\tat io.appium.java_client.android.AndroidDriver.execute(AndroidDriver.java:1)\n\tat org.openqa.selenium.remote.RemoteWebDriver.findElement(RemoteWebDriver.java:323)\n\tat io.appium.java_client.DefaultGenericMobileDriver.findElement(DefaultGenericMobileDriver.java:61)\n\tat io.appium.java_client.AppiumDriver.findElement(AppiumDriver.java:1)\n\tat io.appium.java_client.android.AndroidDriver.findElement(AndroidDriver.java:1)\n\tat org.openqa.selenium.remote.RemoteWebDriver.findElementById(RemoteWebDriver.java:372)\n\tat io.appium.java_client.DefaultGenericMobileDriver.findElementById(DefaultGenericMobileDriver.java:69)\n\tat io.appium.java_client.AppiumDriver.findElementById(AppiumDriver.java:1)\n\tat io.appium.java_client.android.AndroidDriver.findElementById(AndroidDriver.java:1)\n\tat org.openqa.selenium.By$ById.findElement(By.java:188)\n\tat org.openqa.selenium.remote.RemoteWebDriver.findElement(RemoteWebDriver.java:315)\n\tat io.appium.java_client.DefaultGenericMobileDriver.findElement(DefaultGenericMobileDriver.java:57)\n\tat io.appium.java_client.AppiumDriver.findElement(AppiumDriver.java:1)\n\tat io.appium.java_client.android.AndroidDriver.findElement(AndroidDriver.java:1)\n\tat org.openqa.selenium.support.ui.ExpectedConditions$7.apply(ExpectedConditions.java:205)\n\tat org.openqa.selenium.support.ui.ExpectedConditions$7.apply(ExpectedConditions.java:201)\n\tat org.openqa.selenium.support.ui.FluentWait.until(FluentWait.java:249)\n\t... 17 more\n"},"stage":"finished","description":"Verify that User able to Edit Address Back From Checkout Page.","steps":[{"name":"User Do Valid Login Using Email or Switch Number","status":"passed","stage":"finished","steps":[{"name":"Click Button Login","status":"passed","stage":"finished","steps":[],"attachments":[],"parameters":[],"start":1605506117053,"stop":1605506125136}],"attachments":[],"parameters":[{"name":"username","value":"satriopanjiprakoso@gmail.com"},{"name":"pin","value":"545454"}],"start":1605506117053,"stop":1605506131881},{"name":"Click Order SIM","status":"broken","statusDetails":{"known":false,"muted":false,"flaky":false,"message":"Expected condition failed: waiting for visibility of element located by By.id: com.smartfren.switchmobile:id/button_activate (tried for 20 second(s) with 500 milliseconds interval)","trace":"org.openqa.selenium.TimeoutException: Expected condition failed: waiting for visibility of element located by By.id: com.smartfren.switchmobile:id/button_activate (tried for 20 second(s) with 500 milliseconds interval)\n\tat org.openqa.selenium.support.ui.WebDriverWait.timeoutException(WebDriverWait.java:95)\n\tat org.openqa.selenium.support.ui.FluentWait.until(FluentWait.java:272)\n\tat utilities.finders.ElementAction.waitUntilElement(ElementAction.java:17)\n\tat utilities.finders.ElementAction.click(ElementAction.java:21)\n\tat pages.PurchasePages.testGoToOrderSIM(PurchasePages.java:167)\n\tat tests.PurchaseITest.checkEditAddressByClickBackFromCheckoutPage(PurchaseITest.java:559)\n\tat sun.reflect.NativeMethodAccessorImpl.invoke0(Native Method)\n\tat sun.reflect.NativeMethodAccessorImpl.invoke(NativeMethodAccessorImpl.java:62)\n\tat sun.reflect.DelegatingMethodAccessorImpl.invoke(DelegatingMethodAccessorImpl.java:43)\n\tat java.lang.reflect.Method.invoke(Method.java:498)\n\tat org.testng.internal.MethodInvocationHelper.invokeMethod(MethodInvocationHelper.java:124)\n\tat org.testng.internal.Invoker.invokeMethod(Invoker.java:583)\n\tat org.testng.internal.Invoker.invokeTestMethod(Invoker.java:719)\n\tat org.testng.internal.Invoker.invokeTestMethods(Invoker.java:989)\n\tat org.testng.internal.TestMethodWorker.invokeTestMethods(TestMethodWorker.java:125)\n\tat org.testng.internal.TestMethodWorker.run(TestMethodWorker.java:109)\n\tat java.util.concurrent.ThreadPoolExecutor.runWorker(ThreadPoolExecutor.java:1149)\n\tat java.util.concurrent.ThreadPoolExecutor$Worker.run(ThreadPoolExecutor.java:624)\n\tat java.lang.Thread.run(Thread.java:748)\nCaused by: org.openqa.selenium.NoSuchElementException: An element could not be located on the page using the given search parameters.\nFor documentation on this error, please visit: https://www.seleniumhq.org/exceptions/no_such_element.html\nBuild info: version: '3.141.59', revision: 'e82be7d358', time: '2018-11-14T08:17:03'\nSystem info: host: 'Faizals-MacBook-Pro.local', ip: 'fe80:0:0:0:1cc9:5aad:eb2e:fc8c%en0', os.name: 'Mac OS X', os.arch: 'x86_64', os.version: '10.15.6', java.version: '1.8.0_251'\nDriver info: io.appium.java_client.android.AndroidDriver\nCapabilities {app: /Users/faizalprakoso/IdeaPr..., appActivity: com.smartfren.switchmobile...., appPackage: com.smartfren.switchmobile, autoGrantPermissions: true, databaseEnabled: false, desired: {app: /Users/faizalprakoso/IdeaPr..., appActivity: com.smartfren.switchmobile...., appPackage: com.smartfren.switchmobile, autoGrantPermissions: true, noReset: true, platformName: android, platformVersion: 8.1.0, udid: emulator-5554}, deviceApiLevel: 30, deviceManufacturer: Google, deviceModel: sdk_gphone_x86, deviceName: emulator-5554, deviceScreenDensity: 420, deviceScreenSize: 1080x1920, deviceUDID: emulator-5554, javascriptEnabled: true, locationContextEnabled: false, networkConnectionEnabled: true, noReset: true, pixelRatio: 2.625, platform: LINUX, platformName: ANDROID, platformVersion: 11, statBarHeight: 63, takesScreenshot: true, udid: emulator-5554, viewportRect: {height: 1731, left: 0, top: 63, width: 1080}, warnings: {}, webStorageEnabled: false}\nSession ID: 04e27f45-2756-440d-a572-53e133054294\n*** Element info: {Using=id, value=com.smartfren.switchmobile:id/button_activate}\n\tat sun.reflect.NativeConstructorAccessorImpl.newInstance0(Native Method)\n\tat sun.reflect.NativeConstructorAccessorImpl.newInstance(NativeConstructorAccessorImpl.java:62)\n\tat sun.reflect.DelegatingConstructorAccessorImpl.newInstance(DelegatingConstructorAccessorImpl.java:45)\n\tat java.lang.reflect.Constructor.newInstance(Constructor.java:423)\n\tat org.openqa.selenium.remote.http.W3CHttpResponseCodec.createException(W3CHttpResponseCodec.java:187)\n\tat org.openqa.selenium.remote.http.W3CHttpResponseCodec.decode(W3CHttpResponseCodec.java:122)\n\tat org.openqa.selenium.remote.http.W3CHttpResponseCodec.decode(W3CHttpResponseCodec.java:49)\n\tat org.openqa.selenium.remote.HttpCommandExecutor.execute(HttpCommandExecutor.java:158)\n\tat io.appium.java_client.remote.AppiumCommandExecutor.execute(AppiumCommandExecutor.java:239)\n\tat org.openqa.selenium.remote.RemoteWebDriver.execute(RemoteWebDriver.java:552)\n\tat io.appium.java_client.DefaultGenericMobileDriver.execute(DefaultGenericMobileDriver.java:41)\n\tat io.appium.java_client.AppiumDriver.execute(AppiumDriver.java:1)\n\tat io.appium.java_client.android.AndroidDriver.execute(AndroidDriver.java:1)\n\tat org.openqa.selenium.remote.RemoteWebDriver.findElement(RemoteWebDriver.java:323)\n\tat io.appium.java_client.DefaultGenericMobileDriver.findElement(DefaultGenericMobileDriver.java:61)\n\tat io.appium.java_client.AppiumDriver.findElement(AppiumDriver.java:1)\n\tat io.appium.java_client.android.AndroidDriver.findElement(AndroidDriver.java:1)\n\tat org.openqa.selenium.remote.RemoteWebDriver.findElementById(RemoteWebDriver.java:372)\n\tat io.appium.java_client.DefaultGenericMobileDriver.findElementById(DefaultGenericMobileDriver.java:69)\n\tat io.appium.java_client.AppiumDriver.findElementById(AppiumDriver.java:1)\n\tat io.appium.java_client.android.AndroidDriver.findElementById(AndroidDriver.java:1)\n\tat org.openqa.selenium.By$ById.findElement(By.java:188)\n\tat org.openqa.selenium.remote.RemoteWebDriver.findElement(RemoteWebDriver.java:315)\n\tat io.appium.java_client.DefaultGenericMobileDriver.findElement(DefaultGenericMobileDriver.java:57)\n\tat io.appium.java_client.AppiumDriver.findElement(AppiumDriver.java:1)\n\tat io.appium.java_client.android.AndroidDriver.findElement(AndroidDriver.java:1)\n\tat org.openqa.selenium.support.ui.ExpectedConditions$7.apply(ExpectedConditions.java:205)\n\tat org.openqa.selenium.support.ui.ExpectedConditions$7.apply(ExpectedConditions.java:201)\n\tat org.openqa.selenium.support.ui.FluentWait.until(FluentWait.java:249)\n\t... 17 more\n"},"stage":"finished","steps":[],"attachments":[],"parameters":[],"start":1605506131881,"stop":1605506162623}],"attachments":[{"name":"screenShot","source":"fca072fe-0bd7-4ada-9f8e-3aacfaa899d1-attachment"},{"name":"Page Screenshot","source":"5fe2be67-3c29-4e6c-b7a5-71e73db57732-attachment","type":"image/png"}],"parameters":[{"name":"deviceName","value":"Pixel"}],"start":1605506117053,"stop":1605506163240,"uuid":"04543184-61c1-41e0-8c5d-cf03b70db401","historyId":"fd607429885bdff0ea49dcad61f82c5e","fullName":"tests.PurchaseITest.checkEditAddressByClickBackFromCheckoutPage","labels":[{"name":"package","value":"tests.PurchaseITest"},{"name":"testClass","value":"tests.PurchaseITest"},{"name":"testMethod","value":"checkEditAddressByClickBackFromCheckoutPage"},{"name":"parentSuite","value":"Switch Android Regression Test"},{"name":"suite","value":"Switch Android Regression Test (BAHASA VERSION)"},{"name":"subSuite","value":"tests.PurchaseITest"},{"name":"host","value":"Faizals-MacBook-Pro.local"},{"name":"thread","value":"26990@Faizals-MacBook-Pro.local.TestNG-test=Switch Android Regression Test (BAHASA VERSION)-8(27)"},{"name":"framework","value":"testng"},{"name":"language","value":"java"},{"name":"story","value":"Story Name : Check Purchase"},{"name":"severity","value":"critical"}],"links":[]}