-------------------------------------------------------------------------------
Test set: TestSuite
-------------------------------------------------------------------------------
Tests run: 7, Failures: 3, Errors: 0, Skipped: 1, Time elapsed: 88.944 sec <<< FAILURE!
checkInvalidEmail(Runner.LoginITest)  Time elapsed: 5.06 sec  <<< FAILURE!
org.openqa.selenium.WebDriverException: An unknown server-side error occurred while processing the command. Original error: Could not proxy command to remote server. Original error: Error: socket hang up
Build info: version: '3.141.59', revision: 'e82be7d358', time: '2018-11-14T08:17:03'
System info: host: 'Faizals-MacBook-Pro.local', ip: 'fe80:0:0:0:48f:4676:4a4:6f5a%en0', os.name: 'Mac OS X', os.arch: 'x86_64', os.version: '10.15.5', java.version: '13.0.2'
Driver info: io.appium.java_client.android.AndroidDriver
Capabilities {appActivity: com.smartfren.switchmobile...., appPackage: com.smartfren.switchmobile, autoGrantPermissions: true, databaseEnabled: false, desired: {appActivity: com.smartfren.switchmobile...., appPackage: com.smartfren.switchmobile, autoGrantPermissions: true, noReset: true, platformName: android, platformVersion: 8.1.0, udid: emulator-5554}, deviceApiLevel: 27, deviceManufacturer: Google, deviceModel: Android SDK built for x86, deviceName: emulator-5554, deviceScreenDensity: 420, deviceScreenSize: 1080x1920, deviceUDID: emulator-5554, javascriptEnabled: true, locationContextEnabled: false, networkConnectionEnabled: true, noReset: true, pixelRatio: 2.625, platform: LINUX, platformName: ANDROID, platformVersion: 8.1.0, statBarHeight: 63, takesScreenshot: true, udid: emulator-5554, viewportRect: {height: 1731, left: 0, top: 63, width: 1080}, warnings: {}, webStorageEnabled: false}
Session ID: 387f5aed-f0b0-424d-a67f-bf00dba27145
*** Element info: {Using=id, value=com.smartfren.switchmobile:id/skip}
	at java.base/jdk.internal.reflect.NativeConstructorAccessorImpl.newInstance0(Native Method)
	at java.base/jdk.internal.reflect.NativeConstructorAccessorImpl.newInstance(NativeConstructorAccessorImpl.java:62)
	at java.base/jdk.internal.reflect.DelegatingConstructorAccessorImpl.newInstance(DelegatingConstructorAccessorImpl.java:45)
	at java.base/java.lang.reflect.Constructor.newInstanceWithCaller(Constructor.java:500)
	at java.base/java.lang.reflect.Constructor.newInstance(Constructor.java:481)
	at org.openqa.selenium.remote.http.W3CHttpResponseCodec.createException(W3CHttpResponseCodec.java:187)
	at org.openqa.selenium.remote.http.W3CHttpResponseCodec.decode(W3CHttpResponseCodec.java:122)
	at org.openqa.selenium.remote.http.W3CHttpResponseCodec.decode(W3CHttpResponseCodec.java:49)
	at org.openqa.selenium.remote.HttpCommandExecutor.execute(HttpCommandExecutor.java:158)
	at io.appium.java_client.remote.AppiumCommandExecutor.execute(AppiumCommandExecutor.java:239)
	at org.openqa.selenium.remote.RemoteWebDriver.execute(RemoteWebDriver.java:552)
	at io.appium.java_client.DefaultGenericMobileDriver.execute(DefaultGenericMobileDriver.java:41)
	at io.appium.java_client.AppiumDriver.execute(AppiumDriver.java:1)
	at io.appium.java_client.android.AndroidDriver.execute(AndroidDriver.java:1)
	at org.openqa.selenium.remote.RemoteWebDriver.findElement(RemoteWebDriver.java:323)
	at io.appium.java_client.DefaultGenericMobileDriver.findElement(DefaultGenericMobileDriver.java:61)
	at io.appium.java_client.AppiumDriver.findElement(AppiumDriver.java:1)
	at io.appium.java_client.android.AndroidDriver.findElement(AndroidDriver.java:1)
	at org.openqa.selenium.remote.RemoteWebDriver.findElementById(RemoteWebDriver.java:372)
	at io.appium.java_client.DefaultGenericMobileDriver.findElementById(DefaultGenericMobileDriver.java:69)
	at io.appium.java_client.AppiumDriver.findElementById(AppiumDriver.java:1)
	at io.appium.java_client.android.AndroidDriver.findElementById(AndroidDriver.java:1)
	at org.openqa.selenium.By$ById.findElement(By.java:188)
	at org.openqa.selenium.remote.RemoteWebDriver.findElement(RemoteWebDriver.java:315)
	at io.appium.java_client.DefaultGenericMobileDriver.findElement(DefaultGenericMobileDriver.java:57)
	at io.appium.java_client.AppiumDriver.findElement(AppiumDriver.java:1)
	at io.appium.java_client.android.AndroidDriver.findElement(AndroidDriver.java:1)
	at Operation.BaseLogin.clickButtonLogin(BaseLogin.java:19)
	at Operation.BaseLogin.testInvalidEmailLogin(BaseLogin.java:43)
	at Runner.LoginITest.checkInvalidEmail(LoginITest.java:33)

checkGoToSignUpPage(Runner.LandingITest)  Time elapsed: 10.023 sec  <<< FAILURE!
org.openqa.selenium.WebDriverException: An unknown server-side error occurred while processing the command. Original error: Could not proxy command to remote server. Original error: Error: socket hang up
Build info: version: '3.141.59', revision: 'e82be7d358', time: '2018-11-14T08:17:03'
System info: host: 'Faizals-MacBook-Pro.local', ip: 'fe80:0:0:0:48f:4676:4a4:6f5a%en0', os.name: 'Mac OS X', os.arch: 'x86_64', os.version: '10.15.5', java.version: '13.0.2'
Driver info: io.appium.java_client.android.AndroidDriver
Capabilities {appActivity: com.smartfren.switchmobile...., appPackage: com.smartfren.switchmobile, autoGrantPermissions: true, databaseEnabled: false, desired: {appActivity: com.smartfren.switchmobile...., appPackage: com.smartfren.switchmobile, autoGrantPermissions: true, noReset: true, platformName: android, platformVersion: 8.1.0, udid: emulator-5554}, deviceApiLevel: 27, deviceManufacturer: Google, deviceModel: Android SDK built for x86, deviceName: emulator-5554, deviceScreenDensity: 420, deviceScreenSize: 1080x1920, deviceUDID: emulator-5554, javascriptEnabled: true, locationContextEnabled: false, networkConnectionEnabled: true, noReset: true, pixelRatio: 2.625, platform: LINUX, platformName: ANDROID, platformVersion: 8.1.0, statBarHeight: 63, takesScreenshot: true, udid: emulator-5554, viewportRect: {height: 1731, left: 0, top: 63, width: 1080}, warnings: {}, webStorageEnabled: false}
Session ID: 387f5aed-f0b0-424d-a67f-bf00dba27145
*** Element info: {Using=id, value=com.smartfren.switchmobile:id/Next}
	at java.base/jdk.internal.reflect.NativeConstructorAccessorImpl.newInstance0(Native Method)
	at java.base/jdk.internal.reflect.NativeConstructorAccessorImpl.newInstance(NativeConstructorAccessorImpl.java:62)
	at java.base/jdk.internal.reflect.DelegatingConstructorAccessorImpl.newInstance(DelegatingConstructorAccessorImpl.java:45)
	at java.base/java.lang.reflect.Constructor.newInstanceWithCaller(Constructor.java:500)
	at java.base/java.lang.reflect.Constructor.newInstance(Constructor.java:481)
	at org.openqa.selenium.remote.http.W3CHttpResponseCodec.createException(W3CHttpResponseCodec.java:187)
	at org.openqa.selenium.remote.http.W3CHttpResponseCodec.decode(W3CHttpResponseCodec.java:122)
	at org.openqa.selenium.remote.http.W3CHttpResponseCodec.decode(W3CHttpResponseCodec.java:49)
	at org.openqa.selenium.remote.HttpCommandExecutor.execute(HttpCommandExecutor.java:158)
	at io.appium.java_client.remote.AppiumCommandExecutor.execute(AppiumCommandExecutor.java:239)
	at org.openqa.selenium.remote.RemoteWebDriver.execute(RemoteWebDriver.java:552)
	at io.appium.java_client.DefaultGenericMobileDriver.execute(DefaultGenericMobileDriver.java:41)
	at io.appium.java_client.AppiumDriver.execute(AppiumDriver.java:1)
	at io.appium.java_client.android.AndroidDriver.execute(AndroidDriver.java:1)
	at org.openqa.selenium.remote.RemoteWebDriver.findElement(RemoteWebDriver.java:323)
	at io.appium.java_client.DefaultGenericMobileDriver.findElement(DefaultGenericMobileDriver.java:61)
	at io.appium.java_client.AppiumDriver.findElement(AppiumDriver.java:1)
	at io.appium.java_client.android.AndroidDriver.findElement(AndroidDriver.java:1)
	at org.openqa.selenium.remote.RemoteWebDriver.findElementById(RemoteWebDriver.java:372)
	at io.appium.java_client.DefaultGenericMobileDriver.findElementById(DefaultGenericMobileDriver.java:69)
	at io.appium.java_client.AppiumDriver.findElementById(AppiumDriver.java:1)
	at io.appium.java_client.android.AndroidDriver.findElementById(AndroidDriver.java:1)
	at org.openqa.selenium.By$ById.findElement(By.java:188)
	at org.openqa.selenium.remote.RemoteWebDriver.findElement(RemoteWebDriver.java:315)
	at io.appium.java_client.DefaultGenericMobileDriver.findElement(DefaultGenericMobileDriver.java:57)
	at io.appium.java_client.AppiumDriver.findElement(AppiumDriver.java:1)
	at io.appium.java_client.android.AndroidDriver.findElement(AndroidDriver.java:1)
	at Operation.BaseLanding.testGoToSignUpPage(BaseLanding.java:43)
	at Runner.LandingITest.checkGoToSignUpPage(LandingITest.java:41)

closeApp(Runner.LandingITest)  Time elapsed: 15.1 sec  <<< FAILURE!
java.lang.StackOverflowError
	at Operation.BaseLanding.testCloseAppSwitch(BaseLanding.java:59)
	at Runner.LandingITest.closeApp(LandingITest.java:46)
	at Operation.BaseLanding.testCloseAppSwitch(BaseLanding.java:59)
	at Runner.LandingITest.closeApp(LandingITest.java:46)
	at Operation.BaseLanding.testCloseAppSwitch(BaseLanding.java:59)
	at Runner.LandingITest.closeApp(LandingITest.java:46)
	at Operation.BaseLanding.testCloseAppSwitch(BaseLanding.java:59)
	at Runner.LandingITest.closeApp(LandingITest.java:46)
	at Operation.BaseLanding.testCloseAppSwitch(BaseLanding.java:59)
	at Runner.LandingITest.closeApp(LandingITest.java:46)
	at Operation.BaseLanding.testCloseAppSwitch(BaseLanding.java:59)
	at Runner.LandingITest.closeApp(LandingITest.java:46)
	at Operation.BaseLanding.testCloseAppSwitch(BaseLanding.java:59)
	at Runner.LandingITest.closeApp(LandingITest.java:46)
	at Operation.BaseLanding.testCloseAppSwitch(BaseLanding.java:59)
	at Runner.LandingITest.closeApp(LandingITest.java:46)
	at Operation.BaseLanding.testCloseAppSwitch(BaseLanding.java:59)
	at Runner.LandingITest.closeApp(LandingITest.java:46)
	at Operation.BaseLanding.testCloseAppSwitch(BaseLanding.java:59)
	at Runner.LandingITest.closeApp(LandingITest.java:46)
	at Operation.BaseLanding.testCloseAppSwitch(BaseLanding.java:59)
	at Runner.LandingITest.closeApp(LandingITest.java:46)
	at Operation.BaseLanding.testCloseAppSwitch(BaseLanding.java:59)
	at Runner.LandingITest.closeApp(LandingITest.java:46)
	at Operation.BaseLanding.testCloseAppSwitch(BaseLanding.java:59)
	at Runner.LandingITest.closeApp(LandingITest.java:46)
	at Operation.BaseLanding.testCloseAppSwitch(BaseLanding.java:59)
	at Runner.LandingITest.closeApp(LandingITest.java:46)
	at Operation.BaseLanding.testCloseAppSwitch(BaseLanding.java:59)
	at Runner.LandingITest.closeApp(LandingITest.java:46)
	at Operation.BaseLanding.testCloseAppSwitch(BaseLanding.java:59)
	at Runner.LandingITest.closeApp(LandingITest.java:46)
	at Operation.BaseLanding.testCloseAppSwitch(BaseLanding.java:59)
	at Runner.LandingITest.closeApp(LandingITest.java:46)
	at Operation.BaseLanding.testCloseAppSwitch(BaseLanding.java:59)
	at Runner.LandingITest.closeApp(LandingITest.java:46)
	at Operation.BaseLanding.testCloseAppSwitch(BaseLanding.java:59)
	at Runner.LandingITest.closeApp(LandingITest.java:46)
	at Operation.BaseLanding.testCloseAppSwitch(BaseLanding.java:59)
	at Runner.LandingITest.closeApp(LandingITest.java:46)
	at Operation.BaseLanding.testCloseAppSwitch(BaseLanding.java:59)
	at Runner.LandingITest.closeApp(LandingITest.java:46)
	at Operation.BaseLanding.testCloseAppSwitch(BaseLanding.java:59)
	at Runner.LandingITest.closeApp(LandingITest.java:46)
	at Operation.BaseLanding.testCloseAppSwitch(BaseLanding.java:59)
	at Runner.LandingITest.closeApp(LandingITest.java:46)
	at Operation.BaseLanding.testCloseAppSwitch(BaseLanding.java:59)
	at Runner.LandingITest.closeApp(LandingITest.java:46)
	at Operation.BaseLanding.testCloseAppSwitch(BaseLanding.java:59)
	at Runner.LandingITest.closeApp(LandingITest.java:46)
	at Operation.BaseLanding.testCloseAppSwitch(BaseLanding.java:59)
	at Runner.LandingITest.closeApp(LandingITest.java:46)
	at Operation.BaseLanding.testCloseAppSwitch(BaseLanding.java:59)
	at Runner.LandingITest.closeApp(LandingITest.java:46)
	at Operation.BaseLanding.testCloseAppSwitch(BaseLanding.java:59)
	at Runner.LandingITest.closeApp(LandingITest.java:46)
	at Operation.BaseLanding.testCloseAppSwitch(BaseLanding.java:59)
	at Runner.LandingITest.closeApp(LandingITest.java:46)
	at Operation.BaseLanding.testCloseAppSwitch(BaseLanding.java:59)
	at Runner.LandingITest.closeApp(LandingITest.java:46)
	at Operation.BaseLanding.testCloseAppSwitch(BaseLanding.java:59)
	at Runner.LandingITest.closeApp(LandingITest.java:46)
	at Operation.BaseLanding.testCloseAppSwitch(BaseLanding.java:59)
	at Runner.LandingITest.closeApp(LandingITest.java:46)
	at Operation.BaseLanding.testCloseAppSwitch(BaseLanding.java:59)
	at Runner.LandingITest.closeApp(LandingITest.java:46)
	at Operation.BaseLanding.testCloseAppSwitch(BaseLanding.java:59)
	at Runner.LandingITest.closeApp(LandingITest.java:46)
	at Operation.BaseLanding.testCloseAppSwitch(BaseLanding.java:59)
	at Runner.LandingITest.closeApp(LandingITest.java:46)
	at Operation.BaseLanding.testCloseAppSwitch(BaseLanding.java:59)
	at Runner.LandingITest.closeApp(LandingITest.java:46)
	at Operation.BaseLanding.testCloseAppSwitch(BaseLanding.java:59)
	at Runner.LandingITest.closeApp(LandingITest.java:46)
	at Operation.BaseLanding.testCloseAppSwitch(BaseLanding.java:59)
	at Runner.LandingITest.closeApp(LandingITest.java:46)
	at Operation.BaseLanding.testCloseAppSwitch(BaseLanding.java:59)
	at Runner.LandingITest.closeApp(LandingITest.java:46)
	at Operation.BaseLanding.testCloseAppSwitch(BaseLanding.java:59)
	at Runner.LandingITest.closeApp(LandingITest.java:46)
	at Operation.BaseLanding.testCloseAppSwitch(BaseLanding.java:59)
	at Runner.LandingITest.closeApp(LandingITest.java:46)
	at Operation.BaseLanding.testCloseAppSwitch(BaseLanding.java:59)
	at Runner.LandingITest.closeApp(LandingITest.java:46)
	at Operation.BaseLanding.testCloseAppSwitch(BaseLanding.java:59)
	at Runner.LandingITest.closeApp(LandingITest.java:46)
	at Operation.BaseLanding.testCloseAppSwitch(BaseLanding.java:59)
	at Runner.LandingITest.closeApp(LandingITest.java:46)
	at Operation.BaseLanding.testCloseAppSwitch(BaseLanding.java:59)
	at Runner.LandingITest.closeApp(LandingITest.java:46)
	at Operation.BaseLanding.testCloseAppSwitch(BaseLanding.java:59)
	at Runner.LandingITest.closeApp(LandingITest.java:46)
	at Operation.BaseLanding.testCloseAppSwitch(BaseLanding.java:59)
	at Runner.LandingITest.closeApp(LandingITest.java:46)
	at Operation.BaseLanding.testCloseAppSwitch(BaseLanding.java:59)
	at Runner.LandingITest.closeApp(LandingITest.java:46)
	at Operation.BaseLanding.testCloseAppSwitch(BaseLanding.java:59)
	at Runner.LandingITest.closeApp(LandingITest.java:46)
	at Operation.BaseLanding.testCloseAppSwitch(BaseLanding.java:59)
	at Runner.LandingITest.closeApp(LandingITest.java:46)
	at Operation.BaseLanding.testCloseAppSwitch(BaseLanding.java:59)
	at Runner.LandingITest.closeApp(LandingITest.java:46)
	at Operation.BaseLanding.testCloseAppSwitch(BaseLanding.java:59)
	at Runner.LandingITest.closeApp(LandingITest.java:46)
	at Operation.BaseLanding.testCloseAppSwitch(BaseLanding.java:59)
	at Runner.LandingITest.closeApp(LandingITest.java:46)
	at Operation.BaseLanding.testCloseAppSwitch(BaseLanding.java:59)
	at Runner.LandingITest.closeApp(LandingITest.java:46)
	at Operation.BaseLanding.testCloseAppSwitch(BaseLanding.java:59)
	at Runner.LandingITest.closeApp(LandingITest.java:46)
	at Operation.BaseLanding.testCloseAppSwitch(BaseLanding.java:59)
	at Runner.LandingITest.closeApp(LandingITest.java:46)
	at Operation.BaseLanding.testCloseAppSwitch(BaseLanding.java:59)
	at Runner.LandingITest.closeApp(LandingITest.java:46)
	at Operation.BaseLanding.testCloseAppSwitch(BaseLanding.java:59)
	at Runner.LandingITest.closeApp(LandingITest.java:46)
	at Operation.BaseLanding.testCloseAppSwitch(BaseLanding.java:59)
	at Runner.LandingITest.closeApp(LandingITest.java:46)
	at Operation.BaseLanding.testCloseAppSwitch(BaseLanding.java:59)
	at Runner.LandingITest.closeApp(LandingITest.java:46)
	at Operation.BaseLanding.testCloseAppSwitch(BaseLanding.java:59)
	at Runner.LandingITest.closeApp(LandingITest.java:46)
	at Operation.BaseLanding.testCloseAppSwitch(BaseLanding.java:59)
	at Runner.LandingITest.closeApp(LandingITest.java:46)
	at Operation.BaseLanding.testCloseAppSwitch(BaseLanding.java:59)
	at Runner.LandingITest.closeApp(LandingITest.java:46)
	at Operation.BaseLanding.testCloseAppSwitch(BaseLanding.java:59)
	at Runner.LandingITest.closeApp(LandingITest.java:46)
	at Operation.BaseLanding.testCloseAppSwitch(BaseLanding.java:59)
	at Runner.LandingITest.closeApp(LandingITest.java:46)
	at Operation.BaseLanding.testCloseAppSwitch(BaseLanding.java:59)
	at Runner.LandingITest.closeApp(LandingITest.java:46)
	at Operation.BaseLanding.testCloseAppSwitch(BaseLanding.java:59)
	at Runner.LandingITest.closeApp(LandingITest.java:46)
	at Operation.BaseLanding.testCloseAppSwitch(BaseLanding.java:59)
	at Runner.LandingITest.closeApp(LandingITest.java:46)
	at Operation.BaseLanding.testCloseAppSwitch(BaseLanding.java:59)
	at Runner.LandingITest.closeApp(LandingITest.java:46)
	at Operation.BaseLanding.testCloseAppSwitch(BaseLanding.java:59)
	at Runner.LandingITest.closeApp(LandingITest.java:46)
	at Operation.BaseLanding.testCloseAppSwitch(BaseLanding.java:59)
	at Runner.LandingITest.closeApp(LandingITest.java:46)
	at Operation.BaseLanding.testCloseAppSwitch(BaseLanding.java:59)
	at Runner.LandingITest.closeApp(LandingITest.java:46)
	at Operation.BaseLanding.testCloseAppSwitch(BaseLanding.java:59)
	at Runner.LandingITest.closeApp(LandingITest.java:46)
	at Operation.BaseLanding.testCloseAppSwitch(BaseLanding.java:59)
	at Runner.LandingITest.closeApp(LandingITest.java:46)
	at Operation.BaseLanding.testCloseAppSwitch(BaseLanding.java:59)
	at Runner.LandingITest.closeApp(LandingITest.java:46)
	at Operation.BaseLanding.testCloseAppSwitch(BaseLanding.java:59)
	at Runner.LandingITest.closeApp(LandingITest.java:46)
	at Operation.BaseLanding.testCloseAppSwitch(BaseLanding.java:59)
	at Runner.LandingITest.closeApp(LandingITest.java:46)
	at Operation.BaseLanding.testCloseAppSwitch(BaseLanding.java:59)
	at Runner.LandingITest.closeApp(LandingITest.java:46)
	at Operation.BaseLanding.testCloseAppSwitch(BaseLanding.java:59)
	at Runner.LandingITest.closeApp(LandingITest.java:46)
	at Operation.BaseLanding.testCloseAppSwitch(BaseLanding.java:59)
	at Runner.LandingITest.closeApp(LandingITest.java:46)
	at Operation.BaseLanding.testCloseAppSwitch(BaseLanding.java:59)
	at Runner.LandingITest.closeApp(LandingITest.java:46)
	at Operation.BaseLanding.testCloseAppSwitch(BaseLanding.java:59)
	at Runner.LandingITest.closeApp(LandingITest.java:46)
	at Operation.BaseLanding.testCloseAppSwitch(BaseLanding.java:59)
	at Runner.LandingITest.closeApp(LandingITest.java:46)
	at Operation.BaseLanding.testCloseAppSwitch(BaseLanding.java:59)
	at Runner.LandingITest.closeApp(LandingITest.java:46)
	at Operation.BaseLanding.testCloseAppSwitch(BaseLanding.java:59)
	at Runner.LandingITest.closeApp(LandingITest.java:46)
	at Operation.BaseLanding.testCloseAppSwitch(BaseLanding.java:59)
	at Runner.LandingITest.closeApp(LandingITest.java:46)
	at Operation.BaseLanding.testCloseAppSwitch(BaseLanding.java:59)
	at Runner.LandingITest.closeApp(LandingITest.java:46)
	at Operation.BaseLanding.testCloseAppSwitch(BaseLanding.java:59)
	at Runner.LandingITest.closeApp(LandingITest.java:46)
	at Operation.BaseLanding.testCloseAppSwitch(BaseLanding.java:59)
	at Runner.LandingITest.closeApp(LandingITest.java:46)
	at Operation.BaseLanding.testCloseAppSwitch(BaseLanding.java:59)
	at Runner.LandingITest.closeApp(LandingITest.java:46)
	at Operation.BaseLanding.testCloseAppSwitch(BaseLanding.java:59)
	at Runner.LandingITest.closeApp(LandingITest.java:46)
	at Operation.BaseLanding.testCloseAppSwitch(BaseLanding.java:59)
	at Runner.LandingITest.closeApp(LandingITest.java:46)
	at Operation.BaseLanding.testCloseAppSwitch(BaseLanding.java:59)
	at Runner.LandingITest.closeApp(LandingITest.java:46)
	at Operation.BaseLanding.testCloseAppSwitch(BaseLanding.java:59)
	at Runner.LandingITest.closeApp(LandingITest.java:46)
	at Operation.BaseLanding.testCloseAppSwitch(BaseLanding.java:59)
	at Runner.LandingITest.closeApp(LandingITest.java:46)
	at Operation.BaseLanding.testCloseAppSwitch(BaseLanding.java:59)
	at Runner.LandingITest.closeApp(LandingITest.java:46)
	at Operation.BaseLanding.testCloseAppSwitch(BaseLanding.java:59)
	at Runner.LandingITest.closeApp(LandingITest.java:46)
	at Operation.BaseLanding.testCloseAppSwitch(BaseLanding.java:59)
	at Runner.LandingITest.closeApp(LandingITest.java:46)
	at Operation.BaseLanding.testCloseAppSwitch(BaseLanding.java:59)
	at Runner.LandingITest.closeApp(LandingITest.java:46)
	at Operation.BaseLanding.testCloseAppSwitch(BaseLanding.java:59)
	at Runner.LandingITest.closeApp(LandingITest.java:46)
	at Operation.BaseLanding.testCloseAppSwitch(BaseLanding.java:59)
	at Runner.LandingITest.closeApp(LandingITest.java:46)
	at Operation.BaseLanding.testCloseAppSwitch(BaseLanding.java:59)
	at Runner.LandingITest.closeApp(LandingITest.java:46)
	at Operation.BaseLanding.testCloseAppSwitch(BaseLanding.java:59)
	at Runner.LandingITest.closeApp(LandingITest.java:46)
	at Operation.BaseLanding.testCloseAppSwitch(BaseLanding.java:59)
	at Runner.LandingITest.closeApp(LandingITest.java:46)
	at Operation.BaseLanding.testCloseAppSwitch(BaseLanding.java:59)
	at Runner.LandingITest.closeApp(LandingITest.java:46)
	at Operation.BaseLanding.testCloseAppSwitch(BaseLanding.java:59)
	at Runner.LandingITest.closeApp(LandingITest.java:46)
	at Operation.BaseLanding.testCloseAppSwitch(BaseLanding.java:59)
	at Runner.LandingITest.closeApp(LandingITest.java:46)
	at Operation.BaseLanding.testCloseAppSwitch(BaseLanding.java:59)
	at Runner.LandingITest.closeApp(LandingITest.java:46)
	at Operation.BaseLanding.testCloseAppSwitch(BaseLanding.java:59)
	at Runner.LandingITest.closeApp(LandingITest.java:46)
	at Operation.BaseLanding.testCloseAppSwitch(BaseLanding.java:59)
	at Runner.LandingITest.closeApp(LandingITest.java:46)
	at Operation.BaseLanding.testCloseAppSwitch(BaseLanding.java:59)
	at Runner.LandingITest.closeApp(LandingITest.java:46)
	at Operation.BaseLanding.testCloseAppSwitch(BaseLanding.java:59)
	at Runner.LandingITest.closeApp(LandingITest.java:46)
	at Operation.BaseLanding.testCloseAppSwitch(BaseLanding.java:59)
	at Runner.LandingITest.closeApp(LandingITest.java:46)
	at Operation.BaseLanding.testCloseAppSwitch(BaseLanding.java:59)
	at Runner.LandingITest.closeApp(LandingITest.java:46)
	at Operation.BaseLanding.testCloseAppSwitch(BaseLanding.java:59)
	at Runner.LandingITest.closeApp(LandingITest.java:46)
	at Operation.BaseLanding.testCloseAppSwitch(BaseLanding.java:59)
	at Runner.LandingITest.closeApp(LandingITest.java:46)
	at Operation.BaseLanding.testCloseAppSwitch(BaseLanding.java:59)
	at Runner.LandingITest.closeApp(LandingITest.java:46)
	at Operation.BaseLanding.testCloseAppSwitch(BaseLanding.java:59)
	at Runner.LandingITest.closeApp(LandingITest.java:46)
	at Operation.BaseLanding.testCloseAppSwitch(BaseLanding.java:59)
	at Runner.LandingITest.closeApp(LandingITest.java:46)
	at Operation.BaseLanding.testCloseAppSwitch(BaseLanding.java:59)
	at Runner.LandingITest.closeApp(LandingITest.java:46)
	at Operation.BaseLanding.testCloseAppSwitch(BaseLanding.java:59)
	at Runner.LandingITest.closeApp(LandingITest.java:46)
	at Operation.BaseLanding.testCloseAppSwitch(BaseLanding.java:59)
	at Runner.LandingITest.closeApp(LandingITest.java:46)
	at Operation.BaseLanding.testCloseAppSwitch(BaseLanding.java:59)
	at Runner.LandingITest.closeApp(LandingITest.java:46)
	at Operation.BaseLanding.testCloseAppSwitch(BaseLanding.java:59)
	at Runner.LandingITest.closeApp(LandingITest.java:46)
	at Operation.BaseLanding.testCloseAppSwitch(BaseLanding.java:59)
	at Runner.LandingITest.closeApp(LandingITest.java:46)
	at Operation.BaseLanding.testCloseAppSwitch(BaseLanding.java:59)
	at Runner.LandingITest.closeApp(LandingITest.java:46)
	at Operation.BaseLanding.testCloseAppSwitch(BaseLanding.java:59)
	at Runner.LandingITest.closeApp(LandingITest.java:46)
	at Operation.BaseLanding.testCloseAppSwitch(BaseLanding.java:59)
	at Runner.LandingITest.closeApp(LandingITest.java:46)
	at Operation.BaseLanding.testCloseAppSwitch(BaseLanding.java:59)
	at Runner.LandingITest.closeApp(LandingITest.java:46)
	at Operation.BaseLanding.testCloseAppSwitch(BaseLanding.java:59)
	at Runner.LandingITest.closeApp(LandingITest.java:46)
	at Operation.BaseLanding.testCloseAppSwitch(BaseLanding.java:59)
	at Runner.LandingITest.closeApp(LandingITest.java:46)
	at Operation.BaseLanding.testCloseAppSwitch(BaseLanding.java:59)
	at Runner.LandingITest.closeApp(LandingITest.java:46)
	at Operation.BaseLanding.testCloseAppSwitch(BaseLanding.java:59)
	at Runner.LandingITest.closeApp(LandingITest.java:46)
	at Operation.BaseLanding.testCloseAppSwitch(BaseLanding.java:59)
	at Runner.LandingITest.closeApp(LandingITest.java:46)
	at Operation.BaseLanding.testCloseAppSwitch(BaseLanding.java:59)
	at Runner.LandingITest.closeApp(LandingITest.java:46)
	at Operation.BaseLanding.testCloseAppSwitch(BaseLanding.java:59)
	at Runner.LandingITest.closeApp(LandingITest.java:46)
	at Operation.BaseLanding.testCloseAppSwitch(BaseLanding.java:59)
	at Runner.LandingITest.closeApp(LandingITest.java:46)
	at Operation.BaseLanding.testCloseAppSwitch(BaseLanding.java:59)
	at Runner.LandingITest.closeApp(LandingITest.java:46)
	at Operation.BaseLanding.testCloseAppSwitch(BaseLanding.java:59)
	at Runner.LandingITest.closeApp(LandingITest.java:46)
	at Operation.BaseLanding.testCloseAppSwitch(BaseLanding.java:59)
	at Runner.LandingITest.closeApp(LandingITest.java:46)
	at Operation.BaseLanding.testCloseAppSwitch(BaseLanding.java:59)
	at Runner.LandingITest.closeApp(LandingITest.java:46)
	at Operation.BaseLanding.testCloseAppSwitch(BaseLanding.java:59)
	at Runner.LandingITest.closeApp(LandingITest.java:46)
	at Operation.BaseLanding.testCloseAppSwitch(BaseLanding.java:59)
	at Runner.LandingITest.closeApp(LandingITest.java:46)
	at Operation.BaseLanding.testCloseAppSwitch(BaseLanding.java:59)
	at Runner.LandingITest.closeApp(LandingITest.java:46)
	at Operation.BaseLanding.testCloseAppSwitch(BaseLanding.java:59)
	at Runner.LandingITest.closeApp(LandingITest.java:46)
	at Operation.BaseLanding.testCloseAppSwitch(BaseLanding.java:59)
	at Runner.LandingITest.closeApp(LandingITest.java:46)
	at Operation.BaseLanding.testCloseAppSwitch(BaseLanding.java:59)
	at Runner.LandingITest.closeApp(LandingITest.java:46)
	at Operation.BaseLanding.testCloseAppSwitch(BaseLanding.java:59)
	at Runner.LandingITest.closeApp(LandingITest.java:46)
	at Operation.BaseLanding.testCloseAppSwitch(BaseLanding.java:59)
	at Runner.LandingITest.closeApp(LandingITest.java:46)
	at Operation.BaseLanding.testCloseAppSwitch(BaseLanding.java:59)
	at Runner.LandingITest.closeApp(LandingITest.java:46)
	at Operation.BaseLanding.testCloseAppSwitch(BaseLanding.java:59)
	at Runner.LandingITest.closeApp(LandingITest.java:46)
	at Operation.BaseLanding.testCloseAppSwitch(BaseLanding.java:59)
	at Runner.LandingITest.closeApp(LandingITest.java:46)
	at Operation.BaseLanding.testCloseAppSwitch(BaseLanding.java:59)
	at Runner.LandingITest.closeApp(LandingITest.java:46)
	at Operation.BaseLanding.testCloseAppSwitch(BaseLanding.java:59)
	at Runner.LandingITest.closeApp(LandingITest.java:46)
	at Operation.BaseLanding.testCloseAppSwitch(BaseLanding.java:59)
	at Runner.LandingITest.closeApp(LandingITest.java:46)
	at Operation.BaseLanding.testCloseAppSwitch(BaseLanding.java:59)
	at Runner.LandingITest.closeApp(LandingITest.java:46)
	at Operation.BaseLanding.testCloseAppSwitch(BaseLanding.java:59)
	at Runner.LandingITest.closeApp(LandingITest.java:46)
	at Operation.BaseLanding.testCloseAppSwitch(BaseLanding.java:59)
	at Runner.LandingITest.closeApp(LandingITest.java:46)
	at Operation.BaseLanding.testCloseAppSwitch(BaseLanding.java:59)
	at Runner.LandingITest.closeApp(LandingITest.java:46)
	at Operation.BaseLanding.testCloseAppSwitch(BaseLanding.java:59)
	at Runner.LandingITest.closeApp(LandingITest.java:46)
	at Operation.BaseLanding.testCloseAppSwitch(BaseLanding.java:59)
	at Runner.LandingITest.closeApp(LandingITest.java:46)
	at Operation.BaseLanding.testCloseAppSwitch(BaseLanding.java:59)
	at Runner.LandingITest.closeApp(LandingITest.java:46)
	at Operation.BaseLanding.testCloseAppSwitch(BaseLanding.java:59)
	at Runner.LandingITest.closeApp(LandingITest.java:46)
	at Operation.BaseLanding.testCloseAppSwitch(BaseLanding.java:59)
	at Runner.LandingITest.closeApp(LandingITest.java:46)
	at Operation.BaseLanding.testCloseAppSwitch(BaseLanding.java:59)
	at Runner.LandingITest.closeApp(LandingITest.java:46)
	at Operation.BaseLanding.testCloseAppSwitch(BaseLanding.java:59)
	at Runner.LandingITest.closeApp(LandingITest.java:46)
	at Operation.BaseLanding.testCloseAppSwitch(BaseLanding.java:59)
	at Runner.LandingITest.closeApp(LandingITest.java:46)
	at Operation.BaseLanding.testCloseAppSwitch(BaseLanding.java:59)
	at Runner.LandingITest.closeApp(LandingITest.java:46)
	at Operation.BaseLanding.testCloseAppSwitch(BaseLanding.java:59)
	at Runner.LandingITest.closeApp(LandingITest.java:46)
	at Operation.BaseLanding.testCloseAppSwitch(BaseLanding.java:59)
	at Runner.LandingITest.closeApp(LandingITest.java:46)
	at Operation.BaseLanding.testCloseAppSwitch(BaseLanding.java:59)
	at Runner.LandingITest.closeApp(LandingITest.java:46)
	at Operation.BaseLanding.testCloseAppSwitch(BaseLanding.java:59)
	at Runner.LandingITest.closeApp(LandingITest.java:46)
	at Operation.BaseLanding.testCloseAppSwitch(BaseLanding.java:59)
	at Runner.LandingITest.closeApp(LandingITest.java:46)
	at Operation.BaseLanding.testCloseAppSwitch(BaseLanding.java:59)
	at Runner.LandingITest.closeApp(LandingITest.java:46)
	at Operation.BaseLanding.testCloseAppSwitch(BaseLanding.java:59)
	at Runner.LandingITest.closeApp(LandingITest.java:46)
	at Operation.BaseLanding.testCloseAppSwitch(BaseLanding.java:59)
	at Runner.LandingITest.closeApp(LandingITest.java:46)
	at Operation.BaseLanding.testCloseAppSwitch(BaseLanding.java:59)
	at Runner.LandingITest.closeApp(LandingITest.java:46)
	at Operation.BaseLanding.testCloseAppSwitch(BaseLanding.java:59)
	at Runner.LandingITest.closeApp(LandingITest.java:46)
	at Operation.BaseLanding.testCloseAppSwitch(BaseLanding.java:59)
	at Runner.LandingITest.closeApp(LandingITest.java:46)
	at Operation.BaseLanding.testCloseAppSwitch(BaseLanding.java:59)
	at Runner.LandingITest.closeApp(LandingITest.java:46)
	at Operation.BaseLanding.testCloseAppSwitch(BaseLanding.java:59)
	at Runner.LandingITest.closeApp(LandingITest.java:46)
	at Operation.BaseLanding.testCloseAppSwitch(BaseLanding.java:59)
	at Runner.LandingITest.closeApp(LandingITest.java:46)
	at Operation.BaseLanding.testCloseAppSwitch(BaseLanding.java:59)
	at Runner.LandingITest.closeApp(LandingITest.java:46)
	at Operation.BaseLanding.testCloseAppSwitch(BaseLanding.java:59)
	at Runner.LandingITest.closeApp(LandingITest.java:46)
	at Operation.BaseLanding.testCloseAppSwitch(BaseLanding.java:59)
	at Runner.LandingITest.closeApp(LandingITest.java:46)
	at Operation.BaseLanding.testCloseAppSwitch(BaseLanding.java:59)
	at Runner.LandingITest.closeApp(LandingITest.java:46)
	at Operation.BaseLanding.testCloseAppSwitch(BaseLanding.java:59)
	at Runner.LandingITest.closeApp(LandingITest.java:46)
	at Operation.BaseLanding.testCloseAppSwitch(BaseLanding.java:59)
	at Runner.LandingITest.closeApp(LandingITest.java:46)
	at Operation.BaseLanding.testCloseAppSwitch(BaseLanding.java:59)
	at Runner.LandingITest.closeApp(LandingITest.java:46)
	at Operation.BaseLanding.testCloseAppSwitch(BaseLanding.java:59)
	at Runner.LandingITest.closeApp(LandingITest.java:46)
	at Operation.BaseLanding.testCloseAppSwitch(BaseLanding.java:59)
	at Runner.LandingITest.closeApp(LandingITest.java:46)
	at Operation.BaseLanding.testCloseAppSwitch(BaseLanding.java:59)
	at Runner.LandingITest.closeApp(LandingITest.java:46)
	at Operation.BaseLanding.testCloseAppSwitch(BaseLanding.java:59)
	at Runner.LandingITest.closeApp(LandingITest.java:46)
	at Operation.BaseLanding.testCloseAppSwitch(BaseLanding.java:59)
	at Runner.LandingITest.closeApp(LandingITest.java:46)
	at Operation.BaseLanding.testCloseAppSwitch(BaseLanding.java:59)
	at Runner.LandingITest.closeApp(LandingITest.java:46)
	at Operation.BaseLanding.testCloseAppSwitch(BaseLanding.java:59)
	at Runner.LandingITest.closeApp(LandingITest.java:46)
	at Operation.BaseLanding.testCloseAppSwitch(BaseLanding.java:59)
	at Runner.LandingITest.closeApp(LandingITest.java:46)
	at Operation.BaseLanding.testCloseAppSwitch(BaseLanding.java:59)
	at Runner.LandingITest.closeApp(LandingITest.java:46)
	at Operation.BaseLanding.testCloseAppSwitch(BaseLanding.java:59)
	at Runner.LandingITest.closeApp(LandingITest.java:46)
	at Operation.BaseLanding.testCloseAppSwitch(BaseLanding.java:59)
	at Runner.LandingITest.closeApp(LandingITest.java:46)
	at Operation.BaseLanding.testCloseAppSwitch(BaseLanding.java:59)
	at Runner.LandingITest.closeApp(LandingITest.java:46)
	at Operation.BaseLanding.testCloseAppSwitch(BaseLanding.java:59)
	at Runner.LandingITest.closeApp(LandingITest.java:46)
	at Operation.BaseLanding.testCloseAppSwitch(BaseLanding.java:59)
	at Runner.LandingITest.closeApp(LandingITest.java:46)
	at Operation.BaseLanding.testCloseAppSwitch(BaseLanding.java:59)
	at Runner.LandingITest.closeApp(LandingITest.java:46)
	at Operation.BaseLanding.testCloseAppSwitch(BaseLanding.java:59)
	at Runner.LandingITest.closeApp(LandingITest.java:46)
	at Operation.BaseLanding.testCloseAppSwitch(BaseLanding.java:59)
	at Runner.LandingITest.closeApp(LandingITest.java:46)
	at Operation.BaseLanding.testCloseAppSwitch(BaseLanding.java:59)
	at Runner.LandingITest.closeApp(LandingITest.java:46)
	at Operation.BaseLanding.testCloseAppSwitch(BaseLanding.java:59)
	at Runner.LandingITest.closeApp(LandingITest.java:46)
	at Operation.BaseLanding.testCloseAppSwitch(BaseLanding.java:59)
	at Runner.LandingITest.closeApp(LandingITest.java:46)
	at Operation.BaseLanding.testCloseAppSwitch(BaseLanding.java:59)
	at Runner.LandingITest.closeApp(LandingITest.java:46)
	at Operation.BaseLanding.testCloseAppSwitch(BaseLanding.java:59)
	at Runner.LandingITest.closeApp(LandingITest.java:46)
	at Operation.BaseLanding.testCloseAppSwitch(BaseLanding.java:59)
	at Runner.LandingITest.closeApp(LandingITest.java:46)
	at Operation.BaseLanding.testCloseAppSwitch(BaseLanding.java:59)
	at Runner.LandingITest.closeApp(LandingITest.java:46)
	at Operation.BaseLanding.testCloseAppSwitch(BaseLanding.java:59)
	at Runner.LandingITest.closeApp(LandingITest.java:46)
	at Operation.BaseLanding.testCloseAppSwitch(BaseLanding.java:59)
	at Runner.LandingITest.closeApp(LandingITest.java:46)
	at Operation.BaseLanding.testCloseAppSwitch(BaseLanding.java:59)
	at Runner.LandingITest.closeApp(LandingITest.java:46)
	at Operation.BaseLanding.testCloseAppSwitch(BaseLanding.java:59)
	at Runner.LandingITest.closeApp(LandingITest.java:46)
	at Operation.BaseLanding.testCloseAppSwitch(BaseLanding.java:59)
	at Runner.LandingITest.closeApp(LandingITest.java:46)
	at Operation.BaseLanding.testCloseAppSwitch(BaseLanding.java:59)
	at Runner.LandingITest.closeApp(LandingITest.java:46)
	at Operation.BaseLanding.testCloseAppSwitch(BaseLanding.java:59)
	at Runner.LandingITest.closeApp(LandingITest.java:46)
	at Operation.BaseLanding.testCloseAppSwitch(BaseLanding.java:59)
	at Runner.LandingITest.closeApp(LandingITest.java:46)
	at Operation.BaseLanding.testCloseAppSwitch(BaseLanding.java:59)
	at Runner.LandingITest.closeApp(LandingITest.java:46)
	at Operation.BaseLanding.testCloseAppSwitch(BaseLanding.java:59)
	at Runner.LandingITest.closeApp(LandingITest.java:46)
	at Operation.BaseLanding.testCloseAppSwitch(BaseLanding.java:59)
	at Runner.LandingITest.closeApp(LandingITest.java:46)
	at Operation.BaseLanding.testCloseAppSwitch(BaseLanding.java:59)
	at Runner.LandingITest.closeApp(LandingITest.java:46)
	at Operation.BaseLanding.testCloseAppSwitch(BaseLanding.java:59)
	at Runner.LandingITest.closeApp(LandingITest.java:46)
	at Operation.BaseLanding.testCloseAppSwitch(BaseLanding.java:59)
	at Runner.LandingITest.closeApp(LandingITest.java:46)
	at Operation.BaseLanding.testCloseAppSwitch(BaseLanding.java:59)
	at Runner.LandingITest.closeApp(LandingITest.java:46)
	at Operation.BaseLanding.testCloseAppSwitch(BaseLanding.java:59)
	at Runner.LandingITest.closeApp(LandingITest.java:46)
	at Operation.BaseLanding.testCloseAppSwitch(BaseLanding.java:59)
	at Runner.LandingITest.closeApp(LandingITest.java:46)
	at Operation.BaseLanding.testCloseAppSwitch(BaseLanding.java:59)
	at Runner.LandingITest.closeApp(LandingITest.java:46)
	at Operation.BaseLanding.testCloseAppSwitch(BaseLanding.java:59)
	at Runner.LandingITest.closeApp(LandingITest.java:46)
	at Operation.BaseLanding.testCloseAppSwitch(BaseLanding.java:59)
	at Runner.LandingITest.closeApp(LandingITest.java:46)
	at Operation.BaseLanding.testCloseAppSwitch(BaseLanding.java:59)
	at Runner.LandingITest.closeApp(LandingITest.java:46)
	at Operation.BaseLanding.testCloseAppSwitch(BaseLanding.java:59)
	at Runner.LandingITest.closeApp(LandingITest.java:46)
	at Operation.BaseLanding.testCloseAppSwitch(BaseLanding.java:59)
	at Runner.LandingITest.closeApp(LandingITest.java:46)
	at Operation.BaseLanding.testCloseAppSwitch(BaseLanding.java:59)
	at Runner.LandingITest.closeApp(LandingITest.java:46)
	at Operation.BaseLanding.testCloseAppSwitch(BaseLanding.java:59)
	at Runner.LandingITest.closeApp(LandingITest.java:46)
	at Operation.BaseLanding.testCloseAppSwitch(BaseLanding.java:59)
	at Runner.LandingITest.closeApp(LandingITest.java:46)
	at Operation.BaseLanding.testCloseAppSwitch(BaseLanding.java:59)
	at Runner.LandingITest.closeApp(LandingITest.java:46)
	at Operation.BaseLanding.testCloseAppSwitch(BaseLanding.java:59)
	at Runner.LandingITest.closeApp(LandingITest.java:46)
	at Operation.BaseLanding.testCloseAppSwitch(BaseLanding.java:59)
	at Runner.LandingITest.closeApp(LandingITest.java:46)
	at Operation.BaseLanding.testCloseAppSwitch(BaseLanding.java:59)
	at Runner.LandingITest.closeApp(LandingITest.java:46)
	at Operation.BaseLanding.testCloseAppSwitch(BaseLanding.java:59)
	at Runner.LandingITest.closeApp(LandingITest.java:46)
	at Operation.BaseLanding.testCloseAppSwitch(BaseLanding.java:59)
	at Runner.LandingITest.closeApp(LandingITest.java:46)
	at Operation.BaseLanding.testCloseAppSwitch(BaseLanding.java:59)
	at Runner.LandingITest.closeApp(LandingITest.java:46)
	at Operation.BaseLanding.testCloseAppSwitch(BaseLanding.java:59)
	at Runner.LandingITest.closeApp(LandingITest.java:46)
	at Operation.BaseLanding.testCloseAppSwitch(BaseLanding.java:59)
	at Runner.LandingITest.closeApp(LandingITest.java:46)
	at Operation.BaseLanding.testCloseAppSwitch(BaseLanding.java:59)
	at Runner.LandingITest.closeApp(LandingITest.java:46)
	at Operation.BaseLanding.testCloseAppSwitch(BaseLanding.java:59)
	at Runner.LandingITest.closeApp(LandingITest.java:46)
	at Operation.BaseLanding.testCloseAppSwitch(BaseLanding.java:59)
	at Runner.LandingITest.closeApp(LandingITest.java:46)
	at Operation.BaseLanding.testCloseAppSwitch(BaseLanding.java:59)
	at Runner.LandingITest.closeApp(LandingITest.java:46)
	at Operation.BaseLanding.testCloseAppSwitch(BaseLanding.java:59)
	at Runner.LandingITest.closeApp(LandingITest.java:46)
	at Operation.BaseLanding.testCloseAppSwitch(BaseLanding.java:59)
	at Runner.LandingITest.closeApp(LandingITest.java:46)
	at Operation.BaseLanding.testCloseAppSwitch(BaseLanding.java:59)
	at Runner.LandingITest.closeApp(LandingITest.java:46)
	at Operation.BaseLanding.testCloseAppSwitch(BaseLanding.java:59)
	at Runner.LandingITest.closeApp(LandingITest.java:46)
	at Operation.BaseLanding.testCloseAppSwitch(BaseLanding.java:59)
	at Runner.LandingITest.closeApp(LandingITest.java:46)
	at Operation.BaseLanding.testCloseAppSwitch(BaseLanding.java:59)
	at Runner.LandingITest.closeApp(LandingITest.java:46)
	at Operation.BaseLanding.testCloseAppSwitch(BaseLanding.java:59)
	at Runner.LandingITest.closeApp(LandingITest.java:46)
	at Operation.BaseLanding.testCloseAppSwitch(BaseLanding.java:59)
	at Runner.LandingITest.closeApp(LandingITest.java:46)
	at Operation.BaseLanding.testCloseAppSwitch(BaseLanding.java:59)
	at Runner.LandingITest.closeApp(LandingITest.java:46)
	at Operation.BaseLanding.testCloseAppSwitch(BaseLanding.java:59)
	at Runner.LandingITest.closeApp(LandingITest.java:46)
	at Operation.BaseLanding.testCloseAppSwitch(BaseLanding.java:59)
	at Runner.LandingITest.closeApp(LandingITest.java:46)
	at Operation.BaseLanding.testCloseAppSwitch(BaseLanding.java:59)
	at Runner.LandingITest.closeApp(LandingITest.java:46)
	at Operation.BaseLanding.testCloseAppSwitch(BaseLanding.java:59)
	at Runner.LandingITest.closeApp(LandingITest.java:46)
	at Operation.BaseLanding.testCloseAppSwitch(BaseLanding.java:59)
	at Runner.LandingITest.closeApp(LandingITest.java:46)
	at Operation.BaseLanding.testCloseAppSwitch(BaseLanding.java:59)
	at Runner.LandingITest.closeApp(LandingITest.java:46)
	at Operation.BaseLanding.testCloseAppSwitch(BaseLanding.java:59)
	at Runner.LandingITest.closeApp(LandingITest.java:46)
	at Operation.BaseLanding.testCloseAppSwitch(BaseLanding.java:59)
	at Runner.LandingITest.closeApp(LandingITest.java:46)
	at Operation.BaseLanding.testCloseAppSwitch(BaseLanding.java:59)
	at Runner.LandingITest.closeApp(LandingITest.java:46)
	at Operation.BaseLanding.testCloseAppSwitch(BaseLanding.java:59)
	at Runner.LandingITest.closeApp(LandingITest.java:46)
	at Operation.BaseLanding.testCloseAppSwitch(BaseLanding.java:59)
	at Runner.LandingITest.closeApp(LandingITest.java:46)
	at Operation.BaseLanding.testCloseAppSwitch(BaseLanding.java:59)
	at Runner.LandingITest.closeApp(LandingITest.java:46)
	at Operation.BaseLanding.testCloseAppSwitch(BaseLanding.java:59)
	at Runner.LandingITest.closeApp(LandingITest.java:46)
	at Operation.BaseLanding.testCloseAppSwitch(BaseLanding.java:59)
	at Runner.LandingITest.closeApp(LandingITest.java:46)
	at Operation.BaseLanding.testCloseAppSwitch(BaseLanding.java:59)
	at Runner.LandingITest.closeApp(LandingITest.java:46)
	at Operation.BaseLanding.testCloseAppSwitch(BaseLanding.java:59)
	at Runner.LandingITest.closeApp(LandingITest.java:46)
	at Operation.BaseLanding.testCloseAppSwitch(BaseLanding.java:59)
	at Runner.LandingITest.closeApp(LandingITest.java:46)
	at Operation.BaseLanding.testCloseAppSwitch(BaseLanding.java:59)
	at Runner.LandingITest.closeApp(LandingITest.java:46)
	at Operation.BaseLanding.testCloseAppSwitch(BaseLanding.java:59)
	at Runner.LandingITest.closeApp(LandingITest.java:46)
	at Operation.BaseLanding.testCloseAppSwitch(BaseLanding.java:59)
	at Runner.LandingITest.closeApp(LandingITest.java:46)
	at Operation.BaseLanding.testCloseAppSwitch(BaseLanding.java:59)
	at Runner.LandingITest.closeApp(LandingITest.java:46)
	at Operation.BaseLanding.testCloseAppSwitch(BaseLanding.java:59)
	at Runner.LandingITest.closeApp(LandingITest.java:46)
	at Operation.BaseLanding.testCloseAppSwitch(BaseLanding.java:59)
	at Runner.LandingITest.closeApp(LandingITest.java:46)
	at Operation.BaseLanding.testCloseAppSwitch(BaseLanding.java:59)
	at Runner.LandingITest.closeApp(LandingITest.java:46)
	at Operation.BaseLanding.testCloseAppSwitch(BaseLanding.java:59)
	at Runner.LandingITest.closeApp(LandingITest.java:46)
	at Operation.BaseLanding.testCloseAppSwitch(BaseLanding.java:59)
	at Runner.LandingITest.closeApp(LandingITest.java:46)
	at Operation.BaseLanding.testCloseAppSwitch(BaseLanding.java:59)
	at Runner.LandingITest.closeApp(LandingITest.java:46)
	at Operation.BaseLanding.testCloseAppSwitch(BaseLanding.java:59)
	at Runner.LandingITest.closeApp(LandingITest.java:46)
	at Operation.BaseLanding.testCloseAppSwitch(BaseLanding.java:59)
	at Runner.LandingITest.closeApp(LandingITest.java:46)
	at Operation.BaseLanding.testCloseAppSwitch(BaseLanding.java:59)
	at Runner.LandingITest.closeApp(LandingITest.java:46)
	at Operation.BaseLanding.testCloseAppSwitch(BaseLanding.java:59)
	at Runner.LandingITest.closeApp(LandingITest.java:46)
	at Operation.BaseLanding.testCloseAppSwitch(BaseLanding.java:59)
	at Runner.LandingITest.closeApp(LandingITest.java:46)
	at Operation.BaseLanding.testCloseAppSwitch(BaseLanding.java:59)
	at Runner.LandingITest.closeApp(LandingITest.java:46)
	at Operation.BaseLanding.testCloseAppSwitch(BaseLanding.java:59)
	at Runner.LandingITest.closeApp(LandingITest.java:46)
	at Operation.BaseLanding.testCloseAppSwitch(BaseLanding.java:59)
	at Runner.LandingITest.closeApp(LandingITest.java:46)
	at Operation.BaseLanding.testCloseAppSwitch(BaseLanding.java:59)
	at Runner.LandingITest.closeApp(LandingITest.java:46)
	at Operation.BaseLanding.testCloseAppSwitch(BaseLanding.java:59)
	at Runner.LandingITest.closeApp(LandingITest.java:46)
	at Operation.BaseLanding.testCloseAppSwitch(BaseLanding.java:59)
	at Runner.LandingITest.closeApp(LandingITest.java:46)
	at Operation.BaseLanding.testCloseAppSwitch(BaseLanding.java:59)
	at Runner.LandingITest.closeApp(LandingITest.java:46)
	at Operation.BaseLanding.testCloseAppSwitch(BaseLanding.java:59)
	at Runner.LandingITest.closeApp(LandingITest.java:46)
	at Operation.BaseLanding.testCloseAppSwitch(BaseLanding.java:59)
	at Runner.LandingITest.closeApp(LandingITest.java:46)
	at Operation.BaseLanding.testCloseAppSwitch(BaseLanding.java:59)
	at Runner.LandingITest.closeApp(LandingITest.java:46)
	at Operation.BaseLanding.testCloseAppSwitch(BaseLanding.java:59)
	at Runner.LandingITest.closeApp(LandingITest.java:46)
	at Operation.BaseLanding.testCloseAppSwitch(BaseLanding.java:59)
	at Runner.LandingITest.closeApp(LandingITest.java:46)
	at Operation.BaseLanding.testCloseAppSwitch(BaseLanding.java:59)
	at Runner.LandingITest.closeApp(LandingITest.java:46)
	at Operation.BaseLanding.testCloseAppSwitch(BaseLanding.java:59)
	at Runner.LandingITest.closeApp(LandingITest.java:46)
	at Operation.BaseLanding.testCloseAppSwitch(BaseLanding.java:59)
	at Runner.LandingITest.closeApp(LandingITest.java:46)
	at Operation.BaseLanding.testCloseAppSwitch(BaseLanding.java:59)
	at Runner.LandingITest.closeApp(LandingITest.java:46)
	at Operation.BaseLanding.testCloseAppSwitch(BaseLanding.java:59)
	at Runner.LandingITest.closeApp(LandingITest.java:46)
	at Operation.BaseLanding.testCloseAppSwitch(BaseLanding.java:59)
	at Runner.LandingITest.closeApp(LandingITest.java:46)
	at Operation.BaseLanding.testCloseAppSwitch(BaseLanding.java:59)
	at Runner.LandingITest.closeApp(LandingITest.java:46)
	at Operation.BaseLanding.testCloseAppSwitch(BaseLanding.java:59)
	at Runner.LandingITest.closeApp(LandingITest.java:46)
	at Operation.BaseLanding.testCloseAppSwitch(BaseLanding.java:59)
	at Runner.LandingITest.closeApp(LandingITest.java:46)
	at Operation.BaseLanding.testCloseAppSwitch(BaseLanding.java:59)
	at Runner.LandingITest.closeApp(LandingITest.java:46)
	at Operation.BaseLanding.testCloseAppSwitch(BaseLanding.java:59)
	at Runner.LandingITest.closeApp(LandingITest.java:46)
	at Operation.BaseLanding.testCloseAppSwitch(BaseLanding.java:59)
	at Runner.LandingITest.closeApp(LandingITest.java:46)
	at Operation.BaseLanding.testCloseAppSwitch(BaseLanding.java:59)
	at Runner.LandingITest.closeApp(LandingITest.java:46)
	at Operation.BaseLanding.testCloseAppSwitch(BaseLanding.java:59)
	at Runner.LandingITest.closeApp(LandingITest.java:46)
	at Operation.BaseLanding.testCloseAppSwitch(BaseLanding.java:59)
	at Runner.LandingITest.closeApp(LandingITest.java:46)
	at Operation.BaseLanding.testCloseAppSwitch(BaseLanding.java:59)
	at Runner.LandingITest.closeApp(LandingITest.java:46)
	at Operation.BaseLanding.testCloseAppSwitch(BaseLanding.java:59)
	at Runner.LandingITest.closeApp(LandingITest.java:46)
	at Operation.BaseLanding.testCloseAppSwitch(BaseLanding.java:59)
	at Runner.LandingITest.closeApp(LandingITest.java:46)
	at Operation.BaseLanding.testCloseAppSwitch(BaseLanding.java:59)
	at Runner.LandingITest.closeApp(LandingITest.java:46)
	at Operation.BaseLanding.testCloseAppSwitch(BaseLanding.java:59)
	at Runner.LandingITest.closeApp(LandingITest.java:46)
	at Operation.BaseLanding.testCloseAppSwitch(BaseLanding.java:59)
	at Runner.LandingITest.closeApp(LandingITest.java:46)
	at Operation.BaseLanding.testCloseAppSwitch(BaseLanding.java:59)
	at Runner.LandingITest.closeApp(LandingITest.java:46)
	at Operation.BaseLanding.testCloseAppSwitch(BaseLanding.java:59)
	at Runner.LandingITest.closeApp(LandingITest.java:46)
	at Operation.BaseLanding.testCloseAppSwitch(BaseLanding.java:59)
	at Runner.LandingITest.closeApp(LandingITest.java:46)
	at Operation.BaseLanding.testCloseAppSwitch(BaseLanding.java:59)
	at Runner.LandingITest.closeApp(LandingITest.java:46)
	at Operation.BaseLanding.testCloseAppSwitch(BaseLanding.java:59)
	at Runner.LandingITest.closeApp(LandingITest.java:46)
	at Operation.BaseLanding.testCloseAppSwitch(BaseLanding.java:59)
	at Runner.LandingITest.closeApp(LandingITest.java:46)
	at Operation.BaseLanding.testCloseAppSwitch(BaseLanding.java:59)
	at Runner.LandingITest.closeApp(LandingITest.java:46)
	at Operation.BaseLanding.testCloseAppSwitch(BaseLanding.java:59)
	at Runner.LandingITest.closeApp(LandingITest.java:46)
	at Operation.BaseLanding.testCloseAppSwitch(BaseLanding.java:59)
	at Runner.LandingITest.closeApp(LandingITest.java:46)
	at Operation.BaseLanding.testCloseAppSwitch(BaseLanding.java:59)
	at Runner.LandingITest.closeApp(LandingITest.java:46)
	at Operation.BaseLanding.testCloseAppSwitch(BaseLanding.java:59)
	at Runner.LandingITest.closeApp(LandingITest.java:46)
	at Operation.BaseLanding.testCloseAppSwitch(BaseLanding.java:59)
	at Runner.LandingITest.closeApp(LandingITest.java:46)
	at Operation.BaseLanding.testCloseAppSwitch(BaseLanding.java:59)
	at Runner.LandingITest.closeApp(LandingITest.java:46)
	at Operation.BaseLanding.testCloseAppSwitch(BaseLanding.java:59)
	at Runner.LandingITest.closeApp(LandingITest.java:46)
	at Operation.BaseLanding.testCloseAppSwitch(BaseLanding.java:59)
	at Runner.LandingITest.closeApp(LandingITest.java:46)
	at Operation.BaseLanding.testCloseAppSwitch(BaseLanding.java:59)
	at Runner.LandingITest.closeApp(LandingITest.java:46)
	at Operation.BaseLanding.testCloseAppSwitch(BaseLanding.java:59)
	at Runner.LandingITest.closeApp(LandingITest.java:46)
	at Operation.BaseLanding.testCloseAppSwitch(BaseLanding.java:59)
	at Runner.LandingITest.closeApp(LandingITest.java:46)
	at Operation.BaseLanding.testCloseAppSwitch(BaseLanding.java:59)
	at Runner.LandingITest.closeApp(LandingITest.java:46)
	at Operation.BaseLanding.testCloseAppSwitch(BaseLanding.java:59)
	at Runner.LandingITest.closeApp(LandingITest.java:46)
	at Operation.BaseLanding.testCloseAppSwitch(BaseLanding.java:59)
	at Runner.LandingITest.closeApp(LandingITest.java:46)
	at Operation.BaseLanding.testCloseAppSwitch(BaseLanding.java:59)
	at Runner.LandingITest.closeApp(LandingITest.java:46)
	at Operation.BaseLanding.testCloseAppSwitch(BaseLanding.java:59)
	at Runner.LandingITest.closeApp(LandingITest.java:46)
	at Operation.BaseLanding.testCloseAppSwitch(BaseLanding.java:59)
	at Runner.LandingITest.closeApp(LandingITest.java:46)
	at Operation.BaseLanding.testCloseAppSwitch(BaseLanding.java:59)
	at Runner.LandingITest.closeApp(LandingITest.java:46)
	at Operation.BaseLanding.testCloseAppSwitch(BaseLanding.java:59)
	at Runner.LandingITest.closeApp(LandingITest.java:46)
	at Operation.BaseLanding.testCloseAppSwitch(BaseLanding.java:59)
	at Runner.LandingITest.closeApp(LandingITest.java:46)
	at Operation.BaseLanding.testCloseAppSwitch(BaseLanding.java:59)
	at Runner.LandingITest.closeApp(LandingITest.java:46)
	at Operation.BaseLanding.testCloseAppSwitch(BaseLanding.java:59)
	at Runner.LandingITest.closeApp(LandingITest.java:46)
	at Operation.BaseLanding.testCloseAppSwitch(BaseLanding.java:59)
	at Runner.LandingITest.closeApp(LandingITest.java:46)
	at Operation.BaseLanding.testCloseAppSwitch(BaseLanding.java:59)
	at Runner.LandingITest.closeApp(LandingITest.java:46)
	at Operation.BaseLanding.testCloseAppSwitch(BaseLanding.java:59)
	at Runner.LandingITest.closeApp(LandingITest.java:46)
	at Operation.BaseLanding.testCloseAppSwitch(BaseLanding.java:59)
	at Runner.LandingITest.closeApp(LandingITest.java:46)
	at Operation.BaseLanding.testCloseAppSwitch(BaseLanding.java:59)
	at Runner.LandingITest.closeApp(LandingITest.java:46)
	at Operation.BaseLanding.testCloseAppSwitch(BaseLanding.java:59)
	at Runner.LandingITest.closeApp(LandingITest.java:46)
	at Operation.BaseLanding.testCloseAppSwitch(BaseLanding.java:59)
	at Runner.LandingITest.closeApp(LandingITest.java:46)
	at Operation.BaseLanding.testCloseAppSwitch(BaseLanding.java:59)
	at Runner.LandingITest.closeApp(LandingITest.java:46)
	at Operation.BaseLanding.testCloseAppSwitch(BaseLanding.java:59)
	at Runner.LandingITest.closeApp(LandingITest.java:46)
	at Operation.BaseLanding.testCloseAppSwitch(BaseLanding.java:59)
	at Runner.LandingITest.closeApp(LandingITest.java:46)
	at Operation.BaseLanding.testCloseAppSwitch(BaseLanding.java:59)
	at Runner.LandingITest.closeApp(LandingITest.java:46)
	at Operation.BaseLanding.testCloseAppSwitch(BaseLanding.java:59)
	at Runner.LandingITest.closeApp(LandingITest.java:46)
	at Operation.BaseLanding.testCloseAppSwitch(BaseLanding.java:59)
	at Runner.LandingITest.closeApp(LandingITest.java:46)
	at Operation.BaseLanding.testCloseAppSwitch(BaseLanding.java:59)
	at Runner.LandingITest.closeApp(LandingITest.java:46)
	at Operation.BaseLanding.testCloseAppSwitch(BaseLanding.java:59)
	at Runner.LandingITest.closeApp(LandingITest.java:46)
	at Operation.BaseLanding.testCloseAppSwitch(BaseLanding.java:59)
	at Runner.LandingITest.closeApp(LandingITest.java:46)
	at Operation.BaseLanding.testCloseAppSwitch(BaseLanding.java:59)
	at Runner.LandingITest.closeApp(LandingITest.java:46)
	at Operation.BaseLanding.testCloseAppSwitch(BaseLanding.java:59)
	at Runner.LandingITest.closeApp(LandingITest.java:46)
	at Operation.BaseLanding.testCloseAppSwitch(BaseLanding.java:59)
	at Runner.LandingITest.closeApp(LandingITest.java:46)
	at Operation.BaseLanding.testCloseAppSwitch(BaseLanding.java:59)
	at Runner.LandingITest.closeApp(LandingITest.java:46)
	at Operation.BaseLanding.testCloseAppSwitch(BaseLanding.java:59)
	at Runner.LandingITest.closeApp(LandingITest.java:46)
	at Operation.BaseLanding.testCloseAppSwitch(BaseLanding.java:59)
	at Runner.LandingITest.closeApp(LandingITest.java:46)
	at Operation.BaseLanding.testCloseAppSwitch(BaseLanding.java:59)
	at Runner.LandingITest.closeApp(LandingITest.java:46)
	at Operation.BaseLanding.testCloseAppSwitch(BaseLanding.java:59)
	at Runner.LandingITest.closeApp(LandingITest.java:46)
	at Operation.BaseLanding.testCloseAppSwitch(BaseLanding.java:59)
	at Runner.LandingITest.closeApp(LandingITest.java:46)
	at Operation.BaseLanding.testCloseAppSwitch(BaseLanding.java:59)
	at Runner.LandingITest.closeApp(LandingITest.java:46)
	at Operation.BaseLanding.testCloseAppSwitch(BaseLanding.java:59)
	at Runner.LandingITest.closeApp(LandingITest.java:46)
	at Operation.BaseLanding.testCloseAppSwitch(BaseLanding.java:59)
	at Runner.LandingITest.closeApp(LandingITest.java:46)
	at Operation.BaseLanding.testCloseAppSwitch(BaseLanding.java:59)
	at Runner.LandingITest.closeApp(LandingITest.java:46)
	at Operation.BaseLanding.testCloseAppSwitch(BaseLanding.java:59)
	at Runner.LandingITest.closeApp(LandingITest.java:46)
	at Operation.BaseLanding.testCloseAppSwitch(BaseLanding.java:59)
	at Runner.LandingITest.closeApp(LandingITest.java:46)
	at Operation.BaseLanding.testCloseAppSwitch(BaseLanding.java:59)
	at Runner.LandingITest.closeApp(LandingITest.java:46)
	at Operation.BaseLanding.testCloseAppSwitch(BaseLanding.java:59)
	at Runner.LandingITest.closeApp(LandingITest.java:46)
	at Operation.BaseLanding.testCloseAppSwitch(BaseLanding.java:59)
	at Runner.LandingITest.closeApp(LandingITest.java:46)
	at Operation.BaseLanding.testCloseAppSwitch(BaseLanding.java:59)
	at Runner.LandingITest.closeApp(LandingITest.java:46)
	at Operation.BaseLanding.testCloseAppSwitch(BaseLanding.java:59)
	at Runner.LandingITest.closeApp(LandingITest.java:46)
	at Operation.BaseLanding.testCloseAppSwitch(BaseLanding.java:59)
	at Runner.LandingITest.closeApp(LandingITest.java:46)
	at Operation.BaseLanding.testCloseAppSwitch(BaseLanding.java:59)
	at Runner.LandingITest.closeApp(LandingITest.java:46)
	at Operation.BaseLanding.testCloseAppSwitch(BaseLanding.java:59)
	at Runner.LandingITest.closeApp(LandingITest.java:46)
	at Operation.BaseLanding.testCloseAppSwitch(BaseLanding.java:59)
	at Runner.LandingITest.closeApp(LandingITest.java:46)
	at Operation.BaseLanding.testCloseAppSwitch(BaseLanding.java:59)
	at Runner.LandingITest.closeApp(LandingITest.java:46)
	at Operation.BaseLanding.testCloseAppSwitch(BaseLanding.java:59)
	at Runner.LandingITest.closeApp(LandingITest.java:46)
	at Operation.BaseLanding.testCloseAppSwitch(BaseLanding.java:59)
	at Runner.LandingITest.closeApp(LandingITest.java:46)
	at Operation.BaseLanding.testCloseAppSwitch(BaseLanding.java:59)
	at Runner.LandingITest.closeApp(LandingITest.java:46)
	at Operation.BaseLanding.testCloseAppSwitch(BaseLanding.java:59)
	at Runner.LandingITest.closeApp(LandingITest.java:46)
	at Operation.BaseLanding.testCloseAppSwitch(BaseLanding.java:59)
	at Runner.LandingITest.closeApp(LandingITest.java:46)
	at Operation.BaseLanding.testCloseAppSwitch(BaseLanding.java:59)
	at Runner.LandingITest.closeApp(LandingITest.java:46)
	at Operation.BaseLanding.testCloseAppSwitch(BaseLanding.java:59)
	at Runner.LandingITest.closeApp(LandingITest.java:46)
	at Operation.BaseLanding.testCloseAppSwitch(BaseLanding.java:59)
	at Runner.LandingITest.closeApp(LandingITest.java:46)
	at Operation.BaseLanding.testCloseAppSwitch(BaseLanding.java:59)
	at Runner.LandingITest.closeApp(LandingITest.java:46)
	at Operation.BaseLanding.testCloseAppSwitch(BaseLanding.java:59)
	at Runner.LandingITest.closeApp(LandingITest.java:46)
	at Operation.BaseLanding.testCloseAppSwitch(BaseLanding.java:59)
	at Runner.LandingITest.closeApp(LandingITest.java:46)
	at Operation.BaseLanding.testCloseAppSwitch(BaseLanding.java:59)
	at Runner.LandingITest.closeApp(LandingITest.java:46)
	at Operation.BaseLanding.testCloseAppSwitch(BaseLanding.java:59)
	at Runner.LandingITest.closeApp(LandingITest.java:46)
	at Operation.BaseLanding.testCloseAppSwitch(BaseLanding.java:59)
	at Runner.LandingITest.closeApp(LandingITest.java:46)
	at Operation.BaseLanding.testCloseAppSwitch(BaseLanding.java:59)
	at Runner.LandingITest.closeApp(LandingITest.java:46)
	at Operation.BaseLanding.testCloseAppSwitch(BaseLanding.java:59)
	at Runner.LandingITest.closeApp(LandingITest.java:46)
	at Operation.BaseLanding.testCloseAppSwitch(BaseLanding.java:59)
	at Runner.LandingITest.closeApp(LandingITest.java:46)
	at Operation.BaseLanding.testCloseAppSwitch(BaseLanding.java:59)
	at Runner.LandingITest.closeApp(LandingITest.java:46)
	at Operation.BaseLanding.testCloseAppSwitch(BaseLanding.java:59)
	at Runner.LandingITest.closeApp(LandingITest.java:46)
	at Operation.BaseLanding.testCloseAppSwitch(BaseLanding.java:59)
	at Runner.LandingITest.closeApp(LandingITest.java:46)
	at Operation.BaseLanding.testCloseAppSwitch(BaseLanding.java:59)
	at Runner.LandingITest.closeApp(LandingITest.java:46)
	at Operation.BaseLanding.testCloseAppSwitch(BaseLanding.java:59)
	at Runner.LandingITest.closeApp(LandingITest.java:46)
	at Operation.BaseLanding.testCloseAppSwitch(BaseLanding.java:59)
	at Runner.LandingITest.closeApp(LandingITest.java:46)
	at Operation.BaseLanding.testCloseAppSwitch(BaseLanding.java:59)
	at Runner.LandingITest.closeApp(LandingITest.java:46)
	at Operation.BaseLanding.testCloseAppSwitch(BaseLanding.java:59)
	at Runner.LandingITest.closeApp(LandingITest.java:46)
	at Operation.BaseLanding.testCloseAppSwitch(BaseLanding.java:59)
	at Runner.LandingITest.closeApp(LandingITest.java:46)
	at Operation.BaseLanding.testCloseAppSwitch(BaseLanding.java:59)
	at Runner.LandingITest.closeApp(LandingITest.java:46)
	at Operation.BaseLanding.testCloseAppSwitch(BaseLanding.java:59)
	at Runner.LandingITest.closeApp(LandingITest.java:46)
	at Operation.BaseLanding.testCloseAppSwitch(BaseLanding.java:59)
	at Runner.LandingITest.closeApp(LandingITest.java:46)
	at Operation.BaseLanding.testCloseAppSwitch(BaseLanding.java:59)
	at Runner.LandingITest.closeApp(LandingITest.java:46)
	at Operation.BaseLanding.testCloseAppSwitch(BaseLanding.java:59)
	at Runner.LandingITest.closeApp(LandingITest.java:46)
	at Operation.BaseLanding.testCloseAppSwitch(BaseLanding.java:59)
	at Runner.LandingITest.closeApp(LandingITest.java:46)
	at Operation.BaseLanding.testCloseAppSwitch(BaseLanding.java:59)
	at Runner.LandingITest.closeApp(LandingITest.java:46)
	at Operation.BaseLanding.testCloseAppSwitch(BaseLanding.java:59)
	at Runner.LandingITest.closeApp(LandingITest.java:46)
	at Operation.BaseLanding.testCloseAppSwitch(BaseLanding.java:59)
	at Runner.LandingITest.closeApp(LandingITest.java:46)
	at Operation.BaseLanding.testCloseAppSwitch(BaseLanding.java:59)
	at Runner.LandingITest.closeApp(LandingITest.java:46)
	at Operation.BaseLanding.testCloseAppSwitch(BaseLanding.java:59)
	at Runner.LandingITest.closeApp(LandingITest.java:46)
	at Operation.BaseLanding.testCloseAppSwitch(BaseLanding.java:59)
	at Runner.LandingITest.closeApp(LandingITest.java:46)
	at Operation.BaseLanding.testCloseAppSwitch(BaseLanding.java:59)
	at Runner.LandingITest.closeApp(LandingITest.java:46)
	at Operation.BaseLanding.testCloseAppSwitch(BaseLanding.java:59)
	at Runner.LandingITest.closeApp(LandingITest.java:46)
	at Operation.BaseLanding.testCloseAppSwitch(BaseLanding.java:59)
	at Runner.LandingITest.closeApp(LandingITest.java:46)
	at Operation.BaseLanding.testCloseAppSwitch(BaseLanding.java:59)
	at Runner.LandingITest.closeApp(LandingITest.java:46)
	at Operation.BaseLanding.testCloseAppSwitch(BaseLanding.java:59)
	at Runner.LandingITest.closeApp(LandingITest.java:46)
	at Operation.BaseLanding.testCloseAppSwitch(BaseLanding.java:59)
	at Runner.LandingITest.closeApp(LandingITest.java:46)
	at Operation.BaseLanding.testCloseAppSwitch(BaseLanding.java:59)
	at Runner.LandingITest.closeApp(LandingITest.java:46)
	at Operation.BaseLanding.testCloseAppSwitch(BaseLanding.java:59)
	at Runner.LandingITest.closeApp(LandingITest.java:46)
	at Operation.BaseLanding.testCloseAppSwitch(BaseLanding.java:59)
	at Runner.LandingITest.closeApp(LandingITest.java:46)
	at Operation.BaseLanding.testCloseAppSwitch(BaseLanding.java:59)
	at Runner.LandingITest.closeApp(LandingITest.java:46)
	at Operation.BaseLanding.testCloseAppSwitch(BaseLanding.java:59)
	at Runner.LandingITest.closeApp(LandingITest.java:46)
	at Operation.BaseLanding.testCloseAppSwitch(BaseLanding.java:59)
	at Runner.LandingITest.closeApp(LandingITest.java:46)
	at Operation.BaseLanding.testCloseAppSwitch(BaseLanding.java:59)
	at Runner.LandingITest.closeApp(LandingITest.java:46)
	at Operation.BaseLanding.testCloseAppSwitch(BaseLanding.java:59)
	at Runner.LandingITest.closeApp(LandingITest.java:46)
	at Operation.BaseLanding.testCloseAppSwitch(BaseLanding.java:59)
	at Runner.LandingITest.closeApp(LandingITest.java:46)
	at Operation.BaseLanding.testCloseAppSwitch(BaseLanding.java:59)
	at Runner.LandingITest.closeApp(LandingITest.java:46)
	at Operation.BaseLanding.testCloseAppSwitch(BaseLanding.java:59)
	at Runner.LandingITest.closeApp(LandingITest.java:46)
	at Operation.BaseLanding.testCloseAppSwitch(BaseLanding.java:59)
	at Runner.LandingITest.closeApp(LandingITest.java:46)
	at Operation.BaseLanding.testCloseAppSwitch(BaseLanding.java:59)
	at Runner.LandingITest.closeApp(LandingITest.java:46)
	at Operation.BaseLanding.testCloseAppSwitch(BaseLanding.java:59)
	at Runner.LandingITest.closeApp(LandingITest.java:46)
	at Operation.BaseLanding.testCloseAppSwitch(BaseLanding.java:59)
	at Runner.LandingITest.closeApp(LandingITest.java:46)
	at Operation.BaseLanding.testCloseAppSwitch(BaseLanding.java:59)
	at Runner.LandingITest.closeApp(LandingITest.java:46)
	at Operation.BaseLanding.testCloseAppSwitch(BaseLanding.java:59)
	at Runner.LandingITest.closeApp(LandingITest.java:46)
	at Operation.BaseLanding.testCloseAppSwitch(BaseLanding.java:59)
	at Runner.LandingITest.closeApp(LandingITest.java:46)
	at Operation.BaseLanding.testCloseAppSwitch(BaseLanding.java:59)
	at Runner.LandingITest.closeApp(LandingITest.java:46)
	at Operation.BaseLanding.testCloseAppSwitch(BaseLanding.java:59)
	at Runner.LandingITest.closeApp(LandingITest.java:46)
	at Operation.BaseLanding.testCloseAppSwitch(BaseLanding.java:59)
	at Runner.LandingITest.closeApp(LandingITest.java:46)
	at Operation.BaseLanding.testCloseAppSwitch(BaseLanding.java:59)
	at Runner.LandingITest.closeApp(LandingITest.java:46)
	at Operation.BaseLanding.testCloseAppSwitch(BaseLanding.java:59)
	at Runner.LandingITest.closeApp(LandingITest.java:46)
	at Operation.BaseLanding.testCloseAppSwitch(BaseLanding.java:59)
	at Runner.LandingITest.closeApp(LandingITest.java:46)
	at Operation.BaseLanding.testCloseAppSwitch(BaseLanding.java:59)
	at Runner.LandingITest.closeApp(LandingITest.java:46)
	at Operation.BaseLanding.testCloseAppSwitch(BaseLanding.java:59)
	at Runner.LandingITest.closeApp(LandingITest.java:46)
	at Operation.BaseLanding.testCloseAppSwitch(BaseLanding.java:59)
	at Runner.LandingITest.closeApp(LandingITest.java:46)
	at Operation.BaseLanding.testCloseAppSwitch(BaseLanding.java:59)
	at Runner.LandingITest.closeApp(LandingITest.java:46)
	at Operation.BaseLanding.testCloseAppSwitch(BaseLanding.java:59)
	at Runner.LandingITest.closeApp(LandingITest.java:46)
	at Operation.BaseLanding.testCloseAppSwitch(BaseLanding.java:59)
	at Runner.LandingITest.closeApp(LandingITest.java:46)
	at Operation.BaseLanding.testCloseAppSwitch(BaseLanding.java:59)
	at Runner.LandingITest.closeApp(LandingITest.java:46)
	at Operation.BaseLanding.testCloseAppSwitch(BaseLanding.java:59)
	at Runner.LandingITest.closeApp(LandingITest.java:46)
	at Operation.BaseLanding.testCloseAppSwitch(BaseLanding.java:59)
	at Runner.LandingITest.closeApp(LandingITest.java:46)
	at Operation.BaseLanding.testCloseAppSwitch(BaseLanding.java:59)
	at Runner.LandingITest.closeApp(LandingITest.java:46)
	at Operation.BaseLanding.testCloseAppSwitch(BaseLanding.java:59)
	at Runner.LandingITest.closeApp(LandingITest.java:46)
	at Operation.BaseLanding.testCloseAppSwitch(BaseLanding.java:59)
	at Runner.LandingITest.closeApp(LandingITest.java:46)
	at Operation.BaseLanding.testCloseAppSwitch(BaseLanding.java:59)
	at Runner.LandingITest.closeApp(LandingITest.java:46)
	at Operation.BaseLanding.testCloseAppSwitch(BaseLanding.java:59)
	at Runner.LandingITest.closeApp(LandingITest.java:46)
	at Operation.BaseLanding.testCloseAppSwitch(BaseLanding.java:59)
	at Runner.LandingITest.closeApp(LandingITest.java:46)
	at Operation.BaseLanding.testCloseAppSwitch(BaseLanding.java:59)
	at Runner.LandingITest.closeApp(LandingITest.java:46)
	at Operation.BaseLanding.testCloseAppSwitch(BaseLanding.java:59)
	at Runner.LandingITest.closeApp(LandingITest.java:46)
	at Operation.BaseLanding.testCloseAppSwitch(BaseLanding.java:59)
	at Runner.LandingITest.closeApp(LandingITest.java:46)
	at Operation.BaseLanding.testCloseAppSwitch(BaseLanding.java:59)
	at Runner.LandingITest.closeApp(LandingITest.java:46)
	at Operation.BaseLanding.testCloseAppSwitch(BaseLanding.java:59)
	at Runner.LandingITest.closeApp(LandingITest.java:46)
	at Operation.BaseLanding.testCloseAppSwitch(BaseLanding.java:59)
	at Runner.LandingITest.closeApp(LandingITest.java:46)
	at Operation.BaseLanding.testCloseAppSwitch(BaseLanding.java:59)
	at Runner.LandingITest.closeApp(LandingITest.java:46)
	at Operation.BaseLanding.testCloseAppSwitch(BaseLanding.java:59)
	at Runner.LandingITest.closeApp(LandingITest.java:46)
	at Operation.BaseLanding.testCloseAppSwitch(BaseLanding.java:59)
	at Runner.LandingITest.closeApp(LandingITest.java:46)
	at Operation.BaseLanding.testCloseAppSwitch(BaseLanding.java:59)
	at Runner.LandingITest.closeApp(LandingITest.java:46)
	at Operation.BaseLanding.testCloseAppSwitch(BaseLanding.java:59)
	at Runner.LandingITest.closeApp(LandingITest.java:46)
	at Operation.BaseLanding.testCloseAppSwitch(BaseLanding.java:59)
	at Runner.LandingITest.closeApp(LandingITest.java:46)
	at Operation.BaseLanding.testCloseAppSwitch(BaseLanding.java:59)
	at Runner.LandingITest.closeApp(LandingITest.java:46)
	at Operation.BaseLanding.testCloseAppSwitch(BaseLanding.java:59)
	at Runner.LandingITest.closeApp(LandingITest.java:46)
	at Operation.BaseLanding.testCloseAppSwitch(BaseLanding.java:59)
	at Runner.LandingITest.closeApp(LandingITest.java:46)
	at Operation.BaseLanding.testCloseAppSwitch(BaseLanding.java:59)
	at Runner.LandingITest.closeApp(LandingITest.java:46)
	at Operation.BaseLanding.testCloseAppSwitch(BaseLanding.java:59)
	at Runner.LandingITest.closeApp(LandingITest.java:46)
	at Operation.BaseLanding.testCloseAppSwitch(BaseLanding.java:59)
	at Runner.LandingITest.closeApp(LandingITest.java:46)
	at Operation.BaseLanding.testCloseAppSwitch(BaseLanding.java:59)
	at Runner.LandingITest.closeApp(LandingITest.java:46)
	at Operation.BaseLanding.testCloseAppSwitch(BaseLanding.java:59)
	at Runner.LandingITest.closeApp(LandingITest.java:46)
	at Operation.BaseLanding.testCloseAppSwitch(BaseLanding.java:59)
	at Runner.LandingITest.closeApp(LandingITest.java:46)
	at Operation.BaseLanding.testCloseAppSwitch(BaseLanding.java:59)
	at Runner.LandingITest.closeApp(LandingITest.java:46)
	at Operation.BaseLanding.testCloseAppSwitch(BaseLanding.java:59)
	at Runner.LandingITest.closeApp(LandingITest.java:46)
	at Operation.BaseLanding.testCloseAppSwitch(BaseLanding.java:59)
	at Runner.LandingITest.closeApp(LandingITest.java:46)
	at Operation.BaseLanding.testCloseAppSwitch(BaseLanding.java:59)
	at Runner.LandingITest.closeApp(LandingITest.java:46)
	at Operation.BaseLanding.testCloseAppSwitch(BaseLanding.java:59)
	at Runner.LandingITest.closeApp(LandingITest.java:46)
	at Operation.BaseLanding.testCloseAppSwitch(BaseLanding.java:59)
	at Runner.LandingITest.closeApp(LandingITest.java:46)
	at Operation.BaseLanding.testCloseAppSwitch(BaseLanding.java:59)
	at Runner.LandingITest.closeApp(LandingITest.java:46)
	at Operation.BaseLanding.testCloseAppSwitch(BaseLanding.java:59)
	at Runner.LandingITest.closeApp(LandingITest.java:46)
	at Operation.BaseLanding.testCloseAppSwitch(BaseLanding.java:59)
	at Runner.LandingITest.closeApp(LandingITest.java:46)
	at Operation.BaseLanding.testCloseAppSwitch(BaseLanding.java:59)
	at Runner.LandingITest.closeApp(LandingITest.java:46)
	at Operation.BaseLanding.testCloseAppSwitch(BaseLanding.java:59)
	at Runner.LandingITest.closeApp(LandingITest.java:46)
	at Operation.BaseLanding.testCloseAppSwitch(BaseLanding.java:59)
	at Runner.LandingITest.closeApp(LandingITest.java:46)

