<?xml version="1.0" encoding="UTF-8"?>
<testng-results ignored="0" total="5" passed="3" failed="2" skipped="0">
  <reporter-output>
  </reporter-output>
  <suite started-at="2020-06-30T05:41:32Z" name="Command line suite" finished-at="2020-06-30T05:42:32Z" duration-ms="60089">
    <groups>
    </groups>
    <test started-at="2020-06-30T05:41:32Z" name="Command line test" finished-at="2020-06-30T05:42:32Z" duration-ms="60089">
      <class name="Runner.LandingITest">
        <test-method is-config="true" signature="setUp()[pri:0, instance:Runner.LandingITest@2e005c4b]" started-at="2020-06-30T05:41:09Z" name="setUp" finished-at="2020-06-30T05:41:20Z" duration-ms="10538" status="PASS">
          <reporter-output>
          </reporter-output>
        </test-method> <!-- setUp -->
        <test-method is-config="true" signature="setUp()[pri:0, instance:Runner.LoginITest@4567f35d]" started-at="2020-06-30T05:41:20Z" name="setUp" finished-at="2020-06-30T05:41:32Z" duration-ms="12791" status="PASS">
          <reporter-output>
          </reporter-output>
        </test-method> <!-- setUp -->
        <test-method signature="checkGoToLoginPage()[pri:1, instance:Runner.LandingITest@2e005c4b]" started-at="2020-06-30T05:41:32Z" name="checkGoToLoginPage" description="User able to go to LOGIN PAGE" finished-at="2020-06-30T05:41:44Z" duration-ms="11847" status="PASS">
          <reporter-output>
          </reporter-output>
        </test-method> <!-- checkGoToLoginPage -->
        <test-method signature="checkLoginAsGuest()[pri:2, instance:Runner.LandingITest@2e005c4b]" started-at="2020-06-30T05:42:05Z" name="checkLoginAsGuest" description="User able to login as GUEST" finished-at="2020-06-30T05:42:17Z" duration-ms="12677" status="PASS">
          <reporter-output>
          </reporter-output>
        </test-method> <!-- checkLoginAsGuest -->
        <test-method signature="checkGoToSignUpPage()[pri:3, instance:Runner.LandingITest@2e005c4b]" started-at="2020-06-30T05:42:22Z" name="checkGoToSignUpPage" description="User able to go to REGISTER PAGE" finished-at="2020-06-30T05:42:32Z" duration-ms="10021" status="FAIL">
          <exception class="org.openqa.selenium.WebDriverException">
            <message>
              <![CDATA[An unknown server-side error occurred while processing the command. Original error: Could not proxy command to remote server. Original error: Error: socket hang up
Build info: version: '3.141.59', revision: 'e82be7d358', time: '2018-11-14T08:17:03'
System info: host: 'Faizals-MacBook-Pro.local', ip: 'fe80:0:0:0:48f:4676:4a4:6f5a%en0', os.name: 'Mac OS X', os.arch: 'x86_64', os.version: '10.15.5', java.version: '13.0.2'
Driver info: io.appium.java_client.android.AndroidDriver
Capabilities {appActivity: com.smartfren.switchmobile...., appPackage: com.smartfren.switchmobile, autoGrantPermissions: true, databaseEnabled: false, desired: {appActivity: com.smartfren.switchmobile...., appPackage: com.smartfren.switchmobile, autoGrantPermissions: true, noReset: true, platformName: android, platformVersion: 8.1.0, udid: emulator-5554}, deviceApiLevel: 27, deviceManufacturer: Google, deviceModel: Android SDK built for x86, deviceName: emulator-5554, deviceScreenDensity: 420, deviceScreenSize: 1080x1920, deviceUDID: emulator-5554, javascriptEnabled: true, locationContextEnabled: false, networkConnectionEnabled: true, noReset: true, pixelRatio: 2.625, platform: LINUX, platformName: ANDROID, platformVersion: 8.1.0, statBarHeight: 63, takesScreenshot: true, udid: emulator-5554, viewportRect: {height: 1731, left: 0, top: 63, width: 1080}, warnings: {}, webStorageEnabled: false}
Session ID: 387f5aed-f0b0-424d-a67f-bf00dba27145
*** Element info: {Using=id, value=com.smartfren.switchmobile:id/Next}]]>
            </message>
            <full-stacktrace>
              <![CDATA[org.openqa.selenium.WebDriverException: An unknown server-side error occurred while processing the command. Original error: Could not proxy command to remote server. Original error: Error: socket hang up
Build info: version: '3.141.59', revision: 'e82be7d358', time: '2018-11-14T08:17:03'
System info: host: 'Faizals-MacBook-Pro.local', ip: 'fe80:0:0:0:48f:4676:4a4:6f5a%en0', os.name: 'Mac OS X', os.arch: 'x86_64', os.version: '10.15.5', java.version: '13.0.2'
Driver info: io.appium.java_client.android.AndroidDriver
Capabilities {appActivity: com.smartfren.switchmobile...., appPackage: com.smartfren.switchmobile, autoGrantPermissions: true, databaseEnabled: false, desired: {appActivity: com.smartfren.switchmobile...., appPackage: com.smartfren.switchmobile, autoGrantPermissions: true, noReset: true, platformName: android, platformVersion: 8.1.0, udid: emulator-5554}, deviceApiLevel: 27, deviceManufacturer: Google, deviceModel: Android SDK built for x86, deviceName: emulator-5554, deviceScreenDensity: 420, deviceScreenSize: 1080x1920, deviceUDID: emulator-5554, javascriptEnabled: true, locationContextEnabled: false, networkConnectionEnabled: true, noReset: true, pixelRatio: 2.625, platform: LINUX, platformName: ANDROID, platformVersion: 8.1.0, statBarHeight: 63, takesScreenshot: true, udid: emulator-5554, viewportRect: {height: 1731, left: 0, top: 63, width: 1080}, warnings: {}, webStorageEnabled: false}
Session ID: 387f5aed-f0b0-424d-a67f-bf00dba27145
*** Element info: {Using=id, value=com.smartfren.switchmobile:id/Next}
at java.base/jdk.internal.reflect.NativeConstructorAccessorImpl.newInstance0(Native Method)
at java.base/jdk.internal.reflect.NativeConstructorAccessorImpl.newInstance(NativeConstructorAccessorImpl.java:62)
at java.base/jdk.internal.reflect.DelegatingConstructorAccessorImpl.newInstance(DelegatingConstructorAccessorImpl.java:45)
at java.base/java.lang.reflect.Constructor.newInstanceWithCaller(Constructor.java:500)
at java.base/java.lang.reflect.Constructor.newInstance(Constructor.java:481)
at org.openqa.selenium.remote.http.W3CHttpResponseCodec.createException(W3CHttpResponseCodec.java:187)
at org.openqa.selenium.remote.http.W3CHttpResponseCodec.decode(W3CHttpResponseCodec.java:122)
at org.openqa.selenium.remote.http.W3CHttpResponseCodec.decode(W3CHttpResponseCodec.java:49)
at org.openqa.selenium.remote.HttpCommandExecutor.execute(HttpCommandExecutor.java:158)
at io.appium.java_client.remote.AppiumCommandExecutor.execute(AppiumCommandExecutor.java:239)
at org.openqa.selenium.remote.RemoteWebDriver.execute(RemoteWebDriver.java:552)
at io.appium.java_client.DefaultGenericMobileDriver.execute(DefaultGenericMobileDriver.java:41)
at io.appium.java_client.AppiumDriver.execute(AppiumDriver.java:1)
at io.appium.java_client.android.AndroidDriver.execute(AndroidDriver.java:1)
at org.openqa.selenium.remote.RemoteWebDriver.findElement(RemoteWebDriver.java:323)
at io.appium.java_client.DefaultGenericMobileDriver.findElement(DefaultGenericMobileDriver.java:61)
at io.appium.java_client.AppiumDriver.findElement(AppiumDriver.java:1)
at io.appium.java_client.android.AndroidDriver.findElement(AndroidDriver.java:1)
at org.openqa.selenium.remote.RemoteWebDriver.findElementById(RemoteWebDriver.java:372)
at io.appium.java_client.DefaultGenericMobileDriver.findElementById(DefaultGenericMobileDriver.java:69)
at io.appium.java_client.AppiumDriver.findElementById(AppiumDriver.java:1)
at io.appium.java_client.android.AndroidDriver.findElementById(AndroidDriver.java:1)
at org.openqa.selenium.By$ById.findElement(By.java:188)
at org.openqa.selenium.remote.RemoteWebDriver.findElement(RemoteWebDriver.java:315)
at io.appium.java_client.DefaultGenericMobileDriver.findElement(DefaultGenericMobileDriver.java:57)
at io.appium.java_client.AppiumDriver.findElement(AppiumDriver.java:1)
at io.appium.java_client.android.AndroidDriver.findElement(AndroidDriver.java:1)
at Operation.BaseLanding.testGoToSignUpPage(BaseLanding.java:43)
at Runner.LandingITest.checkGoToSignUpPage(LandingITest.java:41)
at java.base/jdk.internal.reflect.NativeMethodAccessorImpl.invoke0(Native Method)
at java.base/jdk.internal.reflect.NativeMethodAccessorImpl.invoke(NativeMethodAccessorImpl.java:62)
at java.base/jdk.internal.reflect.DelegatingMethodAccessorImpl.invoke(DelegatingMethodAccessorImpl.java:43)
at java.base/java.lang.reflect.Method.invoke(Method.java:567)
at org.testng.internal.MethodInvocationHelper.invokeMethod(MethodInvocationHelper.java:124)
at org.testng.internal.Invoker.invokeMethod(Invoker.java:583)
at org.testng.internal.Invoker.invokeTestMethod(Invoker.java:719)
at org.testng.internal.Invoker.invokeTestMethods(Invoker.java:989)
at org.testng.internal.TestMethodWorker.invokeTestMethods(TestMethodWorker.java:125)
at org.testng.internal.TestMethodWorker.run(TestMethodWorker.java:109)
at org.testng.TestRunner.privateRun(TestRunner.java:648)
at org.testng.TestRunner.run(TestRunner.java:505)
at org.testng.SuiteRunner.runTest(SuiteRunner.java:455)
at org.testng.SuiteRunner.runSequentially(SuiteRunner.java:450)
at org.testng.SuiteRunner.privateRun(SuiteRunner.java:415)
at org.testng.SuiteRunner.run(SuiteRunner.java:364)
at org.testng.SuiteRunnerWorker.runSuite(SuiteRunnerWorker.java:52)
at org.testng.SuiteRunnerWorker.run(SuiteRunnerWorker.java:84)
at org.testng.TestNG.runSuitesSequentially(TestNG.java:1208)
at org.testng.TestNG.runSuitesLocally(TestNG.java:1137)
at org.testng.TestNG.runSuites(TestNG.java:1049)
at org.testng.TestNG.run(TestNG.java:1017)
at org.apache.maven.surefire.testng.TestNGExecutor.run(TestNGExecutor.java:77)
at org.apache.maven.surefire.testng.TestNGDirectoryTestSuite.executeMulti(TestNGDirectoryTestSuite.java:159)
at org.apache.maven.surefire.testng.TestNGDirectoryTestSuite.execute(TestNGDirectoryTestSuite.java:99)
at org.apache.maven.surefire.testng.TestNGProvider.invoke(TestNGProvider.java:106)
at java.base/jdk.internal.reflect.NativeMethodAccessorImpl.invoke0(Native Method)
at java.base/jdk.internal.reflect.NativeMethodAccessorImpl.invoke(NativeMethodAccessorImpl.java:62)
at java.base/jdk.internal.reflect.DelegatingMethodAccessorImpl.invoke(DelegatingMethodAccessorImpl.java:43)
at java.base/java.lang.reflect.Method.invoke(Method.java:567)
at org.apache.maven.surefire.util.ReflectionUtils.invokeMethodWithArray(ReflectionUtils.java:189)
at org.apache.maven.surefire.booter.ProviderFactory$ProviderProxy.invoke(ProviderFactory.java:165)
at org.apache.maven.surefire.booter.ProviderFactory.invokeProvider(ProviderFactory.java:85)
at org.apache.maven.surefire.booter.ForkedBooter.runSuitesInProcess(ForkedBooter.java:115)
at org.apache.maven.surefire.booter.ForkedBooter.main(ForkedBooter.java:75)
]]>
            </full-stacktrace>
          </exception> <!-- org.openqa.selenium.WebDriverException -->
          <reporter-output>
          </reporter-output>
        </test-method> <!-- checkGoToSignUpPage -->
        <test-method is-config="true" signature="closeApp()[pri:0, instance:Runner.LandingITest@2e005c4b]" started-at="2020-06-30T05:42:37Z" name="closeApp" finished-at="2020-06-30T05:42:37Z" duration-ms="5" status="FAIL">
          <exception class="java.lang.StackOverflowError">
            <full-stacktrace>
              <![CDATA[java.lang.StackOverflowError
at Operation.BaseLanding.testCloseAppSwitch(BaseLanding.java:59)
at Runner.LandingITest.closeApp(LandingITest.java:46)
at Operation.BaseLanding.testCloseAppSwitch(BaseLanding.java:59)
at Runner.LandingITest.closeApp(LandingITest.java:46)
at Operation.BaseLanding.testCloseAppSwitch(BaseLanding.java:59)
at Runner.LandingITest.closeApp(LandingITest.java:46)
at Operation.BaseLanding.testCloseAppSwitch(BaseLanding.java:59)
at Runner.LandingITest.closeApp(LandingITest.java:46)
at Operation.BaseLanding.testCloseAppSwitch(BaseLanding.java:59)
at Runner.LandingITest.closeApp(LandingITest.java:46)
at Operation.BaseLanding.testCloseAppSwitch(BaseLanding.java:59)
at Runner.LandingITest.closeApp(LandingITest.java:46)
at Operation.BaseLanding.testCloseAppSwitch(BaseLanding.java:59)
at Runner.LandingITest.closeApp(LandingITest.java:46)
at Operation.BaseLanding.testCloseAppSwitch(BaseLanding.java:59)
at Runner.LandingITest.closeApp(LandingITest.java:46)
at Operation.BaseLanding.testCloseAppSwitch(BaseLanding.java:59)
at Runner.LandingITest.closeApp(LandingITest.java:46)
at Operation.BaseLanding.testCloseAppSwitch(BaseLanding.java:59)
at Runner.LandingITest.closeApp(LandingITest.java:46)
at Operation.BaseLanding.testCloseAppSwitch(BaseLanding.java:59)
at Runner.LandingITest.closeApp(LandingITest.java:46)
at Operation.BaseLanding.testCloseAppSwitch(BaseLanding.java:59)
at Runner.LandingITest.closeApp(LandingITest.java:46)
at Operation.BaseLanding.testCloseAppSwitch(BaseLanding.java:59)
at Runner.LandingITest.closeApp(LandingITest.java:46)
at Operation.BaseLanding.testCloseAppSwitch(BaseLanding.java:59)
at Runner.LandingITest.closeApp(LandingITest.java:46)
at Operation.BaseLanding.testCloseAppSwitch(BaseLanding.java:59)
at Runner.LandingITest.closeApp(LandingITest.java:46)
at Operation.BaseLanding.testCloseAppSwitch(BaseLanding.java:59)
at Runner.LandingITest.closeApp(LandingITest.java:46)
at Operation.BaseLanding.testCloseAppSwitch(BaseLanding.java:59)
at Runner.LandingITest.closeApp(LandingITest.java:46)
at Operation.BaseLanding.testCloseAppSwitch(BaseLanding.java:59)
at Runner.LandingITest.closeApp(LandingITest.java:46)
at Operation.BaseLanding.testCloseAppSwitch(BaseLanding.java:59)
at Runner.LandingITest.closeApp(LandingITest.java:46)
at Operation.BaseLanding.testCloseAppSwitch(BaseLanding.java:59)
at Runner.LandingITest.closeApp(LandingITest.java:46)
at Operation.BaseLanding.testCloseAppSwitch(BaseLanding.java:59)
at Runner.LandingITest.closeApp(LandingITest.java:46)
at Operation.BaseLanding.testCloseAppSwitch(BaseLanding.java:59)
at Runner.LandingITest.closeApp(LandingITest.java:46)
at Operation.BaseLanding.testCloseAppSwitch(BaseLanding.java:59)
at Runner.LandingITest.closeApp(LandingITest.java:46)
at Operation.BaseLanding.testCloseAppSwitch(BaseLanding.java:59)
at Runner.LandingITest.closeApp(LandingITest.java:46)
at Operation.BaseLanding.testCloseAppSwitch(BaseLanding.java:59)
at Runner.LandingITest.closeApp(LandingITest.java:46)
at Operation.BaseLanding.testCloseAppSwitch(BaseLanding.java:59)
at Runner.LandingITest.closeApp(LandingITest.java:46)
at Operation.BaseLanding.testCloseAppSwitch(BaseLanding.java:59)
at Runner.LandingITest.closeApp(LandingITest.java:46)
at Operation.BaseLanding.testCloseAppSwitch(BaseLanding.java:59)
at Runner.LandingITest.closeApp(LandingITest.java:46)
at Operation.BaseLanding.testCloseAppSwitch(BaseLanding.java:59)
at Runner.LandingITest.closeApp(LandingITest.java:46)
at Operation.BaseLanding.testCloseAppSwitch(BaseLanding.java:59)
at Runner.LandingITest.closeApp(LandingITest.java:46)
at Operation.BaseLanding.testCloseAppSwitch(BaseLanding.java:59)
at Runner.LandingITest.closeApp(LandingITest.java:46)
at Operation.BaseLanding.testCloseAppSwitch(BaseLanding.java:59)
at Runner.LandingITest.closeApp(LandingITest.java:46)
at Operation.BaseLanding.testCloseAppSwitch(BaseLanding.java:59)
at Runner.LandingITest.closeApp(LandingITest.java:46)
at Operation.BaseLanding.testCloseAppSwitch(BaseLanding.java:59)
at Runner.LandingITest.closeApp(LandingITest.java:46)
at Operation.BaseLanding.testCloseAppSwitch(BaseLanding.java:59)
at Runner.LandingITest.closeApp(LandingITest.java:46)
at Operation.BaseLanding.testCloseAppSwitch(BaseLanding.java:59)
at Runner.LandingITest.closeApp(LandingITest.java:46)
at Operation.BaseLanding.testCloseAppSwitch(BaseLanding.java:59)
at Runner.LandingITest.closeApp(LandingITest.java:46)
at Operation.BaseLanding.testCloseAppSwitch(BaseLanding.java:59)
at Runner.LandingITest.closeApp(LandingITest.java:46)
at Operation.BaseLanding.testCloseAppSwitch(BaseLanding.java:59)
at Runner.LandingITest.closeApp(LandingITest.java:46)
at Operation.BaseLanding.testCloseAppSwitch(BaseLanding.java:59)
at Runner.LandingITest.closeApp(LandingITest.java:46)
at Operation.BaseLanding.testCloseAppSwitch(BaseLanding.java:59)
at Runner.LandingITest.closeApp(LandingITest.java:46)
at Operation.BaseLanding.testCloseAppSwitch(BaseLanding.java:59)
at Runner.LandingITest.closeApp(LandingITest.java:46)
at Operation.BaseLanding.testCloseAppSwitch(BaseLanding.java:59)
at Runner.LandingITest.closeApp(LandingITest.java:46)
at Operation.BaseLanding.testCloseAppSwitch(BaseLanding.java:59)
at Runner.LandingITest.closeApp(LandingITest.java:46)
at Operation.BaseLanding.testCloseAppSwitch(BaseLanding.java:59)
at Runner.LandingITest.closeApp(LandingITest.java:46)
at Operation.BaseLanding.testCloseAppSwitch(BaseLanding.java:59)
at Runner.LandingITest.closeApp(LandingITest.java:46)
at Operation.BaseLanding.testCloseAppSwitch(BaseLanding.java:59)
at Runner.LandingITest.closeApp(LandingITest.java:46)
at Operation.BaseLanding.testCloseAppSwitch(BaseLanding.java:59)
at Runner.LandingITest.closeApp(LandingITest.java:46)
at Operation.BaseLanding.testCloseAppSwitch(BaseLanding.java:59)
at Runner.LandingITest.closeApp(LandingITest.java:46)
at Operation.BaseLanding.testCloseAppSwitch(BaseLanding.java:59)
at Runner.LandingITest.closeApp(LandingITest.java:46)
at Operation.BaseLanding.testCloseAppSwitch(BaseLanding.java:59)
at Runner.LandingITest.closeApp(LandingITest.java:46)
at Operation.BaseLanding.testCloseAppSwitch(BaseLanding.java:59)
at Runner.LandingITest.closeApp(LandingITest.java:46)
at Operation.BaseLanding.testCloseAppSwitch(BaseLanding.java:59)
at Runner.LandingITest.closeApp(LandingITest.java:46)
at Operation.BaseLanding.testCloseAppSwitch(BaseLanding.java:59)
at Runner.LandingITest.closeApp(LandingITest.java:46)
at Operation.BaseLanding.testCloseAppSwitch(BaseLanding.java:59)
at Runner.LandingITest.closeApp(LandingITest.java:46)
at Operation.BaseLanding.testCloseAppSwitch(BaseLanding.java:59)
at Runner.LandingITest.closeApp(LandingITest.java:46)
at Operation.BaseLanding.testCloseAppSwitch(BaseLanding.java:59)
at Runner.LandingITest.closeApp(LandingITest.java:46)
at Operation.BaseLanding.testCloseAppSwitch(BaseLanding.java:59)
at Runner.LandingITest.closeApp(LandingITest.java:46)
at Operation.BaseLanding.testCloseAppSwitch(BaseLanding.java:59)
at Runner.LandingITest.closeApp(LandingITest.java:46)
at Operation.BaseLanding.testCloseAppSwitch(BaseLanding.java:59)
at Runner.LandingITest.closeApp(LandingITest.java:46)
at Operation.BaseLanding.testCloseAppSwitch(BaseLanding.java:59)
at Runner.LandingITest.closeApp(LandingITest.java:46)
at Operation.BaseLanding.testCloseAppSwitch(BaseLanding.java:59)
at Runner.LandingITest.closeApp(LandingITest.java:46)
at Operation.BaseLanding.testCloseAppSwitch(BaseLanding.java:59)
at Runner.LandingITest.closeApp(LandingITest.java:46)
at Operation.BaseLanding.testCloseAppSwitch(BaseLanding.java:59)
at Runner.LandingITest.closeApp(LandingITest.java:46)
at Operation.BaseLanding.testCloseAppSwitch(BaseLanding.java:59)
at Runner.LandingITest.closeApp(LandingITest.java:46)
at Operation.BaseLanding.testCloseAppSwitch(BaseLanding.java:59)
at Runner.LandingITest.closeApp(LandingITest.java:46)
at Operation.BaseLanding.testCloseAppSwitch(BaseLanding.java:59)
at Runner.LandingITest.closeApp(LandingITest.java:46)
at Operation.BaseLanding.testCloseAppSwitch(BaseLanding.java:59)
at Runner.LandingITest.closeApp(LandingITest.java:46)
at Operation.BaseLanding.testCloseAppSwitch(BaseLanding.java:59)
at Runner.LandingITest.closeApp(LandingITest.java:46)
at Operation.BaseLanding.testCloseAppSwitch(BaseLanding.java:59)
at Runner.LandingITest.closeApp(LandingITest.java:46)
at Operation.BaseLanding.testCloseAppSwitch(BaseLanding.java:59)
at Runner.LandingITest.closeApp(LandingITest.java:46)
at Operation.BaseLanding.testCloseAppSwitch(BaseLanding.java:59)
at Runner.LandingITest.closeApp(LandingITest.java:46)
at Operation.BaseLanding.testCloseAppSwitch(BaseLanding.java:59)
at Runner.LandingITest.closeApp(LandingITest.java:46)
at Operation.BaseLanding.testCloseAppSwitch(BaseLanding.java:59)
at Runner.LandingITest.closeApp(LandingITest.java:46)
at Operation.BaseLanding.testCloseAppSwitch(BaseLanding.java:59)
at Runner.LandingITest.closeApp(LandingITest.java:46)
at Operation.BaseLanding.testCloseAppSwitch(BaseLanding.java:59)
at Runner.LandingITest.closeApp(LandingITest.java:46)
at Operation.BaseLanding.testCloseAppSwitch(BaseLanding.java:59)
at Runner.LandingITest.closeApp(LandingITest.java:46)
at Operation.BaseLanding.testCloseAppSwitch(BaseLanding.java:59)
at Runner.LandingITest.closeApp(LandingITest.java:46)
at Operation.BaseLanding.testCloseAppSwitch(BaseLanding.java:59)
at Runner.LandingITest.closeApp(LandingITest.java:46)
at Operation.BaseLanding.testCloseAppSwitch(BaseLanding.java:59)
at Runner.LandingITest.closeApp(LandingITest.java:46)
at Operation.BaseLanding.testCloseAppSwitch(BaseLanding.java:59)
at Runner.LandingITest.closeApp(LandingITest.java:46)
at Operation.BaseLanding.testCloseAppSwitch(BaseLanding.java:59)
at Runner.LandingITest.closeApp(LandingITest.java:46)
at Operation.BaseLanding.testCloseAppSwitch(BaseLanding.java:59)
at Runner.LandingITest.closeApp(LandingITest.java:46)
at Operation.BaseLanding.testCloseAppSwitch(BaseLanding.java:59)
at Runner.LandingITest.closeApp(LandingITest.java:46)
at Operation.BaseLanding.testCloseAppSwitch(BaseLanding.java:59)
at Runner.LandingITest.closeApp(LandingITest.java:46)
at Operation.BaseLanding.testCloseAppSwitch(BaseLanding.java:59)
at Runner.LandingITest.closeApp(LandingITest.java:46)
at Operation.BaseLanding.testCloseAppSwitch(BaseLanding.java:59)
at Runner.LandingITest.closeApp(LandingITest.java:46)
at Operation.BaseLanding.testCloseAppSwitch(BaseLanding.java:59)
at Runner.LandingITest.closeApp(LandingITest.java:46)
at Operation.BaseLanding.testCloseAppSwitch(BaseLanding.java:59)
at Runner.LandingITest.closeApp(LandingITest.java:46)
at Operation.BaseLanding.testCloseAppSwitch(BaseLanding.java:59)
at Runner.LandingITest.closeApp(LandingITest.java:46)
at Operation.BaseLanding.testCloseAppSwitch(BaseLanding.java:59)
at Runner.LandingITest.closeApp(LandingITest.java:46)
at Operation.BaseLanding.testCloseAppSwitch(BaseLanding.java:59)
at Runner.LandingITest.closeApp(LandingITest.java:46)
at Operation.BaseLanding.testCloseAppSwitch(BaseLanding.java:59)
at Runner.LandingITest.closeApp(LandingITest.java:46)
at Operation.BaseLanding.testCloseAppSwitch(BaseLanding.java:59)
at Runner.LandingITest.closeApp(LandingITest.java:46)
at Operation.BaseLanding.testCloseAppSwitch(BaseLanding.java:59)
at Runner.LandingITest.closeApp(LandingITest.java:46)
at Operation.BaseLanding.testCloseAppSwitch(BaseLanding.java:59)
at Runner.LandingITest.closeApp(LandingITest.java:46)
at Operation.BaseLanding.testCloseAppSwitch(BaseLanding.java:59)
at Runner.LandingITest.closeApp(LandingITest.java:46)
at Operation.BaseLanding.testCloseAppSwitch(BaseLanding.java:59)
at Runner.LandingITest.closeApp(LandingITest.java:46)
at Operation.BaseLanding.testCloseAppSwitch(BaseLanding.java:59)
at Runner.LandingITest.closeApp(LandingITest.java:46)
at Operation.BaseLanding.testCloseAppSwitch(BaseLanding.java:59)
at Runner.LandingITest.closeApp(LandingITest.java:46)
at Operation.BaseLanding.testCloseAppSwitch(BaseLanding.java:59)
at Runner.LandingITest.closeApp(LandingITest.java:46)
at Operation.BaseLanding.testCloseAppSwitch(BaseLanding.java:59)
at Runner.LandingITest.closeApp(LandingITest.java:46)
at Operation.BaseLanding.testCloseAppSwitch(BaseLanding.java:59)
at Runner.LandingITest.closeApp(LandingITest.java:46)
at Operation.BaseLanding.testCloseAppSwitch(BaseLanding.java:59)
at Runner.LandingITest.closeApp(LandingITest.java:46)
at Operation.BaseLanding.testCloseAppSwitch(BaseLanding.java:59)
at Runner.LandingITest.closeApp(LandingITest.java:46)
at Operation.BaseLanding.testCloseAppSwitch(BaseLanding.java:59)
at Runner.LandingITest.closeApp(LandingITest.java:46)
at Operation.BaseLanding.testCloseAppSwitch(BaseLanding.java:59)
at Runner.LandingITest.closeApp(LandingITest.java:46)
at Operation.BaseLanding.testCloseAppSwitch(BaseLanding.java:59)
at Runner.LandingITest.closeApp(LandingITest.java:46)
at Operation.BaseLanding.testCloseAppSwitch(BaseLanding.java:59)
at Runner.LandingITest.closeApp(LandingITest.java:46)
at Operation.BaseLanding.testCloseAppSwitch(BaseLanding.java:59)
at Runner.LandingITest.closeApp(LandingITest.java:46)
at Operation.BaseLanding.testCloseAppSwitch(BaseLanding.java:59)
at Runner.LandingITest.closeApp(LandingITest.java:46)
at Operation.BaseLanding.testCloseAppSwitch(BaseLanding.java:59)
at Runner.LandingITest.closeApp(LandingITest.java:46)
at Operation.BaseLanding.testCloseAppSwitch(BaseLanding.java:59)
at Runner.LandingITest.closeApp(LandingITest.java:46)
at Operation.BaseLanding.testCloseAppSwitch(BaseLanding.java:59)
at Runner.LandingITest.closeApp(LandingITest.java:46)
at Operation.BaseLanding.testCloseAppSwitch(BaseLanding.java:59)
at Runner.LandingITest.closeApp(LandingITest.java:46)
at Operation.BaseLanding.testCloseAppSwitch(BaseLanding.java:59)
at Runner.LandingITest.closeApp(LandingITest.java:46)
at Operation.BaseLanding.testCloseAppSwitch(BaseLanding.java:59)
at Runner.LandingITest.closeApp(LandingITest.java:46)
at Operation.BaseLanding.testCloseAppSwitch(BaseLanding.java:59)
at Runner.LandingITest.closeApp(LandingITest.java:46)
at Operation.BaseLanding.testCloseAppSwitch(BaseLanding.java:59)
at Runner.LandingITest.closeApp(LandingITest.java:46)
at Operation.BaseLanding.testCloseAppSwitch(BaseLanding.java:59)
at Runner.LandingITest.closeApp(LandingITest.java:46)
at Operation.BaseLanding.testCloseAppSwitch(BaseLanding.java:59)
at Runner.LandingITest.closeApp(LandingITest.java:46)
at Operation.BaseLanding.testCloseAppSwitch(BaseLanding.java:59)
at Runner.LandingITest.closeApp(LandingITest.java:46)
at Operation.BaseLanding.testCloseAppSwitch(BaseLanding.java:59)
at Runner.LandingITest.closeApp(LandingITest.java:46)
at Operation.BaseLanding.testCloseAppSwitch(BaseLanding.java:59)
at Runner.LandingITest.closeApp(LandingITest.java:46)
at Operation.BaseLanding.testCloseAppSwitch(BaseLanding.java:59)
at Runner.LandingITest.closeApp(LandingITest.java:46)
at Operation.BaseLanding.testCloseAppSwitch(BaseLanding.java:59)
at Runner.LandingITest.closeApp(LandingITest.java:46)
at Operation.BaseLanding.testCloseAppSwitch(BaseLanding.java:59)
at Runner.LandingITest.closeApp(LandingITest.java:46)
at Operation.BaseLanding.testCloseAppSwitch(BaseLanding.java:59)
at Runner.LandingITest.closeApp(LandingITest.java:46)
at Operation.BaseLanding.testCloseAppSwitch(BaseLanding.java:59)
at Runner.LandingITest.closeApp(LandingITest.java:46)
at Operation.BaseLanding.testCloseAppSwitch(BaseLanding.java:59)
at Runner.LandingITest.closeApp(LandingITest.java:46)
at Operation.BaseLanding.testCloseAppSwitch(BaseLanding.java:59)
at Runner.LandingITest.closeApp(LandingITest.java:46)
at Operation.BaseLanding.testCloseAppSwitch(BaseLanding.java:59)
at Runner.LandingITest.closeApp(LandingITest.java:46)
at Operation.BaseLanding.testCloseAppSwitch(BaseLanding.java:59)
at Runner.LandingITest.closeApp(LandingITest.java:46)
at Operation.BaseLanding.testCloseAppSwitch(BaseLanding.java:59)
at Runner.LandingITest.closeApp(LandingITest.java:46)
at Operation.BaseLanding.testCloseAppSwitch(BaseLanding.java:59)
at Runner.LandingITest.closeApp(LandingITest.java:46)
at Operation.BaseLanding.testCloseAppSwitch(BaseLanding.java:59)
at Runner.LandingITest.closeApp(LandingITest.java:46)
at Operation.BaseLanding.testCloseAppSwitch(BaseLanding.java:59)
at Runner.LandingITest.closeApp(LandingITest.java:46)
at Operation.BaseLanding.testCloseAppSwitch(BaseLanding.java:59)
at Runner.LandingITest.closeApp(LandingITest.java:46)
at Operation.BaseLanding.testCloseAppSwitch(BaseLanding.java:59)
at Runner.LandingITest.closeApp(LandingITest.java:46)
at Operation.BaseLanding.testCloseAppSwitch(BaseLanding.java:59)
at Runner.LandingITest.closeApp(LandingITest.java:46)
at Operation.BaseLanding.testCloseAppSwitch(BaseLanding.java:59)
at Runner.LandingITest.closeApp(LandingITest.java:46)
at Operation.BaseLanding.testCloseAppSwitch(BaseLanding.java:59)
at Runner.LandingITest.closeApp(LandingITest.java:46)
at Operation.BaseLanding.testCloseAppSwitch(BaseLanding.java:59)
at Runner.LandingITest.closeApp(LandingITest.java:46)
at Operation.BaseLanding.testCloseAppSwitch(BaseLanding.java:59)
at Runner.LandingITest.closeApp(LandingITest.java:46)
at Operation.BaseLanding.testCloseAppSwitch(BaseLanding.java:59)
at Runner.LandingITest.closeApp(LandingITest.java:46)
at Operation.BaseLanding.testCloseAppSwitch(BaseLanding.java:59)
at Runner.LandingITest.closeApp(LandingITest.java:46)
at Operation.BaseLanding.testCloseAppSwitch(BaseLanding.java:59)
at Runner.LandingITest.closeApp(LandingITest.java:46)
at Operation.BaseLanding.testCloseAppSwitch(BaseLanding.java:59)
at Runner.LandingITest.closeApp(LandingITest.java:46)
at Operation.BaseLanding.testCloseAppSwitch(BaseLanding.java:59)
at Runner.LandingITest.closeApp(LandingITest.java:46)
at Operation.BaseLanding.testCloseAppSwitch(BaseLanding.java:59)
at Runner.LandingITest.closeApp(LandingITest.java:46)
at Operation.BaseLanding.testCloseAppSwitch(BaseLanding.java:59)
at Runner.LandingITest.closeApp(LandingITest.java:46)
at Operation.BaseLanding.testCloseAppSwitch(BaseLanding.java:59)
at Runner.LandingITest.closeApp(LandingITest.java:46)
at Operation.BaseLanding.testCloseAppSwitch(BaseLanding.java:59)
at Runner.LandingITest.closeApp(LandingITest.java:46)
at Operation.BaseLanding.testCloseAppSwitch(BaseLanding.java:59)
at Runner.LandingITest.closeApp(LandingITest.java:46)
at Operation.BaseLanding.testCloseAppSwitch(BaseLanding.java:59)
at Runner.LandingITest.closeApp(LandingITest.java:46)
at Operation.BaseLanding.testCloseAppSwitch(BaseLanding.java:59)
at Runner.LandingITest.closeApp(LandingITest.java:46)
at Operation.BaseLanding.testCloseAppSwitch(BaseLanding.java:59)
at Runner.LandingITest.closeApp(LandingITest.java:46)
at Operation.BaseLanding.testCloseAppSwitch(BaseLanding.java:59)
at Runner.LandingITest.closeApp(LandingITest.java:46)
at Operation.BaseLanding.testCloseAppSwitch(BaseLanding.java:59)
at Runner.LandingITest.closeApp(LandingITest.java:46)
at Operation.BaseLanding.testCloseAppSwitch(BaseLanding.java:59)
at Runner.LandingITest.closeApp(LandingITest.java:46)
at Operation.BaseLanding.testCloseAppSwitch(BaseLanding.java:59)
at Runner.LandingITest.closeApp(LandingITest.java:46)
at Operation.BaseLanding.testCloseAppSwitch(BaseLanding.java:59)
at Runner.LandingITest.closeApp(LandingITest.java:46)
at Operation.BaseLanding.testCloseAppSwitch(BaseLanding.java:59)
at Runner.LandingITest.closeApp(LandingITest.java:46)
at Operation.BaseLanding.testCloseAppSwitch(BaseLanding.java:59)
at Runner.LandingITest.closeApp(LandingITest.java:46)
at Operation.BaseLanding.testCloseAppSwitch(BaseLanding.java:59)
at Runner.LandingITest.closeApp(LandingITest.java:46)
at Operation.BaseLanding.testCloseAppSwitch(BaseLanding.java:59)
at Runner.LandingITest.closeApp(LandingITest.java:46)
at Operation.BaseLanding.testCloseAppSwitch(BaseLanding.java:59)
at Runner.LandingITest.closeApp(LandingITest.java:46)
at Operation.BaseLanding.testCloseAppSwitch(BaseLanding.java:59)
at Runner.LandingITest.closeApp(LandingITest.java:46)
at Operation.BaseLanding.testCloseAppSwitch(BaseLanding.java:59)
at Runner.LandingITest.closeApp(LandingITest.java:46)
at Operation.BaseLanding.testCloseAppSwitch(BaseLanding.java:59)
at Runner.LandingITest.closeApp(LandingITest.java:46)
at Operation.BaseLanding.testCloseAppSwitch(BaseLanding.java:59)
at Runner.LandingITest.closeApp(LandingITest.java:46)
at Operation.BaseLanding.testCloseAppSwitch(BaseLanding.java:59)
at Runner.LandingITest.closeApp(LandingITest.java:46)
at Operation.BaseLanding.testCloseAppSwitch(BaseLanding.java:59)
at Runner.LandingITest.closeApp(LandingITest.java:46)
at Operation.BaseLanding.testCloseAppSwitch(BaseLanding.java:59)
at Runner.LandingITest.closeApp(LandingITest.java:46)
at Operation.BaseLanding.testCloseAppSwitch(BaseLanding.java:59)
at Runner.LandingITest.closeApp(LandingITest.java:46)
at Operation.BaseLanding.testCloseAppSwitch(BaseLanding.java:59)
at Runner.LandingITest.closeApp(LandingITest.java:46)
at Operation.BaseLanding.testCloseAppSwitch(BaseLanding.java:59)
at Runner.LandingITest.closeApp(LandingITest.java:46)
at Operation.BaseLanding.testCloseAppSwitch(BaseLanding.java:59)
at Runner.LandingITest.closeApp(LandingITest.java:46)
at Operation.BaseLanding.testCloseAppSwitch(BaseLanding.java:59)
at Runner.LandingITest.closeApp(LandingITest.java:46)
at Operation.BaseLanding.testCloseAppSwitch(BaseLanding.java:59)
at Runner.LandingITest.closeApp(LandingITest.java:46)
at Operation.BaseLanding.testCloseAppSwitch(BaseLanding.java:59)
at Runner.LandingITest.closeApp(LandingITest.java:46)
at Operation.BaseLanding.testCloseAppSwitch(BaseLanding.java:59)
at Runner.LandingITest.closeApp(LandingITest.java:46)
at Operation.BaseLanding.testCloseAppSwitch(BaseLanding.java:59)
at Runner.LandingITest.closeApp(LandingITest.java:46)
at Operation.BaseLanding.testCloseAppSwitch(BaseLanding.java:59)
at Runner.LandingITest.closeApp(LandingITest.java:46)
at Operation.BaseLanding.testCloseAppSwitch(BaseLanding.java:59)
at Runner.LandingITest.closeApp(LandingITest.java:46)
at Operation.BaseLanding.testCloseAppSwitch(BaseLanding.java:59)
at Runner.LandingITest.closeApp(LandingITest.java:46)
at Operation.BaseLanding.testCloseAppSwitch(BaseLanding.java:59)
at Runner.LandingITest.closeApp(LandingITest.java:46)
at Operation.BaseLanding.testCloseAppSwitch(BaseLanding.java:59)
at Runner.LandingITest.closeApp(LandingITest.java:46)
at Operation.BaseLanding.testCloseAppSwitch(BaseLanding.java:59)
at Runner.LandingITest.closeApp(LandingITest.java:46)
at Operation.BaseLanding.testCloseAppSwitch(BaseLanding.java:59)
at Runner.LandingITest.closeApp(LandingITest.java:46)
at Operation.BaseLanding.testCloseAppSwitch(BaseLanding.java:59)
at Runner.LandingITest.closeApp(LandingITest.java:46)
at Operation.BaseLanding.testCloseAppSwitch(BaseLanding.java:59)
at Runner.LandingITest.closeApp(LandingITest.java:46)
at Operation.BaseLanding.testCloseAppSwitch(BaseLanding.java:59)
at Runner.LandingITest.closeApp(LandingITest.java:46)
at Operation.BaseLanding.testCloseAppSwitch(BaseLanding.java:59)
at Runner.LandingITest.closeApp(LandingITest.java:46)
at Operation.BaseLanding.testCloseAppSwitch(BaseLanding.java:59)
at Runner.LandingITest.closeApp(LandingITest.java:46)
at Operation.BaseLanding.testCloseAppSwitch(BaseLanding.java:59)
at Runner.LandingITest.closeApp(LandingITest.java:46)
at Operation.BaseLanding.testCloseAppSwitch(BaseLanding.java:59)
at Runner.LandingITest.closeApp(LandingITest.java:46)
at Operation.BaseLanding.testCloseAppSwitch(BaseLanding.java:59)
at Runner.LandingITest.closeApp(LandingITest.java:46)
at Operation.BaseLanding.testCloseAppSwitch(BaseLanding.java:59)
at Runner.LandingITest.closeApp(LandingITest.java:46)
at Operation.BaseLanding.testCloseAppSwitch(BaseLanding.java:59)
at Runner.LandingITest.closeApp(LandingITest.java:46)
at Operation.BaseLanding.testCloseAppSwitch(BaseLanding.java:59)
at Runner.LandingITest.closeApp(LandingITest.java:46)
at Operation.BaseLanding.testCloseAppSwitch(BaseLanding.java:59)
at Runner.LandingITest.closeApp(LandingITest.java:46)
at Operation.BaseLanding.testCloseAppSwitch(BaseLanding.java:59)
at Runner.LandingITest.closeApp(LandingITest.java:46)
at Operation.BaseLanding.testCloseAppSwitch(BaseLanding.java:59)
at Runner.LandingITest.closeApp(LandingITest.java:46)
at Operation.BaseLanding.testCloseAppSwitch(BaseLanding.java:59)
at Runner.LandingITest.closeApp(LandingITest.java:46)
at Operation.BaseLanding.testCloseAppSwitch(BaseLanding.java:59)
at Runner.LandingITest.closeApp(LandingITest.java:46)
at Operation.BaseLanding.testCloseAppSwitch(BaseLanding.java:59)
at Runner.LandingITest.closeApp(LandingITest.java:46)
at Operation.BaseLanding.testCloseAppSwitch(BaseLanding.java:59)
at Runner.LandingITest.closeApp(LandingITest.java:46)
at Operation.BaseLanding.testCloseAppSwitch(BaseLanding.java:59)
at Runner.LandingITest.closeApp(LandingITest.java:46)
at Operation.BaseLanding.testCloseAppSwitch(BaseLanding.java:59)
at Runner.LandingITest.closeApp(LandingITest.java:46)
at Operation.BaseLanding.testCloseAppSwitch(BaseLanding.java:59)
at Runner.LandingITest.closeApp(LandingITest.java:46)
at Operation.BaseLanding.testCloseAppSwitch(BaseLanding.java:59)
at Runner.LandingITest.closeApp(LandingITest.java:46)
at Operation.BaseLanding.testCloseAppSwitch(BaseLanding.java:59)
at Runner.LandingITest.closeApp(LandingITest.java:46)
at Operation.BaseLanding.testCloseAppSwitch(BaseLanding.java:59)
at Runner.LandingITest.closeApp(LandingITest.java:46)
at Operation.BaseLanding.testCloseAppSwitch(BaseLanding.java:59)
at Runner.LandingITest.closeApp(LandingITest.java:46)
at Operation.BaseLanding.testCloseAppSwitch(BaseLanding.java:59)
at Runner.LandingITest.closeApp(LandingITest.java:46)
at Operation.BaseLanding.testCloseAppSwitch(BaseLanding.java:59)
at Runner.LandingITest.closeApp(LandingITest.java:46)
at Operation.BaseLanding.testCloseAppSwitch(BaseLanding.java:59)
at Runner.LandingITest.closeApp(LandingITest.java:46)
at Operation.BaseLanding.testCloseAppSwitch(BaseLanding.java:59)
at Runner.LandingITest.closeApp(LandingITest.java:46)
at Operation.BaseLanding.testCloseAppSwitch(BaseLanding.java:59)
at Runner.LandingITest.closeApp(LandingITest.java:46)
at Operation.BaseLanding.testCloseAppSwitch(BaseLanding.java:59)
at Runner.LandingITest.closeApp(LandingITest.java:46)
at Operation.BaseLanding.testCloseAppSwitch(BaseLanding.java:59)
at Runner.LandingITest.closeApp(LandingITest.java:46)
at Operation.BaseLanding.testCloseAppSwitch(BaseLanding.java:59)
at Runner.LandingITest.closeApp(LandingITest.java:46)
at Operation.BaseLanding.testCloseAppSwitch(BaseLanding.java:59)
at Runner.LandingITest.closeApp(LandingITest.java:46)
at Operation.BaseLanding.testCloseAppSwitch(BaseLanding.java:59)
at Runner.LandingITest.closeApp(LandingITest.java:46)
at Operation.BaseLanding.testCloseAppSwitch(BaseLanding.java:59)
at Runner.LandingITest.closeApp(LandingITest.java:46)
at Operation.BaseLanding.testCloseAppSwitch(BaseLanding.java:59)
at Runner.LandingITest.closeApp(LandingITest.java:46)
at Operation.BaseLanding.testCloseAppSwitch(BaseLanding.java:59)
at Runner.LandingITest.closeApp(LandingITest.java:46)
at Operation.BaseLanding.testCloseAppSwitch(BaseLanding.java:59)
at Runner.LandingITest.closeApp(LandingITest.java:46)
at Operation.BaseLanding.testCloseAppSwitch(BaseLanding.java:59)
at Runner.LandingITest.closeApp(LandingITest.java:46)
at Operation.BaseLanding.testCloseAppSwitch(BaseLanding.java:59)
at Runner.LandingITest.closeApp(LandingITest.java:46)
at Operation.BaseLanding.testCloseAppSwitch(BaseLanding.java:59)
at Runner.LandingITest.closeApp(LandingITest.java:46)
at Operation.BaseLanding.testCloseAppSwitch(BaseLanding.java:59)
at Runner.LandingITest.closeApp(LandingITest.java:46)
at Operation.BaseLanding.testCloseAppSwitch(BaseLanding.java:59)
at Runner.LandingITest.closeApp(LandingITest.java:46)
at Operation.BaseLanding.testCloseAppSwitch(BaseLanding.java:59)
at Runner.LandingITest.closeApp(LandingITest.java:46)
at Operation.BaseLanding.testCloseAppSwitch(BaseLanding.java:59)
at Runner.LandingITest.closeApp(LandingITest.java:46)
at Operation.BaseLanding.testCloseAppSwitch(BaseLanding.java:59)
at Runner.LandingITest.closeApp(LandingITest.java:46)
at Operation.BaseLanding.testCloseAppSwitch(BaseLanding.java:59)
at Runner.LandingITest.closeApp(LandingITest.java:46)
at Operation.BaseLanding.testCloseAppSwitch(BaseLanding.java:59)
at Runner.LandingITest.closeApp(LandingITest.java:46)
at Operation.BaseLanding.testCloseAppSwitch(BaseLanding.java:59)
at Runner.LandingITest.closeApp(LandingITest.java:46)
at Operation.BaseLanding.testCloseAppSwitch(BaseLanding.java:59)
at Runner.LandingITest.closeApp(LandingITest.java:46)
at Operation.BaseLanding.testCloseAppSwitch(BaseLanding.java:59)
at Runner.LandingITest.closeApp(LandingITest.java:46)
at Operation.BaseLanding.testCloseAppSwitch(BaseLanding.java:59)
at Runner.LandingITest.closeApp(LandingITest.java:46)
at Operation.BaseLanding.testCloseAppSwitch(BaseLanding.java:59)
at Runner.LandingITest.closeApp(LandingITest.java:46)
at Operation.BaseLanding.testCloseAppSwitch(BaseLanding.java:59)
at Runner.LandingITest.closeApp(LandingITest.java:46)
at Operation.BaseLanding.testCloseAppSwitch(BaseLanding.java:59)
at Runner.LandingITest.closeApp(LandingITest.java:46)
at Operation.BaseLanding.testCloseAppSwitch(BaseLanding.java:59)
at Runner.LandingITest.closeApp(LandingITest.java:46)
at Operation.BaseLanding.testCloseAppSwitch(BaseLanding.java:59)
at Runner.LandingITest.closeApp(LandingITest.java:46)
at Operation.BaseLanding.testCloseAppSwitch(BaseLanding.java:59)
at Runner.LandingITest.closeApp(LandingITest.java:46)
at Operation.BaseLanding.testCloseAppSwitch(BaseLanding.java:59)
at Runner.LandingITest.closeApp(LandingITest.java:46)
at Operation.BaseLanding.testCloseAppSwitch(BaseLanding.java:59)
at Runner.LandingITest.closeApp(LandingITest.java:46)
at Operation.BaseLanding.testCloseAppSwitch(BaseLanding.java:59)
at Runner.LandingITest.closeApp(LandingITest.java:46)
at Operation.BaseLanding.testCloseAppSwitch(BaseLanding.java:59)
at Runner.LandingITest.closeApp(LandingITest.java:46)
at Operation.BaseLanding.testCloseAppSwitch(BaseLanding.java:59)
at Runner.LandingITest.closeApp(LandingITest.java:46)
at Operation.BaseLanding.testCloseAppSwitch(BaseLanding.java:59)
at Runner.LandingITest.closeApp(LandingITest.java:46)
at Operation.BaseLanding.testCloseAppSwitch(BaseLanding.java:59)
at Runner.LandingITest.closeApp(LandingITest.java:46)
at Operation.BaseLanding.testCloseAppSwitch(BaseLanding.java:59)
at Runner.LandingITest.closeApp(LandingITest.java:46)
at Operation.BaseLanding.testCloseAppSwitch(BaseLanding.java:59)
at Runner.LandingITest.closeApp(LandingITest.java:46)
at Operation.BaseLanding.testCloseAppSwitch(BaseLanding.java:59)
at Runner.LandingITest.closeApp(LandingITest.java:46)
at Operation.BaseLanding.testCloseAppSwitch(BaseLanding.java:59)
at Runner.LandingITest.closeApp(LandingITest.java:46)
at Operation.BaseLanding.testCloseAppSwitch(BaseLanding.java:59)
at Runner.LandingITest.closeApp(LandingITest.java:46)
at Operation.BaseLanding.testCloseAppSwitch(BaseLanding.java:59)
at Runner.LandingITest.closeApp(LandingITest.java:46)
at Operation.BaseLanding.testCloseAppSwitch(BaseLanding.java:59)
at Runner.LandingITest.closeApp(LandingITest.java:46)
at Operation.BaseLanding.testCloseAppSwitch(BaseLanding.java:59)
at Runner.LandingITest.closeApp(LandingITest.java:46)
at Operation.BaseLanding.testCloseAppSwitch(BaseLanding.java:59)
at Runner.LandingITest.closeApp(LandingITest.java:46)
at Operation.BaseLanding.testCloseAppSwitch(BaseLanding.java:59)
at Runner.LandingITest.closeApp(LandingITest.java:46)
at Operation.BaseLanding.testCloseAppSwitch(BaseLanding.java:59)
at Runner.LandingITest.closeApp(LandingITest.java:46)
at Operation.BaseLanding.testCloseAppSwitch(BaseLanding.java:59)
at Runner.LandingITest.closeApp(LandingITest.java:46)
at Operation.BaseLanding.testCloseAppSwitch(BaseLanding.java:59)
at Runner.LandingITest.closeApp(LandingITest.java:46)
at Operation.BaseLanding.testCloseAppSwitch(BaseLanding.java:59)
at Runner.LandingITest.closeApp(LandingITest.java:46)
at Operation.BaseLanding.testCloseAppSwitch(BaseLanding.java:59)
at Runner.LandingITest.closeApp(LandingITest.java:46)
at Operation.BaseLanding.testCloseAppSwitch(BaseLanding.java:59)
at Runner.LandingITest.closeApp(LandingITest.java:46)
at Operation.BaseLanding.testCloseAppSwitch(BaseLanding.java:59)
at Runner.LandingITest.closeApp(LandingITest.java:46)
at Operation.BaseLanding.testCloseAppSwitch(BaseLanding.java:59)
at Runner.LandingITest.closeApp(LandingITest.java:46)
at Operation.BaseLanding.testCloseAppSwitch(BaseLanding.java:59)
at Runner.LandingITest.closeApp(LandingITest.java:46)
at Operation.BaseLanding.testCloseAppSwitch(BaseLanding.java:59)
at Runner.LandingITest.closeApp(LandingITest.java:46)
at Operation.BaseLanding.testCloseAppSwitch(BaseLanding.java:59)
at Runner.LandingITest.closeApp(LandingITest.java:46)
at Operation.BaseLanding.testCloseAppSwitch(BaseLanding.java:59)
at Runner.LandingITest.closeApp(LandingITest.java:46)
at Operation.BaseLanding.testCloseAppSwitch(BaseLanding.java:59)
at Runner.LandingITest.closeApp(LandingITest.java:46)
at Operation.BaseLanding.testCloseAppSwitch(BaseLanding.java:59)
at Runner.LandingITest.closeApp(LandingITest.java:46)
at Operation.BaseLanding.testCloseAppSwitch(BaseLanding.java:59)
at Runner.LandingITest.closeApp(LandingITest.java:46)
at Operation.BaseLanding.testCloseAppSwitch(BaseLanding.java:59)
at Runner.LandingITest.closeApp(LandingITest.java:46)
at Operation.BaseLanding.testCloseAppSwitch(BaseLanding.java:59)
at Runner.LandingITest.closeApp(LandingITest.java:46)
at Operation.BaseLanding.testCloseAppSwitch(BaseLanding.java:59)
at Runner.LandingITest.closeApp(LandingITest.java:46)
at Operation.BaseLanding.testCloseAppSwitch(BaseLanding.java:59)
at Runner.LandingITest.closeApp(LandingITest.java:46)
at Operation.BaseLanding.testCloseAppSwitch(BaseLanding.java:59)
at Runner.LandingITest.closeApp(LandingITest.java:46)
at Operation.BaseLanding.testCloseAppSwitch(BaseLanding.java:59)
at Runner.LandingITest.closeApp(LandingITest.java:46)
at Operation.BaseLanding.testCloseAppSwitch(BaseLanding.java:59)
at Runner.LandingITest.closeApp(LandingITest.java:46)
at Operation.BaseLanding.testCloseAppSwitch(BaseLanding.java:59)
at Runner.LandingITest.closeApp(LandingITest.java:46)
at Operation.BaseLanding.testCloseAppSwitch(BaseLanding.java:59)
at Runner.LandingITest.closeApp(LandingITest.java:46)
at Operation.BaseLanding.testCloseAppSwitch(BaseLanding.java:59)
at Runner.LandingITest.closeApp(LandingITest.java:46)
at Operation.BaseLanding.testCloseAppSwitch(BaseLanding.java:59)
at Runner.LandingITest.closeApp(LandingITest.java:46)
at Operation.BaseLanding.testCloseAppSwitch(BaseLanding.java:59)
at Runner.LandingITest.closeApp(LandingITest.java:46)
at Operation.BaseLanding.testCloseAppSwitch(BaseLanding.java:59)
at Runner.LandingITest.closeApp(LandingITest.java:46)
at Operation.BaseLanding.testCloseAppSwitch(BaseLanding.java:59)
at Runner.LandingITest.closeApp(LandingITest.java:46)
at Operation.BaseLanding.testCloseAppSwitch(BaseLanding.java:59)
at Runner.LandingITest.closeApp(LandingITest.java:46)
at Operation.BaseLanding.testCloseAppSwitch(BaseLanding.java:59)
at Runner.LandingITest.closeApp(LandingITest.java:46)
at Operation.BaseLanding.testCloseAppSwitch(BaseLanding.java:59)
at Runner.LandingITest.closeApp(LandingITest.java:46)
at Operation.BaseLanding.testCloseAppSwitch(BaseLanding.java:59)
at Runner.LandingITest.closeApp(LandingITest.java:46)
at Operation.BaseLanding.testCloseAppSwitch(BaseLanding.java:59)
at Runner.LandingITest.closeApp(LandingITest.java:46)
at Operation.BaseLanding.testCloseAppSwitch(BaseLanding.java:59)
at Runner.LandingITest.closeApp(LandingITest.java:46)
at Operation.BaseLanding.testCloseAppSwitch(BaseLanding.java:59)
at Runner.LandingITest.closeApp(LandingITest.java:46)
at Operation.BaseLanding.testCloseAppSwitch(BaseLanding.java:59)
at Runner.LandingITest.closeApp(LandingITest.java:46)
at Operation.BaseLanding.testCloseAppSwitch(BaseLanding.java:59)
at Runner.LandingITest.closeApp(LandingITest.java:46)
at Operation.BaseLanding.testCloseAppSwitch(BaseLanding.java:59)
at Runner.LandingITest.closeApp(LandingITest.java:46)
at Operation.BaseLanding.testCloseAppSwitch(BaseLanding.java:59)
at Runner.LandingITest.closeApp(LandingITest.java:46)
at Operation.BaseLanding.testCloseAppSwitch(BaseLanding.java:59)
at Runner.LandingITest.closeApp(LandingITest.java:46)
at Operation.BaseLanding.testCloseAppSwitch(BaseLanding.java:59)
at Runner.LandingITest.closeApp(LandingITest.java:46)
at Operation.BaseLanding.testCloseAppSwitch(BaseLanding.java:59)
at Runner.LandingITest.closeApp(LandingITest.java:46)
at Operation.BaseLanding.testCloseAppSwitch(BaseLanding.java:59)
at Runner.LandingITest.closeApp(LandingITest.java:46)
at Operation.BaseLanding.testCloseAppSwitch(BaseLanding.java:59)
at Runner.LandingITest.closeApp(LandingITest.java:46)
at Operation.BaseLanding.testCloseAppSwitch(BaseLanding.java:59)
at Runner.LandingITest.closeApp(LandingITest.java:46)
at Operation.BaseLanding.testCloseAppSwitch(BaseLanding.java:59)
at Runner.LandingITest.closeApp(LandingITest.java:46)
at Operation.BaseLanding.testCloseAppSwitch(BaseLanding.java:59)
at Runner.LandingITest.closeApp(LandingITest.java:46)
at Operation.BaseLanding.testCloseAppSwitch(BaseLanding.java:59)
at Runner.LandingITest.closeApp(LandingITest.java:46)
at Operation.BaseLanding.testCloseAppSwitch(BaseLanding.java:59)
at Runner.LandingITest.closeApp(LandingITest.java:46)
at Operation.BaseLanding.testCloseAppSwitch(BaseLanding.java:59)
at Runner.LandingITest.closeApp(LandingITest.java:46)
at Operation.BaseLanding.testCloseAppSwitch(BaseLanding.java:59)
at Runner.LandingITest.closeApp(LandingITest.java:46)
at Operation.BaseLanding.testCloseAppSwitch(BaseLanding.java:59)
at Runner.LandingITest.closeApp(LandingITest.java:46)
at Operation.BaseLanding.testCloseAppSwitch(BaseLanding.java:59)
at Runner.LandingITest.closeApp(LandingITest.java:46)
at Operation.BaseLanding.testCloseAppSwitch(BaseLanding.java:59)
at Runner.LandingITest.closeApp(LandingITest.java:46)
at Operation.BaseLanding.testCloseAppSwitch(BaseLanding.java:59)
at Runner.LandingITest.closeApp(LandingITest.java:46)
at Operation.BaseLanding.testCloseAppSwitch(BaseLanding.java:59)
at Runner.LandingITest.closeApp(LandingITest.java:46)
at Operation.BaseLanding.testCloseAppSwitch(BaseLanding.java:59)
at Runner.LandingITest.closeApp(LandingITest.java:46)
at Operation.BaseLanding.testCloseAppSwitch(BaseLanding.java:59)
at Runner.LandingITest.closeApp(LandingITest.java:46)
at Operation.BaseLanding.testCloseAppSwitch(BaseLanding.java:59)
at Runner.LandingITest.closeApp(LandingITest.java:46)
at Operation.BaseLanding.testCloseAppSwitch(BaseLanding.java:59)
at Runner.LandingITest.closeApp(LandingITest.java:46)
at Operation.BaseLanding.testCloseAppSwitch(BaseLanding.java:59)
at Runner.LandingITest.closeApp(LandingITest.java:46)
at Operation.BaseLanding.testCloseAppSwitch(BaseLanding.java:59)
at Runner.LandingITest.closeApp(LandingITest.java:46)
at Operation.BaseLanding.testCloseAppSwitch(BaseLanding.java:59)
at Runner.LandingITest.closeApp(LandingITest.java:46)
at Operation.BaseLanding.testCloseAppSwitch(BaseLanding.java:59)
at Runner.LandingITest.closeApp(LandingITest.java:46)
at Operation.BaseLanding.testCloseAppSwitch(BaseLanding.java:59)
at Runner.LandingITest.closeApp(LandingITest.java:46)
at Operation.BaseLanding.testCloseAppSwitch(BaseLanding.java:59)
at Runner.LandingITest.closeApp(LandingITest.java:46)
at Operation.BaseLanding.testCloseAppSwitch(BaseLanding.java:59)
at Runner.LandingITest.closeApp(LandingITest.java:46)
at Operation.BaseLanding.testCloseAppSwitch(BaseLanding.java:59)
at Runner.LandingITest.closeApp(LandingITest.java:46)
at Operation.BaseLanding.testCloseAppSwitch(BaseLanding.java:59)
at Runner.LandingITest.closeApp(LandingITest.java:46)
at Operation.BaseLanding.testCloseAppSwitch(BaseLanding.java:59)
at Runner.LandingITest.closeApp(LandingITest.java:46)
at Operation.BaseLanding.testCloseAppSwitch(BaseLanding.java:59)
at Runner.LandingITest.closeApp(LandingITest.java:46)
at Operation.BaseLanding.testCloseAppSwitch(BaseLanding.java:59)
at Runner.LandingITest.closeApp(LandingITest.java:46)
at Operation.BaseLanding.testCloseAppSwitch(BaseLanding.java:59)
at Runner.LandingITest.closeApp(LandingITest.java:46)
at Operation.BaseLanding.testCloseAppSwitch(BaseLanding.java:59)
at Runner.LandingITest.closeApp(LandingITest.java:46)
at Operation.BaseLanding.testCloseAppSwitch(BaseLanding.java:59)
at Runner.LandingITest.closeApp(LandingITest.java:46)
at Operation.BaseLanding.testCloseAppSwitch(BaseLanding.java:59)
at Runner.LandingITest.closeApp(LandingITest.java:46)
at Operation.BaseLanding.testCloseAppSwitch(BaseLanding.java:59)
at Runner.LandingITest.closeApp(LandingITest.java:46)
at Operation.BaseLanding.testCloseAppSwitch(BaseLanding.java:59)
at Runner.LandingITest.closeApp(LandingITest.java:46)
at Operation.BaseLanding.testCloseAppSwitch(BaseLanding.java:59)
at Runner.LandingITest.closeApp(LandingITest.java:46)
at Operation.BaseLanding.testCloseAppSwitch(BaseLanding.java:59)
at Runner.LandingITest.closeApp(LandingITest.java:46)
at Operation.BaseLanding.testCloseAppSwitch(BaseLanding.java:59)
at Runner.LandingITest.closeApp(LandingITest.java:46)
at Operation.BaseLanding.testCloseAppSwitch(BaseLanding.java:59)
at Runner.LandingITest.closeApp(LandingITest.java:46)
at Operation.BaseLanding.testCloseAppSwitch(BaseLanding.java:59)
at Runner.LandingITest.closeApp(LandingITest.java:46)
at Operation.BaseLanding.testCloseAppSwitch(BaseLanding.java:59)
at Runner.LandingITest.closeApp(LandingITest.java:46)
at Operation.BaseLanding.testCloseAppSwitch(BaseLanding.java:59)
at Runner.LandingITest.closeApp(LandingITest.java:46)
at Operation.BaseLanding.testCloseAppSwitch(BaseLanding.java:59)
at Runner.LandingITest.closeApp(LandingITest.java:46)
at Operation.BaseLanding.testCloseAppSwitch(BaseLanding.java:59)
at Runner.LandingITest.closeApp(LandingITest.java:46)
at Operation.BaseLanding.testCloseAppSwitch(BaseLanding.java:59)
at Runner.LandingITest.closeApp(LandingITest.java:46)
at Operation.BaseLanding.testCloseAppSwitch(BaseLanding.java:59)
at Runner.LandingITest.closeApp(LandingITest.java:46)
at Operation.BaseLanding.testCloseAppSwitch(BaseLanding.java:59)
at Runner.LandingITest.closeApp(LandingITest.java:46)
at Operation.BaseLanding.testCloseAppSwitch(BaseLanding.java:59)
at Runner.LandingITest.closeApp(LandingITest.java:46)
at Operation.BaseLanding.testCloseAppSwitch(BaseLanding.java:59)
at Runner.LandingITest.closeApp(LandingITest.java:46)
at Operation.BaseLanding.testCloseAppSwitch(BaseLanding.java:59)
at Runner.LandingITest.closeApp(LandingITest.java:46)
at Operation.BaseLanding.testCloseAppSwitch(BaseLanding.java:59)
at Runner.LandingITest.closeApp(LandingITest.java:46)
at Operation.BaseLanding.testCloseAppSwitch(BaseLanding.java:59)
at Runner.LandingITest.closeApp(LandingITest.java:46)
at Operation.BaseLanding.testCloseAppSwitch(BaseLanding.java:59)
at Runner.LandingITest.closeApp(LandingITest.java:46)
at Operation.BaseLanding.testCloseAppSwitch(BaseLanding.java:59)
at Runner.LandingITest.closeApp(LandingITest.java:46)
at Operation.BaseLanding.testCloseAppSwitch(BaseLanding.java:59)
at Runner.LandingITest.closeApp(LandingITest.java:46)
at Operation.BaseLanding.testCloseAppSwitch(BaseLanding.java:59)
at Runner.LandingITest.closeApp(LandingITest.java:46)
at Operation.BaseLanding.testCloseAppSwitch(BaseLanding.java:59)
at Runner.LandingITest.closeApp(LandingITest.java:46)
at Operation.BaseLanding.testCloseAppSwitch(BaseLanding.java:59)
at Runner.LandingITest.closeApp(LandingITest.java:46)
at Operation.BaseLanding.testCloseAppSwitch(BaseLanding.java:59)
at Runner.LandingITest.closeApp(LandingITest.java:46)
at Operation.BaseLanding.testCloseAppSwitch(BaseLanding.java:59)
at Runner.LandingITest.closeApp(LandingITest.java:46)
at Operation.BaseLanding.testCloseAppSwitch(BaseLanding.java:59)
at Runner.LandingITest.closeApp(LandingITest.java:46)
at Operation.BaseLanding.testCloseAppSwitch(BaseLanding.java:59)
at Runner.LandingITest.closeApp(LandingITest.java:46)
at Operation.BaseLanding.testCloseAppSwitch(BaseLanding.java:59)
at Runner.LandingITest.closeApp(LandingITest.java:46)
at Operation.BaseLanding.testCloseAppSwitch(BaseLanding.java:59)
at Runner.LandingITest.closeApp(LandingITest.java:46)
at Operation.BaseLanding.testCloseAppSwitch(BaseLanding.java:59)
at Runner.LandingITest.closeApp(LandingITest.java:46)
at Operation.BaseLanding.testCloseAppSwitch(BaseLanding.java:59)
at Runner.LandingITest.closeApp(LandingITest.java:46)
at Operation.BaseLanding.testCloseAppSwitch(BaseLanding.java:59)
at Runner.LandingITest.closeApp(LandingITest.java:46)
at Operation.BaseLanding.testCloseAppSwitch(BaseLanding.java:59)
at Runner.LandingITest.closeApp(LandingITest.java:46)
at Operation.BaseLanding.testCloseAppSwitch(BaseLanding.java:59)
at Runner.LandingITest.closeApp(LandingITest.java:46)
at Operation.BaseLanding.testCloseAppSwitch(BaseLanding.java:59)
at Runner.LandingITest.closeApp(LandingITest.java:46)
at Operation.BaseLanding.testCloseAppSwitch(BaseLanding.java:59)
at Runner.LandingITest.closeApp(LandingITest.java:46)
at Operation.BaseLanding.testCloseAppSwitch(BaseLanding.java:59)
at Runner.LandingITest.closeApp(LandingITest.java:46)
at Operation.BaseLanding.testCloseAppSwitch(BaseLanding.java:59)
at Runner.LandingITest.closeApp(LandingITest.java:46)
at Operation.BaseLanding.testCloseAppSwitch(BaseLanding.java:59)
at Runner.LandingITest.closeApp(LandingITest.java:46)
at Operation.BaseLanding.testCloseAppSwitch(BaseLanding.java:59)
at Runner.LandingITest.closeApp(LandingITest.java:46)
at Operation.BaseLanding.testCloseAppSwitch(BaseLanding.java:59)
at Runner.LandingITest.closeApp(LandingITest.java:46)
at Operation.BaseLanding.testCloseAppSwitch(BaseLanding.java:59)
at Runner.LandingITest.closeApp(LandingITest.java:46)
at Operation.BaseLanding.testCloseAppSwitch(BaseLanding.java:59)
at Runner.LandingITest.closeApp(LandingITest.java:46)
at Operation.BaseLanding.testCloseAppSwitch(BaseLanding.java:59)
at Runner.LandingITest.closeApp(LandingITest.java:46)
at Operation.BaseLanding.testCloseAppSwitch(BaseLanding.java:59)
at Runner.LandingITest.closeApp(LandingITest.java:46)
at Operation.BaseLanding.testCloseAppSwitch(BaseLanding.java:59)
at Runner.LandingITest.closeApp(LandingITest.java:46)
at Operation.BaseLanding.testCloseAppSwitch(BaseLanding.java:59)
at Runner.LandingITest.closeApp(LandingITest.java:46)
at Operation.BaseLanding.testCloseAppSwitch(BaseLanding.java:59)
at Runner.LandingITest.closeApp(LandingITest.java:46)
at Operation.BaseLanding.testCloseAppSwitch(BaseLanding.java:59)
at Runner.LandingITest.closeApp(LandingITest.java:46)
at Operation.BaseLanding.testCloseAppSwitch(BaseLanding.java:59)
at Runner.LandingITest.closeApp(LandingITest.java:46)
at Operation.BaseLanding.testCloseAppSwitch(BaseLanding.java:59)
at Runner.LandingITest.closeApp(LandingITest.java:46)
at Operation.BaseLanding.testCloseAppSwitch(BaseLanding.java:59)
at Runner.LandingITest.closeApp(LandingITest.java:46)
at Operation.BaseLanding.testCloseAppSwitch(BaseLanding.java:59)
at Runner.LandingITest.closeApp(LandingITest.java:46)
at Operation.BaseLanding.testCloseAppSwitch(BaseLanding.java:59)
at Runner.LandingITest.closeApp(LandingITest.java:46)
at Operation.BaseLanding.testCloseAppSwitch(BaseLanding.java:59)
at Runner.LandingITest.closeApp(LandingITest.java:46)
at Operation.BaseLanding.testCloseAppSwitch(BaseLanding.java:59)
at Runner.LandingITest.closeApp(LandingITest.java:46)
at Operation.BaseLanding.testCloseAppSwitch(BaseLanding.java:59)
at Runner.LandingITest.closeApp(LandingITest.java:46)
at Operation.BaseLanding.testCloseAppSwitch(BaseLanding.java:59)
at Runner.LandingITest.closeApp(LandingITest.java:46)
at Operation.BaseLanding.testCloseAppSwitch(BaseLanding.java:59)
at Runner.LandingITest.closeApp(LandingITest.java:46)
at Operation.BaseLanding.testCloseAppSwitch(BaseLanding.java:59)
at Runner.LandingITest.closeApp(LandingITest.java:46)
at Operation.BaseLanding.testCloseAppSwitch(BaseLanding.java:59)
at Runner.LandingITest.closeApp(LandingITest.java:46)
at Operation.BaseLanding.testCloseAppSwitch(BaseLanding.java:59)
at Runner.LandingITest.closeApp(LandingITest.java:46)
at Operation.BaseLanding.testCloseAppSwitch(BaseLanding.java:59)
at Runner.LandingITest.closeApp(LandingITest.java:46)
at Operation.BaseLanding.testCloseAppSwitch(BaseLanding.java:59)
at Runner.LandingITest.closeApp(LandingITest.java:46)
at Operation.BaseLanding.testCloseAppSwitch(BaseLanding.java:59)
at Runner.LandingITest.closeApp(LandingITest.java:46)
at Operation.BaseLanding.testCloseAppSwitch(BaseLanding.java:59)
at Runner.LandingITest.closeApp(LandingITest.java:46)
at Operation.BaseLanding.testCloseAppSwitch(BaseLanding.java:59)
at Runner.LandingITest.closeApp(LandingITest.java:46)
at Operation.BaseLanding.testCloseAppSwitch(BaseLanding.java:59)
at Runner.LandingITest.closeApp(LandingITest.java:46)
at Operation.BaseLanding.testCloseAppSwitch(BaseLanding.java:59)
at Runner.LandingITest.closeApp(LandingITest.java:46)
at Operation.BaseLanding.testCloseAppSwitch(BaseLanding.java:59)
at Runner.LandingITest.closeApp(LandingITest.java:46)
at Operation.BaseLanding.testCloseAppSwitch(BaseLanding.java:59)
at Runner.LandingITest.closeApp(LandingITest.java:46)
at Operation.BaseLanding.testCloseAppSwitch(BaseLanding.java:59)
at Runner.LandingITest.closeApp(LandingITest.java:46)
at Operation.BaseLanding.testCloseAppSwitch(BaseLanding.java:59)
at Runner.LandingITest.closeApp(LandingITest.java:46)
at Operation.BaseLanding.testCloseAppSwitch(BaseLanding.java:59)
at Runner.LandingITest.closeApp(LandingITest.java:46)
at Operation.BaseLanding.testCloseAppSwitch(BaseLanding.java:59)
at Runner.LandingITest.closeApp(LandingITest.java:46)
at Operation.BaseLanding.testCloseAppSwitch(BaseLanding.java:59)
at Runner.LandingITest.closeApp(LandingITest.java:46)
at Operation.BaseLanding.testCloseAppSwitch(BaseLanding.java:59)
at Runner.LandingITest.closeApp(LandingITest.java:46)
at Operation.BaseLanding.testCloseAppSwitch(BaseLanding.java:59)
at Runner.LandingITest.closeApp(LandingITest.java:46)
at Operation.BaseLanding.testCloseAppSwitch(BaseLanding.java:59)
at Runner.LandingITest.closeApp(LandingITest.java:46)
at Operation.BaseLanding.testCloseAppSwitch(BaseLanding.java:59)
at Runner.LandingITest.closeApp(LandingITest.java:46)
at Operation.BaseLanding.testCloseAppSwitch(BaseLanding.java:59)
at Runner.LandingITest.closeApp(LandingITest.java:46)
at Operation.BaseLanding.testCloseAppSwitch(BaseLanding.java:59)
at Runner.LandingITest.closeApp(LandingITest.java:46)
at Operation.BaseLanding.testCloseAppSwitch(BaseLanding.java:59)
at Runner.LandingITest.closeApp(LandingITest.java:46)
at Operation.BaseLanding.testCloseAppSwitch(BaseLanding.java:59)
at Runner.LandingITest.closeApp(LandingITest.java:46)
at Operation.BaseLanding.testCloseAppSwitch(BaseLanding.java:59)
at Runner.LandingITest.closeApp(LandingITest.java:46)
at Operation.BaseLanding.testCloseAppSwitch(BaseLanding.java:59)
at Runner.LandingITest.closeApp(LandingITest.java:46)
at Operation.BaseLanding.testCloseAppSwitch(BaseLanding.java:59)
at Runner.LandingITest.closeApp(LandingITest.java:46)
at Operation.BaseLanding.testCloseAppSwitch(BaseLanding.java:59)
at Runner.LandingITest.closeApp(LandingITest.java:46)
at Operation.BaseLanding.testCloseAppSwitch(BaseLanding.java:59)
at Runner.LandingITest.closeApp(LandingITest.java:46)
at Operation.BaseLanding.testCloseAppSwitch(BaseLanding.java:59)
at Runner.LandingITest.closeApp(LandingITest.java:46)
at Operation.BaseLanding.testCloseAppSwitch(BaseLanding.java:59)
at Runner.LandingITest.closeApp(LandingITest.java:46)
at Operation.BaseLanding.testCloseAppSwitch(BaseLanding.java:59)
at Runner.LandingITest.closeApp(LandingITest.java:46)
at Operation.BaseLanding.testCloseAppSwitch(BaseLanding.java:59)
at Runner.LandingITest.closeApp(LandingITest.java:46)
at Operation.BaseLanding.testCloseAppSwitch(BaseLanding.java:59)
at Runner.LandingITest.closeApp(LandingITest.java:46)
at Operation.BaseLanding.testCloseAppSwitch(BaseLanding.java:59)
at Runner.LandingITest.closeApp(LandingITest.java:46)
at Operation.BaseLanding.testCloseAppSwitch(BaseLanding.java:59)
at Runner.LandingITest.closeApp(LandingITest.java:46)
at Operation.BaseLanding.testCloseAppSwitch(BaseLanding.java:59)
at Runner.LandingITest.closeApp(LandingITest.java:46)
at Operation.BaseLanding.testCloseAppSwitch(BaseLanding.java:59)
at Runner.LandingITest.closeApp(LandingITest.java:46)
at Operation.BaseLanding.testCloseAppSwitch(BaseLanding.java:59)
at Runner.LandingITest.closeApp(LandingITest.java:46)
at Operation.BaseLanding.testCloseAppSwitch(BaseLanding.java:59)
at Runner.LandingITest.closeApp(LandingITest.java:46)
at Operation.BaseLanding.testCloseAppSwitch(BaseLanding.java:59)
at Runner.LandingITest.closeApp(LandingITest.java:46)
at Operation.BaseLanding.testCloseAppSwitch(BaseLanding.java:59)
at Runner.LandingITest.closeApp(LandingITest.java:46)
at Operation.BaseLanding.testCloseAppSwitch(BaseLanding.java:59)
at Runner.LandingITest.closeApp(LandingITest.java:46)
at Operation.BaseLanding.testCloseAppSwitch(BaseLanding.java:59)
at Runner.LandingITest.closeApp(LandingITest.java:46)
at Operation.BaseLanding.testCloseAppSwitch(BaseLanding.java:59)
at Runner.LandingITest.closeApp(LandingITest.java:46)
at Operation.BaseLanding.testCloseAppSwitch(BaseLanding.java:59)
at Runner.LandingITest.closeApp(LandingITest.java:46)
at Operation.BaseLanding.testCloseAppSwitch(BaseLanding.java:59)
at Runner.LandingITest.closeApp(LandingITest.java:46)
at Operation.BaseLanding.testCloseAppSwitch(BaseLanding.java:59)
at Runner.LandingITest.closeApp(LandingITest.java:46)
at Operation.BaseLanding.testCloseAppSwitch(BaseLanding.java:59)
at Runner.LandingITest.closeApp(LandingITest.java:46)
at Operation.BaseLanding.testCloseAppSwitch(BaseLanding.java:59)
at Runner.LandingITest.closeApp(LandingITest.java:46)
at Operation.BaseLanding.testCloseAppSwitch(BaseLanding.java:59)
at Runner.LandingITest.closeApp(LandingITest.java:46)
at Operation.BaseLanding.testCloseAppSwitch(BaseLanding.java:59)
at Runner.LandingITest.closeApp(LandingITest.java:46)
at Operation.BaseLanding.testCloseAppSwitch(BaseLanding.java:59)
at Runner.LandingITest.closeApp(LandingITest.java:46)
at Operation.BaseLanding.testCloseAppSwitch(BaseLanding.java:59)
at Runner.LandingITest.closeApp(LandingITest.java:46)
at Operation.BaseLanding.testCloseAppSwitch(BaseLanding.java:59)
at Runner.LandingITest.closeApp(LandingITest.java:46)
at Operation.BaseLanding.testCloseAppSwitch(BaseLanding.java:59)
at Runner.LandingITest.closeApp(LandingITest.java:46)
at Operation.BaseLanding.testCloseAppSwitch(BaseLanding.java:59)
at Runner.LandingITest.closeApp(LandingITest.java:46)
at Operation.BaseLanding.testCloseAppSwitch(BaseLanding.java:59)
at Runner.LandingITest.closeApp(LandingITest.java:46)
at Operation.BaseLanding.testCloseAppSwitch(BaseLanding.java:59)
at Runner.LandingITest.closeApp(LandingITest.java:46)
at Operation.BaseLanding.testCloseAppSwitch(BaseLanding.java:59)
at Runner.LandingITest.closeApp(LandingITest.java:46)
at Operation.BaseLanding.testCloseAppSwitch(BaseLanding.java:59)
at Runner.LandingITest.closeApp(LandingITest.java:46)
at Operation.BaseLanding.testCloseAppSwitch(BaseLanding.java:59)
at Runner.LandingITest.closeApp(LandingITest.java:46)
at Operation.BaseLanding.testCloseAppSwitch(BaseLanding.java:59)
at Runner.LandingITest.closeApp(LandingITest.java:46)
at Operation.BaseLanding.testCloseAppSwitch(BaseLanding.java:59)
at Runner.LandingITest.closeApp(LandingITest.java:46)
at Operation.BaseLanding.testCloseAppSwitch(BaseLanding.java:59)
at Runner.LandingITest.closeApp(LandingITest.java:46)
at Operation.BaseLanding.testCloseAppSwitch(BaseLanding.java:59)
at Runner.LandingITest.closeApp(LandingITest.java:46)
at Operation.BaseLanding.testCloseAppSwitch(BaseLanding.java:59)
at Runner.LandingITest.closeApp(LandingITest.java:46)
at Operation.BaseLanding.testCloseAppSwitch(BaseLanding.java:59)
at Runner.LandingITest.closeApp(LandingITest.java:46)
at Operation.BaseLanding.testCloseAppSwitch(BaseLanding.java:59)
at Runner.LandingITest.closeApp(LandingITest.java:46)
at Operation.BaseLanding.testCloseAppSwitch(BaseLanding.java:59)
at Runner.LandingITest.closeApp(LandingITest.java:46)
at Operation.BaseLanding.testCloseAppSwitch(BaseLanding.java:59)
at Runner.LandingITest.closeApp(LandingITest.java:46)
at Operation.BaseLanding.testCloseAppSwitch(BaseLanding.java:59)
at Runner.LandingITest.closeApp(LandingITest.java:46)
at Operation.BaseLanding.testCloseAppSwitch(BaseLanding.java:59)
at Runner.LandingITest.closeApp(LandingITest.java:46)
at Operation.BaseLanding.testCloseAppSwitch(BaseLanding.java:59)
at Runner.LandingITest.closeApp(LandingITest.java:46)
at Operation.BaseLanding.testCloseAppSwitch(BaseLanding.java:59)
at Runner.LandingITest.closeApp(LandingITest.java:46)
at Operation.BaseLanding.testCloseAppSwitch(BaseLanding.java:59)
at Runner.LandingITest.closeApp(LandingITest.java:46)
at Operation.BaseLanding.testCloseAppSwitch(BaseLanding.java:59)
at Runner.LandingITest.closeApp(LandingITest.java:46)
at Operation.BaseLanding.testCloseAppSwitch(BaseLanding.java:59)
at Runner.LandingITest.closeApp(LandingITest.java:46)
at Operation.BaseLanding.testCloseAppSwitch(BaseLanding.java:59)
at Runner.LandingITest.closeApp(LandingITest.java:46)
at Operation.BaseLanding.testCloseAppSwitch(BaseLanding.java:59)
at Runner.LandingITest.closeApp(LandingITest.java:46)
at Operation.BaseLanding.testCloseAppSwitch(BaseLanding.java:59)
at Runner.LandingITest.closeApp(LandingITest.java:46)
at Operation.BaseLanding.testCloseAppSwitch(BaseLanding.java:59)
at Runner.LandingITest.closeApp(LandingITest.java:46)
at Operation.BaseLanding.testCloseAppSwitch(BaseLanding.java:59)
at Runner.LandingITest.closeApp(LandingITest.java:46)
at Operation.BaseLanding.testCloseAppSwitch(BaseLanding.java:59)
at Runner.LandingITest.closeApp(LandingITest.java:46)
at Operation.BaseLanding.testCloseAppSwitch(BaseLanding.java:59)
at Runner.LandingITest.closeApp(LandingITest.java:46)
at Operation.BaseLanding.testCloseAppSwitch(BaseLanding.java:59)
at Runner.LandingITest.closeApp(LandingITest.java:46)
at Operation.BaseLanding.testCloseAppSwitch(BaseLanding.java:59)
at Runner.LandingITest.closeApp(LandingITest.java:46)
at Operation.BaseLanding.testCloseAppSwitch(BaseLanding.java:59)
at Runner.LandingITest.closeApp(LandingITest.java:46)
at Operation.BaseLanding.testCloseAppSwitch(BaseLanding.java:59)
at Runner.LandingITest.closeApp(LandingITest.java:46)
at Operation.BaseLanding.testCloseAppSwitch(BaseLanding.java:59)
at Runner.LandingITest.closeApp(LandingITest.java:46)
at Operation.BaseLanding.testCloseAppSwitch(BaseLanding.java:59)
at Runner.LandingITest.closeApp(LandingITest.java:46)
at Operation.BaseLanding.testCloseAppSwitch(BaseLanding.java:59)
at Runner.LandingITest.closeApp(LandingITest.java:46)
at Operation.BaseLanding.testCloseAppSwitch(BaseLanding.java:59)
at Runner.LandingITest.closeApp(LandingITest.java:46)
at Operation.BaseLanding.testCloseAppSwitch(BaseLanding.java:59)
at Runner.LandingITest.closeApp(LandingITest.java:46)
at Operation.BaseLanding.testCloseAppSwitch(BaseLanding.java:59)
at Runner.LandingITest.closeApp(LandingITest.java:46)
at Operation.BaseLanding.testCloseAppSwitch(BaseLanding.java:59)
at Runner.LandingITest.closeApp(LandingITest.java:46)
at Operation.BaseLanding.testCloseAppSwitch(BaseLanding.java:59)
at Runner.LandingITest.closeApp(LandingITest.java:46)
at Operation.BaseLanding.testCloseAppSwitch(BaseLanding.java:59)
at Runner.LandingITest.closeApp(LandingITest.java:46)
at Operation.BaseLanding.testCloseAppSwitch(BaseLanding.java:59)
at Runner.LandingITest.closeApp(LandingITest.java:46)
at Operation.BaseLanding.testCloseAppSwitch(BaseLanding.java:59)
at Runner.LandingITest.closeApp(LandingITest.java:46)
at Operation.BaseLanding.testCloseAppSwitch(BaseLanding.java:59)
at Runner.LandingITest.closeApp(LandingITest.java:46)
at Operation.BaseLanding.testCloseAppSwitch(BaseLanding.java:59)
at Runner.LandingITest.closeApp(LandingITest.java:46)
at Operation.BaseLanding.testCloseAppSwitch(BaseLanding.java:59)
at Runner.LandingITest.closeApp(LandingITest.java:46)
at Operation.BaseLanding.testCloseAppSwitch(BaseLanding.java:59)
at Runner.LandingITest.closeApp(LandingITest.java:46)
at Operation.BaseLanding.testCloseAppSwitch(BaseLanding.java:59)
at Runner.LandingITest.closeApp(LandingITest.java:46)
at Operation.BaseLanding.testCloseAppSwitch(BaseLanding.java:59)
at Runner.LandingITest.closeApp(LandingITest.java:46)
at Operation.BaseLanding.testCloseAppSwitch(BaseLanding.java:59)
at Runner.LandingITest.closeApp(LandingITest.java:46)
]]>
            </full-stacktrace>
          </exception> <!-- java.lang.StackOverflowError -->
          <reporter-output>
          </reporter-output>
        </test-method> <!-- closeApp -->
        <test-method is-config="true" signature="closeApp()[pri:0, instance:Runner.LoginITest@4567f35d]" started-at="2020-06-30T05:42:37Z" name="closeApp" finished-at="2020-06-30T05:42:37Z" duration-ms="0" status="SKIP">
          <reporter-output>
          </reporter-output>
        </test-method> <!-- closeApp -->
      </class> <!-- Runner.LandingITest -->
      <class name="Runner.LoginITest">
        <test-method signature="checkValidLogin()[pri:1, instance:Runner.LoginITest@4567f35d]" started-at="2020-06-30T05:41:44Z" name="checkValidLogin" description="User able to pass HOMEPAGE from VALID LOGIN" finished-at="2020-06-30T05:42:05Z" duration-ms="20379" status="PASS">
          <reporter-output>
          </reporter-output>
        </test-method> <!-- checkValidLogin -->
        <test-method signature="checkInvalidEmail()[pri:2, instance:Runner.LoginITest@4567f35d]" started-at="2020-06-30T05:42:17Z" name="checkInvalidEmail" description="User unable to pass HOMEPAGE from INVALID LOGIN" finished-at="2020-06-30T05:42:22Z" duration-ms="5056" status="FAIL">
          <exception class="org.openqa.selenium.WebDriverException">
            <message>
              <![CDATA[An unknown server-side error occurred while processing the command. Original error: Could not proxy command to remote server. Original error: Error: socket hang up
Build info: version: '3.141.59', revision: 'e82be7d358', time: '2018-11-14T08:17:03'
System info: host: 'Faizals-MacBook-Pro.local', ip: 'fe80:0:0:0:48f:4676:4a4:6f5a%en0', os.name: 'Mac OS X', os.arch: 'x86_64', os.version: '10.15.5', java.version: '13.0.2'
Driver info: io.appium.java_client.android.AndroidDriver
Capabilities {appActivity: com.smartfren.switchmobile...., appPackage: com.smartfren.switchmobile, autoGrantPermissions: true, databaseEnabled: false, desired: {appActivity: com.smartfren.switchmobile...., appPackage: com.smartfren.switchmobile, autoGrantPermissions: true, noReset: true, platformName: android, platformVersion: 8.1.0, udid: emulator-5554}, deviceApiLevel: 27, deviceManufacturer: Google, deviceModel: Android SDK built for x86, deviceName: emulator-5554, deviceScreenDensity: 420, deviceScreenSize: 1080x1920, deviceUDID: emulator-5554, javascriptEnabled: true, locationContextEnabled: false, networkConnectionEnabled: true, noReset: true, pixelRatio: 2.625, platform: LINUX, platformName: ANDROID, platformVersion: 8.1.0, statBarHeight: 63, takesScreenshot: true, udid: emulator-5554, viewportRect: {height: 1731, left: 0, top: 63, width: 1080}, warnings: {}, webStorageEnabled: false}
Session ID: 387f5aed-f0b0-424d-a67f-bf00dba27145
*** Element info: {Using=id, value=com.smartfren.switchmobile:id/skip}]]>
            </message>
            <full-stacktrace>
              <![CDATA[org.openqa.selenium.WebDriverException: An unknown server-side error occurred while processing the command. Original error: Could not proxy command to remote server. Original error: Error: socket hang up
Build info: version: '3.141.59', revision: 'e82be7d358', time: '2018-11-14T08:17:03'
System info: host: 'Faizals-MacBook-Pro.local', ip: 'fe80:0:0:0:48f:4676:4a4:6f5a%en0', os.name: 'Mac OS X', os.arch: 'x86_64', os.version: '10.15.5', java.version: '13.0.2'
Driver info: io.appium.java_client.android.AndroidDriver
Capabilities {appActivity: com.smartfren.switchmobile...., appPackage: com.smartfren.switchmobile, autoGrantPermissions: true, databaseEnabled: false, desired: {appActivity: com.smartfren.switchmobile...., appPackage: com.smartfren.switchmobile, autoGrantPermissions: true, noReset: true, platformName: android, platformVersion: 8.1.0, udid: emulator-5554}, deviceApiLevel: 27, deviceManufacturer: Google, deviceModel: Android SDK built for x86, deviceName: emulator-5554, deviceScreenDensity: 420, deviceScreenSize: 1080x1920, deviceUDID: emulator-5554, javascriptEnabled: true, locationContextEnabled: false, networkConnectionEnabled: true, noReset: true, pixelRatio: 2.625, platform: LINUX, platformName: ANDROID, platformVersion: 8.1.0, statBarHeight: 63, takesScreenshot: true, udid: emulator-5554, viewportRect: {height: 1731, left: 0, top: 63, width: 1080}, warnings: {}, webStorageEnabled: false}
Session ID: 387f5aed-f0b0-424d-a67f-bf00dba27145
*** Element info: {Using=id, value=com.smartfren.switchmobile:id/skip}
at java.base/jdk.internal.reflect.NativeConstructorAccessorImpl.newInstance0(Native Method)
at java.base/jdk.internal.reflect.NativeConstructorAccessorImpl.newInstance(NativeConstructorAccessorImpl.java:62)
at java.base/jdk.internal.reflect.DelegatingConstructorAccessorImpl.newInstance(DelegatingConstructorAccessorImpl.java:45)
at java.base/java.lang.reflect.Constructor.newInstanceWithCaller(Constructor.java:500)
at java.base/java.lang.reflect.Constructor.newInstance(Constructor.java:481)
at org.openqa.selenium.remote.http.W3CHttpResponseCodec.createException(W3CHttpResponseCodec.java:187)
at org.openqa.selenium.remote.http.W3CHttpResponseCodec.decode(W3CHttpResponseCodec.java:122)
at org.openqa.selenium.remote.http.W3CHttpResponseCodec.decode(W3CHttpResponseCodec.java:49)
at org.openqa.selenium.remote.HttpCommandExecutor.execute(HttpCommandExecutor.java:158)
at io.appium.java_client.remote.AppiumCommandExecutor.execute(AppiumCommandExecutor.java:239)
at org.openqa.selenium.remote.RemoteWebDriver.execute(RemoteWebDriver.java:552)
at io.appium.java_client.DefaultGenericMobileDriver.execute(DefaultGenericMobileDriver.java:41)
at io.appium.java_client.AppiumDriver.execute(AppiumDriver.java:1)
at io.appium.java_client.android.AndroidDriver.execute(AndroidDriver.java:1)
at org.openqa.selenium.remote.RemoteWebDriver.findElement(RemoteWebDriver.java:323)
at io.appium.java_client.DefaultGenericMobileDriver.findElement(DefaultGenericMobileDriver.java:61)
at io.appium.java_client.AppiumDriver.findElement(AppiumDriver.java:1)
at io.appium.java_client.android.AndroidDriver.findElement(AndroidDriver.java:1)
at org.openqa.selenium.remote.RemoteWebDriver.findElementById(RemoteWebDriver.java:372)
at io.appium.java_client.DefaultGenericMobileDriver.findElementById(DefaultGenericMobileDriver.java:69)
at io.appium.java_client.AppiumDriver.findElementById(AppiumDriver.java:1)
at io.appium.java_client.android.AndroidDriver.findElementById(AndroidDriver.java:1)
at org.openqa.selenium.By$ById.findElement(By.java:188)
at org.openqa.selenium.remote.RemoteWebDriver.findElement(RemoteWebDriver.java:315)
at io.appium.java_client.DefaultGenericMobileDriver.findElement(DefaultGenericMobileDriver.java:57)
at io.appium.java_client.AppiumDriver.findElement(AppiumDriver.java:1)
at io.appium.java_client.android.AndroidDriver.findElement(AndroidDriver.java:1)
at Operation.BaseLogin.clickButtonLogin(BaseLogin.java:19)
at Operation.BaseLogin.testInvalidEmailLogin(BaseLogin.java:43)
at Runner.LoginITest.checkInvalidEmail(LoginITest.java:33)
at java.base/jdk.internal.reflect.NativeMethodAccessorImpl.invoke0(Native Method)
at java.base/jdk.internal.reflect.NativeMethodAccessorImpl.invoke(NativeMethodAccessorImpl.java:62)
at java.base/jdk.internal.reflect.DelegatingMethodAccessorImpl.invoke(DelegatingMethodAccessorImpl.java:43)
at java.base/java.lang.reflect.Method.invoke(Method.java:567)
at org.testng.internal.MethodInvocationHelper.invokeMethod(MethodInvocationHelper.java:124)
at org.testng.internal.Invoker.invokeMethod(Invoker.java:583)
at org.testng.internal.Invoker.invokeTestMethod(Invoker.java:719)
at org.testng.internal.Invoker.invokeTestMethods(Invoker.java:989)
at org.testng.internal.TestMethodWorker.invokeTestMethods(TestMethodWorker.java:125)
at org.testng.internal.TestMethodWorker.run(TestMethodWorker.java:109)
at org.testng.TestRunner.privateRun(TestRunner.java:648)
at org.testng.TestRunner.run(TestRunner.java:505)
at org.testng.SuiteRunner.runTest(SuiteRunner.java:455)
at org.testng.SuiteRunner.runSequentially(SuiteRunner.java:450)
at org.testng.SuiteRunner.privateRun(SuiteRunner.java:415)
at org.testng.SuiteRunner.run(SuiteRunner.java:364)
at org.testng.SuiteRunnerWorker.runSuite(SuiteRunnerWorker.java:52)
at org.testng.SuiteRunnerWorker.run(SuiteRunnerWorker.java:84)
at org.testng.TestNG.runSuitesSequentially(TestNG.java:1208)
at org.testng.TestNG.runSuitesLocally(TestNG.java:1137)
at org.testng.TestNG.runSuites(TestNG.java:1049)
at org.testng.TestNG.run(TestNG.java:1017)
at org.apache.maven.surefire.testng.TestNGExecutor.run(TestNGExecutor.java:77)
at org.apache.maven.surefire.testng.TestNGDirectoryTestSuite.executeMulti(TestNGDirectoryTestSuite.java:159)
at org.apache.maven.surefire.testng.TestNGDirectoryTestSuite.execute(TestNGDirectoryTestSuite.java:99)
at org.apache.maven.surefire.testng.TestNGProvider.invoke(TestNGProvider.java:106)
at java.base/jdk.internal.reflect.NativeMethodAccessorImpl.invoke0(Native Method)
at java.base/jdk.internal.reflect.NativeMethodAccessorImpl.invoke(NativeMethodAccessorImpl.java:62)
at java.base/jdk.internal.reflect.DelegatingMethodAccessorImpl.invoke(DelegatingMethodAccessorImpl.java:43)
at java.base/java.lang.reflect.Method.invoke(Method.java:567)
at org.apache.maven.surefire.util.ReflectionUtils.invokeMethodWithArray(ReflectionUtils.java:189)
at org.apache.maven.surefire.booter.ProviderFactory$ProviderProxy.invoke(ProviderFactory.java:165)
at org.apache.maven.surefire.booter.ProviderFactory.invokeProvider(ProviderFactory.java:85)
at org.apache.maven.surefire.booter.ForkedBooter.runSuitesInProcess(ForkedBooter.java:115)
at org.apache.maven.surefire.booter.ForkedBooter.main(ForkedBooter.java:75)
]]>
            </full-stacktrace>
          </exception> <!-- org.openqa.selenium.WebDriverException -->
          <reporter-output>
          </reporter-output>
        </test-method> <!-- checkInvalidEmail -->
      </class> <!-- Runner.LoginITest -->
    </test> <!-- Command line test -->
  </suite> <!-- Command line suite -->
</testng-results>
