<?xml version="1.0" encoding="UTF-8"?>
<testng-results skipped="0" failed="0" ignored="2" total="3" passed="1">
  <reporter-output>
  </reporter-output>
  <suite name="Default Suite" duration-ms="16637" started-at="2020-07-02T00:01:49Z" finished-at="2020-07-02T00:02:05Z">
    <groups>
    </groups>
    <test name="switch-mobile-automation" duration-ms="16637" started-at="2020-07-02T00:01:49Z" finished-at="2020-07-02T00:02:05Z">
      <class name="tests.LandingITest">
        <test-method status="PASS" signature="setUp()[pri:0, instance:tests.LandingITest@6f3b5d16]" name="setUp" is-config="true" duration-ms="18447" started-at="2020-07-02T00:01:30Z" finished-at="2020-07-02T00:01:49Z">
          <reporter-output>
          </reporter-output>
        </test-method> <!-- setUp -->
        <test-method status="PASS" signature="checkGoToLoginPage()[pri:1, instance:tests.LandingITest@6f3b5d16]" name="checkGoToLoginPage" duration-ms="16190" started-at="2020-07-02T00:01:49Z" description="User able to go to LOGIN PAGE" finished-at="2020-07-02T00:02:05Z">
          <reporter-output>
          </reporter-output>
        </test-method> <!-- checkGoToLoginPage -->
        <test-method status="FAIL" signature="closeApp()[pri:0, instance:tests.LandingITest@6f3b5d16]" name="closeApp" is-config="true" duration-ms="4" started-at="2020-07-02T00:02:10Z" finished-at="2020-07-02T00:02:10Z">
          <exception class="java.lang.StackOverflowError">
            <full-stacktrace>
              <![CDATA[java.lang.StackOverflowError
at operation.BaseLanding.testCloseAppSwitch(BaseLanding.java:63)
at tests.LandingITest.closeApp(LandingITest.java:49)
at operation.BaseLanding.testCloseAppSwitch(BaseLanding.java:63)
at tests.LandingITest.closeApp(LandingITest.java:49)
at operation.BaseLanding.testCloseAppSwitch(BaseLanding.java:63)
at tests.LandingITest.closeApp(LandingITest.java:49)
at operation.BaseLanding.testCloseAppSwitch(BaseLanding.java:63)
at tests.LandingITest.closeApp(LandingITest.java:49)
at operation.BaseLanding.testCloseAppSwitch(BaseLanding.java:63)
at tests.LandingITest.closeApp(LandingITest.java:49)
at operation.BaseLanding.testCloseAppSwitch(BaseLanding.java:63)
at tests.LandingITest.closeApp(LandingITest.java:49)
at operation.BaseLanding.testCloseAppSwitch(BaseLanding.java:63)
at tests.LandingITest.closeApp(LandingITest.java:49)
at operation.BaseLanding.testCloseAppSwitch(BaseLanding.java:63)
at tests.LandingITest.closeApp(LandingITest.java:49)
at operation.BaseLanding.testCloseAppSwitch(BaseLanding.java:63)
at tests.LandingITest.closeApp(LandingITest.java:49)
at operation.BaseLanding.testCloseAppSwitch(BaseLanding.java:63)
at tests.LandingITest.closeApp(LandingITest.java:49)
at operation.BaseLanding.testCloseAppSwitch(BaseLanding.java:63)
at tests.LandingITest.closeApp(LandingITest.java:49)
at operation.BaseLanding.testCloseAppSwitch(BaseLanding.java:63)
at tests.LandingITest.closeApp(LandingITest.java:49)
at operation.BaseLanding.testCloseAppSwitch(BaseLanding.java:63)
at tests.LandingITest.closeApp(LandingITest.java:49)
at operation.BaseLanding.testCloseAppSwitch(BaseLanding.java:63)
at tests.LandingITest.closeApp(LandingITest.java:49)
at operation.BaseLanding.testCloseAppSwitch(BaseLanding.java:63)
at tests.LandingITest.closeApp(LandingITest.java:49)
at operation.BaseLanding.testCloseAppSwitch(BaseLanding.java:63)
at tests.LandingITest.closeApp(LandingITest.java:49)
at operation.BaseLanding.testCloseAppSwitch(BaseLanding.java:63)
at tests.LandingITest.closeApp(LandingITest.java:49)
at operation.BaseLanding.testCloseAppSwitch(BaseLanding.java:63)
at tests.LandingITest.closeApp(LandingITest.java:49)
at operation.BaseLanding.testCloseAppSwitch(BaseLanding.java:63)
at tests.LandingITest.closeApp(LandingITest.java:49)
at operation.BaseLanding.testCloseAppSwitch(BaseLanding.java:63)
at tests.LandingITest.closeApp(LandingITest.java:49)
at operation.BaseLanding.testCloseAppSwitch(BaseLanding.java:63)
at tests.LandingITest.closeApp(LandingITest.java:49)
at operation.BaseLanding.testCloseAppSwitch(BaseLanding.java:63)
at tests.LandingITest.closeApp(LandingITest.java:49)
at operation.BaseLanding.testCloseAppSwitch(BaseLanding.java:63)
at tests.LandingITest.closeApp(LandingITest.java:49)
at operation.BaseLanding.testCloseAppSwitch(BaseLanding.java:63)
at tests.LandingITest.closeApp(LandingITest.java:49)
at operation.BaseLanding.testCloseAppSwitch(BaseLanding.java:63)
at tests.LandingITest.closeApp(LandingITest.java:49)
at operation.BaseLanding.testCloseAppSwitch(BaseLanding.java:63)
at tests.LandingITest.closeApp(LandingITest.java:49)
at operation.BaseLanding.testCloseAppSwitch(BaseLanding.java:63)
at tests.LandingITest.closeApp(LandingITest.java:49)
at operation.BaseLanding.testCloseAppSwitch(BaseLanding.java:63)
at tests.LandingITest.closeApp(LandingITest.java:49)
at operation.BaseLanding.testCloseAppSwitch(BaseLanding.java:63)
at tests.LandingITest.closeApp(LandingITest.java:49)
at operation.BaseLanding.testCloseAppSwitch(BaseLanding.java:63)
at tests.LandingITest.closeApp(LandingITest.java:49)
at operation.BaseLanding.testCloseAppSwitch(BaseLanding.java:63)
at tests.LandingITest.closeApp(LandingITest.java:49)
at operation.BaseLanding.testCloseAppSwitch(BaseLanding.java:63)
at tests.LandingITest.closeApp(LandingITest.java:49)
at operation.BaseLanding.testCloseAppSwitch(BaseLanding.java:63)
at tests.LandingITest.closeApp(LandingITest.java:49)
at operation.BaseLanding.testCloseAppSwitch(BaseLanding.java:63)
at tests.LandingITest.closeApp(LandingITest.java:49)
at operation.BaseLanding.testCloseAppSwitch(BaseLanding.java:63)
at tests.LandingITest.closeApp(LandingITest.java:49)
at operation.BaseLanding.testCloseAppSwitch(BaseLanding.java:63)
at tests.LandingITest.closeApp(LandingITest.java:49)
at operation.BaseLanding.testCloseAppSwitch(BaseLanding.java:63)
at tests.LandingITest.closeApp(LandingITest.java:49)
at operation.BaseLanding.testCloseAppSwitch(BaseLanding.java:63)
at tests.LandingITest.closeApp(LandingITest.java:49)
at operation.BaseLanding.testCloseAppSwitch(BaseLanding.java:63)
at tests.LandingITest.closeApp(LandingITest.java:49)
at operation.BaseLanding.testCloseAppSwitch(BaseLanding.java:63)
at tests.LandingITest.closeApp(LandingITest.java:49)
at operation.BaseLanding.testCloseAppSwitch(BaseLanding.java:63)
at tests.LandingITest.closeApp(LandingITest.java:49)
at operation.BaseLanding.testCloseAppSwitch(BaseLanding.java:63)
at tests.LandingITest.closeApp(LandingITest.java:49)
at operation.BaseLanding.testCloseAppSwitch(BaseLanding.java:63)
at tests.LandingITest.closeApp(LandingITest.java:49)
at operation.BaseLanding.testCloseAppSwitch(BaseLanding.java:63)
at tests.LandingITest.closeApp(LandingITest.java:49)
at operation.BaseLanding.testCloseAppSwitch(BaseLanding.java:63)
at tests.LandingITest.closeApp(LandingITest.java:49)
at operation.BaseLanding.testCloseAppSwitch(BaseLanding.java:63)
at tests.LandingITest.closeApp(LandingITest.java:49)
at operation.BaseLanding.testCloseAppSwitch(BaseLanding.java:63)
at tests.LandingITest.closeApp(LandingITest.java:49)
at operation.BaseLanding.testCloseAppSwitch(BaseLanding.java:63)
at tests.LandingITest.closeApp(LandingITest.java:49)
at operation.BaseLanding.testCloseAppSwitch(BaseLanding.java:63)
at tests.LandingITest.closeApp(LandingITest.java:49)
at operation.BaseLanding.testCloseAppSwitch(BaseLanding.java:63)
at tests.LandingITest.closeApp(LandingITest.java:49)
at operation.BaseLanding.testCloseAppSwitch(BaseLanding.java:63)
at tests.LandingITest.closeApp(LandingITest.java:49)
at operation.BaseLanding.testCloseAppSwitch(BaseLanding.java:63)
at tests.LandingITest.closeApp(LandingITest.java:49)
at operation.BaseLanding.testCloseAppSwitch(BaseLanding.java:63)
at tests.LandingITest.closeApp(LandingITest.java:49)
at operation.BaseLanding.testCloseAppSwitch(BaseLanding.java:63)
at tests.LandingITest.closeApp(LandingITest.java:49)
at operation.BaseLanding.testCloseAppSwitch(BaseLanding.java:63)
at tests.LandingITest.closeApp(LandingITest.java:49)
at operation.BaseLanding.testCloseAppSwitch(BaseLanding.java:63)
at tests.LandingITest.closeApp(LandingITest.java:49)
at operation.BaseLanding.testCloseAppSwitch(BaseLanding.java:63)
at tests.LandingITest.closeApp(LandingITest.java:49)
at operation.BaseLanding.testCloseAppSwitch(BaseLanding.java:63)
at tests.LandingITest.closeApp(LandingITest.java:49)
at operation.BaseLanding.testCloseAppSwitch(BaseLanding.java:63)
at tests.LandingITest.closeApp(LandingITest.java:49)
at operation.BaseLanding.testCloseAppSwitch(BaseLanding.java:63)
at tests.LandingITest.closeApp(LandingITest.java:49)
at operation.BaseLanding.testCloseAppSwitch(BaseLanding.java:63)
at tests.LandingITest.closeApp(LandingITest.java:49)
at operation.BaseLanding.testCloseAppSwitch(BaseLanding.java:63)
at tests.LandingITest.closeApp(LandingITest.java:49)
at operation.BaseLanding.testCloseAppSwitch(BaseLanding.java:63)
at tests.LandingITest.closeApp(LandingITest.java:49)
at operation.BaseLanding.testCloseAppSwitch(BaseLanding.java:63)
at tests.LandingITest.closeApp(LandingITest.java:49)
at operation.BaseLanding.testCloseAppSwitch(BaseLanding.java:63)
at tests.LandingITest.closeApp(LandingITest.java:49)
at operation.BaseLanding.testCloseAppSwitch(BaseLanding.java:63)
at tests.LandingITest.closeApp(LandingITest.java:49)
at operation.BaseLanding.testCloseAppSwitch(BaseLanding.java:63)
at tests.LandingITest.closeApp(LandingITest.java:49)
at operation.BaseLanding.testCloseAppSwitch(BaseLanding.java:63)
at tests.LandingITest.closeApp(LandingITest.java:49)
at operation.BaseLanding.testCloseAppSwitch(BaseLanding.java:63)
at tests.LandingITest.closeApp(LandingITest.java:49)
at operation.BaseLanding.testCloseAppSwitch(BaseLanding.java:63)
at tests.LandingITest.closeApp(LandingITest.java:49)
at operation.BaseLanding.testCloseAppSwitch(BaseLanding.java:63)
at tests.LandingITest.closeApp(LandingITest.java:49)
at operation.BaseLanding.testCloseAppSwitch(BaseLanding.java:63)
at tests.LandingITest.closeApp(LandingITest.java:49)
at operation.BaseLanding.testCloseAppSwitch(BaseLanding.java:63)
at tests.LandingITest.closeApp(LandingITest.java:49)
at operation.BaseLanding.testCloseAppSwitch(BaseLanding.java:63)
at tests.LandingITest.closeApp(LandingITest.java:49)
at operation.BaseLanding.testCloseAppSwitch(BaseLanding.java:63)
at tests.LandingITest.closeApp(LandingITest.java:49)
at operation.BaseLanding.testCloseAppSwitch(BaseLanding.java:63)
at tests.LandingITest.closeApp(LandingITest.java:49)
at operation.BaseLanding.testCloseAppSwitch(BaseLanding.java:63)
at tests.LandingITest.closeApp(LandingITest.java:49)
at operation.BaseLanding.testCloseAppSwitch(BaseLanding.java:63)
at tests.LandingITest.closeApp(LandingITest.java:49)
at operation.BaseLanding.testCloseAppSwitch(BaseLanding.java:63)
at tests.LandingITest.closeApp(LandingITest.java:49)
at operation.BaseLanding.testCloseAppSwitch(BaseLanding.java:63)
at tests.LandingITest.closeApp(LandingITest.java:49)
at operation.BaseLanding.testCloseAppSwitch(BaseLanding.java:63)
at tests.LandingITest.closeApp(LandingITest.java:49)
at operation.BaseLanding.testCloseAppSwitch(BaseLanding.java:63)
at tests.LandingITest.closeApp(LandingITest.java:49)
at operation.BaseLanding.testCloseAppSwitch(BaseLanding.java:63)
at tests.LandingITest.closeApp(LandingITest.java:49)
at operation.BaseLanding.testCloseAppSwitch(BaseLanding.java:63)
at tests.LandingITest.closeApp(LandingITest.java:49)
at operation.BaseLanding.testCloseAppSwitch(BaseLanding.java:63)
at tests.LandingITest.closeApp(LandingITest.java:49)
at operation.BaseLanding.testCloseAppSwitch(BaseLanding.java:63)
at tests.LandingITest.closeApp(LandingITest.java:49)
at operation.BaseLanding.testCloseAppSwitch(BaseLanding.java:63)
at tests.LandingITest.closeApp(LandingITest.java:49)
at operation.BaseLanding.testCloseAppSwitch(BaseLanding.java:63)
at tests.LandingITest.closeApp(LandingITest.java:49)
at operation.BaseLanding.testCloseAppSwitch(BaseLanding.java:63)
at tests.LandingITest.closeApp(LandingITest.java:49)
at operation.BaseLanding.testCloseAppSwitch(BaseLanding.java:63)
at tests.LandingITest.closeApp(LandingITest.java:49)
at operation.BaseLanding.testCloseAppSwitch(BaseLanding.java:63)
at tests.LandingITest.closeApp(LandingITest.java:49)
at operation.BaseLanding.testCloseAppSwitch(BaseLanding.java:63)
at tests.LandingITest.closeApp(LandingITest.java:49)
at operation.BaseLanding.testCloseAppSwitch(BaseLanding.java:63)
at tests.LandingITest.closeApp(LandingITest.java:49)
at operation.BaseLanding.testCloseAppSwitch(BaseLanding.java:63)
at tests.LandingITest.closeApp(LandingITest.java:49)
at operation.BaseLanding.testCloseAppSwitch(BaseLanding.java:63)
at tests.LandingITest.closeApp(LandingITest.java:49)
at operation.BaseLanding.testCloseAppSwitch(BaseLanding.java:63)
at tests.LandingITest.closeApp(LandingITest.java:49)
at operation.BaseLanding.testCloseAppSwitch(BaseLanding.java:63)
at tests.LandingITest.closeApp(LandingITest.java:49)
at operation.BaseLanding.testCloseAppSwitch(BaseLanding.java:63)
at tests.LandingITest.closeApp(LandingITest.java:49)
at operation.BaseLanding.testCloseAppSwitch(BaseLanding.java:63)
at tests.LandingITest.closeApp(LandingITest.java:49)
at operation.BaseLanding.testCloseAppSwitch(BaseLanding.java:63)
at tests.LandingITest.closeApp(LandingITest.java:49)
at operation.BaseLanding.testCloseAppSwitch(BaseLanding.java:63)
at tests.LandingITest.closeApp(LandingITest.java:49)
at operation.BaseLanding.testCloseAppSwitch(BaseLanding.java:63)
at tests.LandingITest.closeApp(LandingITest.java:49)
at operation.BaseLanding.testCloseAppSwitch(BaseLanding.java:63)
at tests.LandingITest.closeApp(LandingITest.java:49)
at operation.BaseLanding.testCloseAppSwitch(BaseLanding.java:63)
at tests.LandingITest.closeApp(LandingITest.java:49)
at operation.BaseLanding.testCloseAppSwitch(BaseLanding.java:63)
at tests.LandingITest.closeApp(LandingITest.java:49)
at operation.BaseLanding.testCloseAppSwitch(BaseLanding.java:63)
at tests.LandingITest.closeApp(LandingITest.java:49)
at operation.BaseLanding.testCloseAppSwitch(BaseLanding.java:63)
at tests.LandingITest.closeApp(LandingITest.java:49)
at operation.BaseLanding.testCloseAppSwitch(BaseLanding.java:63)
at tests.LandingITest.closeApp(LandingITest.java:49)
at operation.BaseLanding.testCloseAppSwitch(BaseLanding.java:63)
at tests.LandingITest.closeApp(LandingITest.java:49)
at operation.BaseLanding.testCloseAppSwitch(BaseLanding.java:63)
at tests.LandingITest.closeApp(LandingITest.java:49)
at operation.BaseLanding.testCloseAppSwitch(BaseLanding.java:63)
at tests.LandingITest.closeApp(LandingITest.java:49)
at operation.BaseLanding.testCloseAppSwitch(BaseLanding.java:63)
at tests.LandingITest.closeApp(LandingITest.java:49)
at operation.BaseLanding.testCloseAppSwitch(BaseLanding.java:63)
at tests.LandingITest.closeApp(LandingITest.java:49)
at operation.BaseLanding.testCloseAppSwitch(BaseLanding.java:63)
at tests.LandingITest.closeApp(LandingITest.java:49)
at operation.BaseLanding.testCloseAppSwitch(BaseLanding.java:63)
at tests.LandingITest.closeApp(LandingITest.java:49)
at operation.BaseLanding.testCloseAppSwitch(BaseLanding.java:63)
at tests.LandingITest.closeApp(LandingITest.java:49)
at operation.BaseLanding.testCloseAppSwitch(BaseLanding.java:63)
at tests.LandingITest.closeApp(LandingITest.java:49)
at operation.BaseLanding.testCloseAppSwitch(BaseLanding.java:63)
at tests.LandingITest.closeApp(LandingITest.java:49)
at operation.BaseLanding.testCloseAppSwitch(BaseLanding.java:63)
at tests.LandingITest.closeApp(LandingITest.java:49)
at operation.BaseLanding.testCloseAppSwitch(BaseLanding.java:63)
at tests.LandingITest.closeApp(LandingITest.java:49)
at operation.BaseLanding.testCloseAppSwitch(BaseLanding.java:63)
at tests.LandingITest.closeApp(LandingITest.java:49)
at operation.BaseLanding.testCloseAppSwitch(BaseLanding.java:63)
at tests.LandingITest.closeApp(LandingITest.java:49)
at operation.BaseLanding.testCloseAppSwitch(BaseLanding.java:63)
at tests.LandingITest.closeApp(LandingITest.java:49)
at operation.BaseLanding.testCloseAppSwitch(BaseLanding.java:63)
at tests.LandingITest.closeApp(LandingITest.java:49)
at operation.BaseLanding.testCloseAppSwitch(BaseLanding.java:63)
at tests.LandingITest.closeApp(LandingITest.java:49)
at operation.BaseLanding.testCloseAppSwitch(BaseLanding.java:63)
at tests.LandingITest.closeApp(LandingITest.java:49)
at operation.BaseLanding.testCloseAppSwitch(BaseLanding.java:63)
at tests.LandingITest.closeApp(LandingITest.java:49)
at operation.BaseLanding.testCloseAppSwitch(BaseLanding.java:63)
at tests.LandingITest.closeApp(LandingITest.java:49)
at operation.BaseLanding.testCloseAppSwitch(BaseLanding.java:63)
at tests.LandingITest.closeApp(LandingITest.java:49)
at operation.BaseLanding.testCloseAppSwitch(BaseLanding.java:63)
at tests.LandingITest.closeApp(LandingITest.java:49)
at operation.BaseLanding.testCloseAppSwitch(BaseLanding.java:63)
at tests.LandingITest.closeApp(LandingITest.java:49)
at operation.BaseLanding.testCloseAppSwitch(BaseLanding.java:63)
at tests.LandingITest.closeApp(LandingITest.java:49)
at operation.BaseLanding.testCloseAppSwitch(BaseLanding.java:63)
at tests.LandingITest.closeApp(LandingITest.java:49)
at operation.BaseLanding.testCloseAppSwitch(BaseLanding.java:63)
at tests.LandingITest.closeApp(LandingITest.java:49)
at operation.BaseLanding.testCloseAppSwitch(BaseLanding.java:63)
at tests.LandingITest.closeApp(LandingITest.java:49)
at operation.BaseLanding.testCloseAppSwitch(BaseLanding.java:63)
at tests.LandingITest.closeApp(LandingITest.java:49)
at operation.BaseLanding.testCloseAppSwitch(BaseLanding.java:63)
at tests.LandingITest.closeApp(LandingITest.java:49)
at operation.BaseLanding.testCloseAppSwitch(BaseLanding.java:63)
at tests.LandingITest.closeApp(LandingITest.java:49)
at operation.BaseLanding.testCloseAppSwitch(BaseLanding.java:63)
at tests.LandingITest.closeApp(LandingITest.java:49)
at operation.BaseLanding.testCloseAppSwitch(BaseLanding.java:63)
at tests.LandingITest.closeApp(LandingITest.java:49)
at operation.BaseLanding.testCloseAppSwitch(BaseLanding.java:63)
at tests.LandingITest.closeApp(LandingITest.java:49)
at operation.BaseLanding.testCloseAppSwitch(BaseLanding.java:63)
at tests.LandingITest.closeApp(LandingITest.java:49)
at operation.BaseLanding.testCloseAppSwitch(BaseLanding.java:63)
at tests.LandingITest.closeApp(LandingITest.java:49)
at operation.BaseLanding.testCloseAppSwitch(BaseLanding.java:63)
at tests.LandingITest.closeApp(LandingITest.java:49)
at operation.BaseLanding.testCloseAppSwitch(BaseLanding.java:63)
at tests.LandingITest.closeApp(LandingITest.java:49)
at operation.BaseLanding.testCloseAppSwitch(BaseLanding.java:63)
at tests.LandingITest.closeApp(LandingITest.java:49)
at operation.BaseLanding.testCloseAppSwitch(BaseLanding.java:63)
at tests.LandingITest.closeApp(LandingITest.java:49)
at operation.BaseLanding.testCloseAppSwitch(BaseLanding.java:63)
at tests.LandingITest.closeApp(LandingITest.java:49)
at operation.BaseLanding.testCloseAppSwitch(BaseLanding.java:63)
at tests.LandingITest.closeApp(LandingITest.java:49)
at operation.BaseLanding.testCloseAppSwitch(BaseLanding.java:63)
at tests.LandingITest.closeApp(LandingITest.java:49)
at operation.BaseLanding.testCloseAppSwitch(BaseLanding.java:63)
at tests.LandingITest.closeApp(LandingITest.java:49)
at operation.BaseLanding.testCloseAppSwitch(BaseLanding.java:63)
at tests.LandingITest.closeApp(LandingITest.java:49)
at operation.BaseLanding.testCloseAppSwitch(BaseLanding.java:63)
at tests.LandingITest.closeApp(LandingITest.java:49)
at operation.BaseLanding.testCloseAppSwitch(BaseLanding.java:63)
at tests.LandingITest.closeApp(LandingITest.java:49)
at operation.BaseLanding.testCloseAppSwitch(BaseLanding.java:63)
at tests.LandingITest.closeApp(LandingITest.java:49)
at operation.BaseLanding.testCloseAppSwitch(BaseLanding.java:63)
at tests.LandingITest.closeApp(LandingITest.java:49)
at operation.BaseLanding.testCloseAppSwitch(BaseLanding.java:63)
at tests.LandingITest.closeApp(LandingITest.java:49)
at operation.BaseLanding.testCloseAppSwitch(BaseLanding.java:63)
at tests.LandingITest.closeApp(LandingITest.java:49)
at operation.BaseLanding.testCloseAppSwitch(BaseLanding.java:63)
at tests.LandingITest.closeApp(LandingITest.java:49)
at operation.BaseLanding.testCloseAppSwitch(BaseLanding.java:63)
at tests.LandingITest.closeApp(LandingITest.java:49)
at operation.BaseLanding.testCloseAppSwitch(BaseLanding.java:63)
at tests.LandingITest.closeApp(LandingITest.java:49)
at operation.BaseLanding.testCloseAppSwitch(BaseLanding.java:63)
at tests.LandingITest.closeApp(LandingITest.java:49)
at operation.BaseLanding.testCloseAppSwitch(BaseLanding.java:63)
at tests.LandingITest.closeApp(LandingITest.java:49)
at operation.BaseLanding.testCloseAppSwitch(BaseLanding.java:63)
at tests.LandingITest.closeApp(LandingITest.java:49)
at operation.BaseLanding.testCloseAppSwitch(BaseLanding.java:63)
at tests.LandingITest.closeApp(LandingITest.java:49)
at operation.BaseLanding.testCloseAppSwitch(BaseLanding.java:63)
at tests.LandingITest.closeApp(LandingITest.java:49)
at operation.BaseLanding.testCloseAppSwitch(BaseLanding.java:63)
at tests.LandingITest.closeApp(LandingITest.java:49)
at operation.BaseLanding.testCloseAppSwitch(BaseLanding.java:63)
at tests.LandingITest.closeApp(LandingITest.java:49)
at operation.BaseLanding.testCloseAppSwitch(BaseLanding.java:63)
at tests.LandingITest.closeApp(LandingITest.java:49)
at operation.BaseLanding.testCloseAppSwitch(BaseLanding.java:63)
at tests.LandingITest.closeApp(LandingITest.java:49)
at operation.BaseLanding.testCloseAppSwitch(BaseLanding.java:63)
at tests.LandingITest.closeApp(LandingITest.java:49)
at operation.BaseLanding.testCloseAppSwitch(BaseLanding.java:63)
at tests.LandingITest.closeApp(LandingITest.java:49)
at operation.BaseLanding.testCloseAppSwitch(BaseLanding.java:63)
at tests.LandingITest.closeApp(LandingITest.java:49)
at operation.BaseLanding.testCloseAppSwitch(BaseLanding.java:63)
at tests.LandingITest.closeApp(LandingITest.java:49)
at operation.BaseLanding.testCloseAppSwitch(BaseLanding.java:63)
at tests.LandingITest.closeApp(LandingITest.java:49)
at operation.BaseLanding.testCloseAppSwitch(BaseLanding.java:63)
at tests.LandingITest.closeApp(LandingITest.java:49)
at operation.BaseLanding.testCloseAppSwitch(BaseLanding.java:63)
at tests.LandingITest.closeApp(LandingITest.java:49)
at operation.BaseLanding.testCloseAppSwitch(BaseLanding.java:63)
at tests.LandingITest.closeApp(LandingITest.java:49)
at operation.BaseLanding.testCloseAppSwitch(BaseLanding.java:63)
at tests.LandingITest.closeApp(LandingITest.java:49)
at operation.BaseLanding.testCloseAppSwitch(BaseLanding.java:63)
at tests.LandingITest.closeApp(LandingITest.java:49)
at operation.BaseLanding.testCloseAppSwitch(BaseLanding.java:63)
at tests.LandingITest.closeApp(LandingITest.java:49)
at operation.BaseLanding.testCloseAppSwitch(BaseLanding.java:63)
at tests.LandingITest.closeApp(LandingITest.java:49)
at operation.BaseLanding.testCloseAppSwitch(BaseLanding.java:63)
at tests.LandingITest.closeApp(LandingITest.java:49)
at operation.BaseLanding.testCloseAppSwitch(BaseLanding.java:63)
at tests.LandingITest.closeApp(LandingITest.java:49)
at operation.BaseLanding.testCloseAppSwitch(BaseLanding.java:63)
at tests.LandingITest.closeApp(LandingITest.java:49)
at operation.BaseLanding.testCloseAppSwitch(BaseLanding.java:63)
at tests.LandingITest.closeApp(LandingITest.java:49)
at operation.BaseLanding.testCloseAppSwitch(BaseLanding.java:63)
at tests.LandingITest.closeApp(LandingITest.java:49)
at operation.BaseLanding.testCloseAppSwitch(BaseLanding.java:63)
at tests.LandingITest.closeApp(LandingITest.java:49)
at operation.BaseLanding.testCloseAppSwitch(BaseLanding.java:63)
at tests.LandingITest.closeApp(LandingITest.java:49)
at operation.BaseLanding.testCloseAppSwitch(BaseLanding.java:63)
at tests.LandingITest.closeApp(LandingITest.java:49)
at operation.BaseLanding.testCloseAppSwitch(BaseLanding.java:63)
at tests.LandingITest.closeApp(LandingITest.java:49)
at operation.BaseLanding.testCloseAppSwitch(BaseLanding.java:63)
at tests.LandingITest.closeApp(LandingITest.java:49)
at operation.BaseLanding.testCloseAppSwitch(BaseLanding.java:63)
at tests.LandingITest.closeApp(LandingITest.java:49)
at operation.BaseLanding.testCloseAppSwitch(BaseLanding.java:63)
at tests.LandingITest.closeApp(LandingITest.java:49)
at operation.BaseLanding.testCloseAppSwitch(BaseLanding.java:63)
at tests.LandingITest.closeApp(LandingITest.java:49)
at operation.BaseLanding.testCloseAppSwitch(BaseLanding.java:63)
at tests.LandingITest.closeApp(LandingITest.java:49)
at operation.BaseLanding.testCloseAppSwitch(BaseLanding.java:63)
at tests.LandingITest.closeApp(LandingITest.java:49)
at operation.BaseLanding.testCloseAppSwitch(BaseLanding.java:63)
at tests.LandingITest.closeApp(LandingITest.java:49)
at operation.BaseLanding.testCloseAppSwitch(BaseLanding.java:63)
at tests.LandingITest.closeApp(LandingITest.java:49)
at operation.BaseLanding.testCloseAppSwitch(BaseLanding.java:63)
at tests.LandingITest.closeApp(LandingITest.java:49)
at operation.BaseLanding.testCloseAppSwitch(BaseLanding.java:63)
at tests.LandingITest.closeApp(LandingITest.java:49)
at operation.BaseLanding.testCloseAppSwitch(BaseLanding.java:63)
at tests.LandingITest.closeApp(LandingITest.java:49)
at operation.BaseLanding.testCloseAppSwitch(BaseLanding.java:63)
at tests.LandingITest.closeApp(LandingITest.java:49)
at operation.BaseLanding.testCloseAppSwitch(BaseLanding.java:63)
at tests.LandingITest.closeApp(LandingITest.java:49)
at operation.BaseLanding.testCloseAppSwitch(BaseLanding.java:63)
at tests.LandingITest.closeApp(LandingITest.java:49)
at operation.BaseLanding.testCloseAppSwitch(BaseLanding.java:63)
at tests.LandingITest.closeApp(LandingITest.java:49)
at operation.BaseLanding.testCloseAppSwitch(BaseLanding.java:63)
at tests.LandingITest.closeApp(LandingITest.java:49)
at operation.BaseLanding.testCloseAppSwitch(BaseLanding.java:63)
at tests.LandingITest.closeApp(LandingITest.java:49)
at operation.BaseLanding.testCloseAppSwitch(BaseLanding.java:63)
at tests.LandingITest.closeApp(LandingITest.java:49)
at operation.BaseLanding.testCloseAppSwitch(BaseLanding.java:63)
at tests.LandingITest.closeApp(LandingITest.java:49)
at operation.BaseLanding.testCloseAppSwitch(BaseLanding.java:63)
at tests.LandingITest.closeApp(LandingITest.java:49)
at operation.BaseLanding.testCloseAppSwitch(BaseLanding.java:63)
at tests.LandingITest.closeApp(LandingITest.java:49)
at operation.BaseLanding.testCloseAppSwitch(BaseLanding.java:63)
at tests.LandingITest.closeApp(LandingITest.java:49)
at operation.BaseLanding.testCloseAppSwitch(BaseLanding.java:63)
at tests.LandingITest.closeApp(LandingITest.java:49)
at operation.BaseLanding.testCloseAppSwitch(BaseLanding.java:63)
at tests.LandingITest.closeApp(LandingITest.java:49)
at operation.BaseLanding.testCloseAppSwitch(BaseLanding.java:63)
at tests.LandingITest.closeApp(LandingITest.java:49)
at operation.BaseLanding.testCloseAppSwitch(BaseLanding.java:63)
at tests.LandingITest.closeApp(LandingITest.java:49)
at operation.BaseLanding.testCloseAppSwitch(BaseLanding.java:63)
at tests.LandingITest.closeApp(LandingITest.java:49)
at operation.BaseLanding.testCloseAppSwitch(BaseLanding.java:63)
at tests.LandingITest.closeApp(LandingITest.java:49)
at operation.BaseLanding.testCloseAppSwitch(BaseLanding.java:63)
at tests.LandingITest.closeApp(LandingITest.java:49)
at operation.BaseLanding.testCloseAppSwitch(BaseLanding.java:63)
at tests.LandingITest.closeApp(LandingITest.java:49)
at operation.BaseLanding.testCloseAppSwitch(BaseLanding.java:63)
at tests.LandingITest.closeApp(LandingITest.java:49)
at operation.BaseLanding.testCloseAppSwitch(BaseLanding.java:63)
at tests.LandingITest.closeApp(LandingITest.java:49)
at operation.BaseLanding.testCloseAppSwitch(BaseLanding.java:63)
at tests.LandingITest.closeApp(LandingITest.java:49)
at operation.BaseLanding.testCloseAppSwitch(BaseLanding.java:63)
at tests.LandingITest.closeApp(LandingITest.java:49)
at operation.BaseLanding.testCloseAppSwitch(BaseLanding.java:63)
at tests.LandingITest.closeApp(LandingITest.java:49)
at operation.BaseLanding.testCloseAppSwitch(BaseLanding.java:63)
at tests.LandingITest.closeApp(LandingITest.java:49)
at operation.BaseLanding.testCloseAppSwitch(BaseLanding.java:63)
at tests.LandingITest.closeApp(LandingITest.java:49)
at operation.BaseLanding.testCloseAppSwitch(BaseLanding.java:63)
at tests.LandingITest.closeApp(LandingITest.java:49)
at operation.BaseLanding.testCloseAppSwitch(BaseLanding.java:63)
at tests.LandingITest.closeApp(LandingITest.java:49)
at operation.BaseLanding.testCloseAppSwitch(BaseLanding.java:63)
at tests.LandingITest.closeApp(LandingITest.java:49)
at operation.BaseLanding.testCloseAppSwitch(BaseLanding.java:63)
at tests.LandingITest.closeApp(LandingITest.java:49)
at operation.BaseLanding.testCloseAppSwitch(BaseLanding.java:63)
at tests.LandingITest.closeApp(LandingITest.java:49)
at operation.BaseLanding.testCloseAppSwitch(BaseLanding.java:63)
at tests.LandingITest.closeApp(LandingITest.java:49)
at operation.BaseLanding.testCloseAppSwitch(BaseLanding.java:63)
at tests.LandingITest.closeApp(LandingITest.java:49)
at operation.BaseLanding.testCloseAppSwitch(BaseLanding.java:63)
at tests.LandingITest.closeApp(LandingITest.java:49)
at operation.BaseLanding.testCloseAppSwitch(BaseLanding.java:63)
at tests.LandingITest.closeApp(LandingITest.java:49)
at operation.BaseLanding.testCloseAppSwitch(BaseLanding.java:63)
at tests.LandingITest.closeApp(LandingITest.java:49)
at operation.BaseLanding.testCloseAppSwitch(BaseLanding.java:63)
at tests.LandingITest.closeApp(LandingITest.java:49)
at operation.BaseLanding.testCloseAppSwitch(BaseLanding.java:63)
at tests.LandingITest.closeApp(LandingITest.java:49)
at operation.BaseLanding.testCloseAppSwitch(BaseLanding.java:63)
at tests.LandingITest.closeApp(LandingITest.java:49)
at operation.BaseLanding.testCloseAppSwitch(BaseLanding.java:63)
at tests.LandingITest.closeApp(LandingITest.java:49)
at operation.BaseLanding.testCloseAppSwitch(BaseLanding.java:63)
at tests.LandingITest.closeApp(LandingITest.java:49)
at operation.BaseLanding.testCloseAppSwitch(BaseLanding.java:63)
at tests.LandingITest.closeApp(LandingITest.java:49)
at operation.BaseLanding.testCloseAppSwitch(BaseLanding.java:63)
at tests.LandingITest.closeApp(LandingITest.java:49)
at operation.BaseLanding.testCloseAppSwitch(BaseLanding.java:63)
at tests.LandingITest.closeApp(LandingITest.java:49)
at operation.BaseLanding.testCloseAppSwitch(BaseLanding.java:63)
at tests.LandingITest.closeApp(LandingITest.java:49)
at operation.BaseLanding.testCloseAppSwitch(BaseLanding.java:63)
at tests.LandingITest.closeApp(LandingITest.java:49)
at operation.BaseLanding.testCloseAppSwitch(BaseLanding.java:63)
at tests.LandingITest.closeApp(LandingITest.java:49)
at operation.BaseLanding.testCloseAppSwitch(BaseLanding.java:63)
at tests.LandingITest.closeApp(LandingITest.java:49)
at operation.BaseLanding.testCloseAppSwitch(BaseLanding.java:63)
at tests.LandingITest.closeApp(LandingITest.java:49)
at operation.BaseLanding.testCloseAppSwitch(BaseLanding.java:63)
at tests.LandingITest.closeApp(LandingITest.java:49)
at operation.BaseLanding.testCloseAppSwitch(BaseLanding.java:63)
at tests.LandingITest.closeApp(LandingITest.java:49)
at operation.BaseLanding.testCloseAppSwitch(BaseLanding.java:63)
at tests.LandingITest.closeApp(LandingITest.java:49)
at operation.BaseLanding.testCloseAppSwitch(BaseLanding.java:63)
at tests.LandingITest.closeApp(LandingITest.java:49)
at operation.BaseLanding.testCloseAppSwitch(BaseLanding.java:63)
at tests.LandingITest.closeApp(LandingITest.java:49)
at operation.BaseLanding.testCloseAppSwitch(BaseLanding.java:63)
at tests.LandingITest.closeApp(LandingITest.java:49)
at operation.BaseLanding.testCloseAppSwitch(BaseLanding.java:63)
at tests.LandingITest.closeApp(LandingITest.java:49)
at operation.BaseLanding.testCloseAppSwitch(BaseLanding.java:63)
at tests.LandingITest.closeApp(LandingITest.java:49)
at operation.BaseLanding.testCloseAppSwitch(BaseLanding.java:63)
at tests.LandingITest.closeApp(LandingITest.java:49)
at operation.BaseLanding.testCloseAppSwitch(BaseLanding.java:63)
at tests.LandingITest.closeApp(LandingITest.java:49)
at operation.BaseLanding.testCloseAppSwitch(BaseLanding.java:63)
at tests.LandingITest.closeApp(LandingITest.java:49)
at operation.BaseLanding.testCloseAppSwitch(BaseLanding.java:63)
at tests.LandingITest.closeApp(LandingITest.java:49)
at operation.BaseLanding.testCloseAppSwitch(BaseLanding.java:63)
at tests.LandingITest.closeApp(LandingITest.java:49)
at operation.BaseLanding.testCloseAppSwitch(BaseLanding.java:63)
at tests.LandingITest.closeApp(LandingITest.java:49)
at operation.BaseLanding.testCloseAppSwitch(BaseLanding.java:63)
at tests.LandingITest.closeApp(LandingITest.java:49)
at operation.BaseLanding.testCloseAppSwitch(BaseLanding.java:63)
at tests.LandingITest.closeApp(LandingITest.java:49)
at operation.BaseLanding.testCloseAppSwitch(BaseLanding.java:63)
at tests.LandingITest.closeApp(LandingITest.java:49)
at operation.BaseLanding.testCloseAppSwitch(BaseLanding.java:63)
at tests.LandingITest.closeApp(LandingITest.java:49)
at operation.BaseLanding.testCloseAppSwitch(BaseLanding.java:63)
at tests.LandingITest.closeApp(LandingITest.java:49)
at operation.BaseLanding.testCloseAppSwitch(BaseLanding.java:63)
at tests.LandingITest.closeApp(LandingITest.java:49)
at operation.BaseLanding.testCloseAppSwitch(BaseLanding.java:63)
at tests.LandingITest.closeApp(LandingITest.java:49)
at operation.BaseLanding.testCloseAppSwitch(BaseLanding.java:63)
at tests.LandingITest.closeApp(LandingITest.java:49)
at operation.BaseLanding.testCloseAppSwitch(BaseLanding.java:63)
at tests.LandingITest.closeApp(LandingITest.java:49)
at operation.BaseLanding.testCloseAppSwitch(BaseLanding.java:63)
at tests.LandingITest.closeApp(LandingITest.java:49)
at operation.BaseLanding.testCloseAppSwitch(BaseLanding.java:63)
at tests.LandingITest.closeApp(LandingITest.java:49)
at operation.BaseLanding.testCloseAppSwitch(BaseLanding.java:63)
at tests.LandingITest.closeApp(LandingITest.java:49)
at operation.BaseLanding.testCloseAppSwitch(BaseLanding.java:63)
at tests.LandingITest.closeApp(LandingITest.java:49)
at operation.BaseLanding.testCloseAppSwitch(BaseLanding.java:63)
at tests.LandingITest.closeApp(LandingITest.java:49)
at operation.BaseLanding.testCloseAppSwitch(BaseLanding.java:63)
at tests.LandingITest.closeApp(LandingITest.java:49)
at operation.BaseLanding.testCloseAppSwitch(BaseLanding.java:63)
at tests.LandingITest.closeApp(LandingITest.java:49)
at operation.BaseLanding.testCloseAppSwitch(BaseLanding.java:63)
at tests.LandingITest.closeApp(LandingITest.java:49)
at operation.BaseLanding.testCloseAppSwitch(BaseLanding.java:63)
at tests.LandingITest.closeApp(LandingITest.java:49)
at operation.BaseLanding.testCloseAppSwitch(BaseLanding.java:63)
at tests.LandingITest.closeApp(LandingITest.java:49)
at operation.BaseLanding.testCloseAppSwitch(BaseLanding.java:63)
at tests.LandingITest.closeApp(LandingITest.java:49)
at operation.BaseLanding.testCloseAppSwitch(BaseLanding.java:63)
at tests.LandingITest.closeApp(LandingITest.java:49)
at operation.BaseLanding.testCloseAppSwitch(BaseLanding.java:63)
at tests.LandingITest.closeApp(LandingITest.java:49)
at operation.BaseLanding.testCloseAppSwitch(BaseLanding.java:63)
at tests.LandingITest.closeApp(LandingITest.java:49)
at operation.BaseLanding.testCloseAppSwitch(BaseLanding.java:63)
at tests.LandingITest.closeApp(LandingITest.java:49)
at operation.BaseLanding.testCloseAppSwitch(BaseLanding.java:63)
at tests.LandingITest.closeApp(LandingITest.java:49)
at operation.BaseLanding.testCloseAppSwitch(BaseLanding.java:63)
at tests.LandingITest.closeApp(LandingITest.java:49)
at operation.BaseLanding.testCloseAppSwitch(BaseLanding.java:63)
at tests.LandingITest.closeApp(LandingITest.java:49)
at operation.BaseLanding.testCloseAppSwitch(BaseLanding.java:63)
at tests.LandingITest.closeApp(LandingITest.java:49)
at operation.BaseLanding.testCloseAppSwitch(BaseLanding.java:63)
at tests.LandingITest.closeApp(LandingITest.java:49)
at operation.BaseLanding.testCloseAppSwitch(BaseLanding.java:63)
at tests.LandingITest.closeApp(LandingITest.java:49)
at operation.BaseLanding.testCloseAppSwitch(BaseLanding.java:63)
at tests.LandingITest.closeApp(LandingITest.java:49)
at operation.BaseLanding.testCloseAppSwitch(BaseLanding.java:63)
at tests.LandingITest.closeApp(LandingITest.java:49)
at operation.BaseLanding.testCloseAppSwitch(BaseLanding.java:63)
at tests.LandingITest.closeApp(LandingITest.java:49)
at operation.BaseLanding.testCloseAppSwitch(BaseLanding.java:63)
at tests.LandingITest.closeApp(LandingITest.java:49)
at operation.BaseLanding.testCloseAppSwitch(BaseLanding.java:63)
at tests.LandingITest.closeApp(LandingITest.java:49)
at operation.BaseLanding.testCloseAppSwitch(BaseLanding.java:63)
at tests.LandingITest.closeApp(LandingITest.java:49)
at operation.BaseLanding.testCloseAppSwitch(BaseLanding.java:63)
at tests.LandingITest.closeApp(LandingITest.java:49)
at operation.BaseLanding.testCloseAppSwitch(BaseLanding.java:63)
at tests.LandingITest.closeApp(LandingITest.java:49)
at operation.BaseLanding.testCloseAppSwitch(BaseLanding.java:63)
at tests.LandingITest.closeApp(LandingITest.java:49)
at operation.BaseLanding.testCloseAppSwitch(BaseLanding.java:63)
at tests.LandingITest.closeApp(LandingITest.java:49)
at operation.BaseLanding.testCloseAppSwitch(BaseLanding.java:63)
at tests.LandingITest.closeApp(LandingITest.java:49)
at operation.BaseLanding.testCloseAppSwitch(BaseLanding.java:63)
at tests.LandingITest.closeApp(LandingITest.java:49)
at operation.BaseLanding.testCloseAppSwitch(BaseLanding.java:63)
at tests.LandingITest.closeApp(LandingITest.java:49)
at operation.BaseLanding.testCloseAppSwitch(BaseLanding.java:63)
at tests.LandingITest.closeApp(LandingITest.java:49)
at operation.BaseLanding.testCloseAppSwitch(BaseLanding.java:63)
at tests.LandingITest.closeApp(LandingITest.java:49)
at operation.BaseLanding.testCloseAppSwitch(BaseLanding.java:63)
at tests.LandingITest.closeApp(LandingITest.java:49)
at operation.BaseLanding.testCloseAppSwitch(BaseLanding.java:63)
at tests.LandingITest.closeApp(LandingITest.java:49)
at operation.BaseLanding.testCloseAppSwitch(BaseLanding.java:63)
at tests.LandingITest.closeApp(LandingITest.java:49)
at operation.BaseLanding.testCloseAppSwitch(BaseLanding.java:63)
at tests.LandingITest.closeApp(LandingITest.java:49)
at operation.BaseLanding.testCloseAppSwitch(BaseLanding.java:63)
at tests.LandingITest.closeApp(LandingITest.java:49)
at operation.BaseLanding.testCloseAppSwitch(BaseLanding.java:63)
at tests.LandingITest.closeApp(LandingITest.java:49)
at operation.BaseLanding.testCloseAppSwitch(BaseLanding.java:63)
at tests.LandingITest.closeApp(LandingITest.java:49)
at operation.BaseLanding.testCloseAppSwitch(BaseLanding.java:63)
at tests.LandingITest.closeApp(LandingITest.java:49)
at operation.BaseLanding.testCloseAppSwitch(BaseLanding.java:63)
at tests.LandingITest.closeApp(LandingITest.java:49)
at operation.BaseLanding.testCloseAppSwitch(BaseLanding.java:63)
at tests.LandingITest.closeApp(LandingITest.java:49)
at operation.BaseLanding.testCloseAppSwitch(BaseLanding.java:63)
at tests.LandingITest.closeApp(LandingITest.java:49)
at operation.BaseLanding.testCloseAppSwitch(BaseLanding.java:63)
at tests.LandingITest.closeApp(LandingITest.java:49)
at operation.BaseLanding.testCloseAppSwitch(BaseLanding.java:63)
at tests.LandingITest.closeApp(LandingITest.java:49)
at operation.BaseLanding.testCloseAppSwitch(BaseLanding.java:63)
at tests.LandingITest.closeApp(LandingITest.java:49)
at operation.BaseLanding.testCloseAppSwitch(BaseLanding.java:63)
at tests.LandingITest.closeApp(LandingITest.java:49)
at operation.BaseLanding.testCloseAppSwitch(BaseLanding.java:63)
at tests.LandingITest.closeApp(LandingITest.java:49)
at operation.BaseLanding.testCloseAppSwitch(BaseLanding.java:63)
at tests.LandingITest.closeApp(LandingITest.java:49)
at operation.BaseLanding.testCloseAppSwitch(BaseLanding.java:63)
at tests.LandingITest.closeApp(LandingITest.java:49)
at operation.BaseLanding.testCloseAppSwitch(BaseLanding.java:63)
at tests.LandingITest.closeApp(LandingITest.java:49)
at operation.BaseLanding.testCloseAppSwitch(BaseLanding.java:63)
at tests.LandingITest.closeApp(LandingITest.java:49)
at operation.BaseLanding.testCloseAppSwitch(BaseLanding.java:63)
at tests.LandingITest.closeApp(LandingITest.java:49)
at operation.BaseLanding.testCloseAppSwitch(BaseLanding.java:63)
at tests.LandingITest.closeApp(LandingITest.java:49)
at operation.BaseLanding.testCloseAppSwitch(BaseLanding.java:63)
at tests.LandingITest.closeApp(LandingITest.java:49)
at operation.BaseLanding.testCloseAppSwitch(BaseLanding.java:63)
at tests.LandingITest.closeApp(LandingITest.java:49)
at operation.BaseLanding.testCloseAppSwitch(BaseLanding.java:63)
at tests.LandingITest.closeApp(LandingITest.java:49)
at operation.BaseLanding.testCloseAppSwitch(BaseLanding.java:63)
at tests.LandingITest.closeApp(LandingITest.java:49)
at operation.BaseLanding.testCloseAppSwitch(BaseLanding.java:63)
at tests.LandingITest.closeApp(LandingITest.java:49)
at operation.BaseLanding.testCloseAppSwitch(BaseLanding.java:63)
at tests.LandingITest.closeApp(LandingITest.java:49)
at operation.BaseLanding.testCloseAppSwitch(BaseLanding.java:63)
at tests.LandingITest.closeApp(LandingITest.java:49)
at operation.BaseLanding.testCloseAppSwitch(BaseLanding.java:63)
at tests.LandingITest.closeApp(LandingITest.java:49)
at operation.BaseLanding.testCloseAppSwitch(BaseLanding.java:63)
at tests.LandingITest.closeApp(LandingITest.java:49)
at operation.BaseLanding.testCloseAppSwitch(BaseLanding.java:63)
at tests.LandingITest.closeApp(LandingITest.java:49)
at operation.BaseLanding.testCloseAppSwitch(BaseLanding.java:63)
at tests.LandingITest.closeApp(LandingITest.java:49)
at operation.BaseLanding.testCloseAppSwitch(BaseLanding.java:63)
at tests.LandingITest.closeApp(LandingITest.java:49)
at operation.BaseLanding.testCloseAppSwitch(BaseLanding.java:63)
at tests.LandingITest.closeApp(LandingITest.java:49)
at operation.BaseLanding.testCloseAppSwitch(BaseLanding.java:63)
at tests.LandingITest.closeApp(LandingITest.java:49)
at operation.BaseLanding.testCloseAppSwitch(BaseLanding.java:63)
at tests.LandingITest.closeApp(LandingITest.java:49)
at operation.BaseLanding.testCloseAppSwitch(BaseLanding.java:63)
at tests.LandingITest.closeApp(LandingITest.java:49)
at operation.BaseLanding.testCloseAppSwitch(BaseLanding.java:63)
at tests.LandingITest.closeApp(LandingITest.java:49)
at operation.BaseLanding.testCloseAppSwitch(BaseLanding.java:63)
at tests.LandingITest.closeApp(LandingITest.java:49)
at operation.BaseLanding.testCloseAppSwitch(BaseLanding.java:63)
at tests.LandingITest.closeApp(LandingITest.java:49)
at operation.BaseLanding.testCloseAppSwitch(BaseLanding.java:63)
at tests.LandingITest.closeApp(LandingITest.java:49)
at operation.BaseLanding.testCloseAppSwitch(BaseLanding.java:63)
at tests.LandingITest.closeApp(LandingITest.java:49)
at operation.BaseLanding.testCloseAppSwitch(BaseLanding.java:63)
at tests.LandingITest.closeApp(LandingITest.java:49)
at operation.BaseLanding.testCloseAppSwitch(BaseLanding.java:63)
at tests.LandingITest.closeApp(LandingITest.java:49)
at operation.BaseLanding.testCloseAppSwitch(BaseLanding.java:63)
at tests.LandingITest.closeApp(LandingITest.java:49)
at operation.BaseLanding.testCloseAppSwitch(BaseLanding.java:63)
at tests.LandingITest.closeApp(LandingITest.java:49)
at operation.BaseLanding.testCloseAppSwitch(BaseLanding.java:63)
at tests.LandingITest.closeApp(LandingITest.java:49)
at operation.BaseLanding.testCloseAppSwitch(BaseLanding.java:63)
at tests.LandingITest.closeApp(LandingITest.java:49)
at operation.BaseLanding.testCloseAppSwitch(BaseLanding.java:63)
at tests.LandingITest.closeApp(LandingITest.java:49)
at operation.BaseLanding.testCloseAppSwitch(BaseLanding.java:63)
at tests.LandingITest.closeApp(LandingITest.java:49)
at operation.BaseLanding.testCloseAppSwitch(BaseLanding.java:63)
at tests.LandingITest.closeApp(LandingITest.java:49)
at operation.BaseLanding.testCloseAppSwitch(BaseLanding.java:63)
at tests.LandingITest.closeApp(LandingITest.java:49)
at operation.BaseLanding.testCloseAppSwitch(BaseLanding.java:63)
at tests.LandingITest.closeApp(LandingITest.java:49)
at operation.BaseLanding.testCloseAppSwitch(BaseLanding.java:63)
at tests.LandingITest.closeApp(LandingITest.java:49)
at operation.BaseLanding.testCloseAppSwitch(BaseLanding.java:63)
at tests.LandingITest.closeApp(LandingITest.java:49)
at operation.BaseLanding.testCloseAppSwitch(BaseLanding.java:63)
at tests.LandingITest.closeApp(LandingITest.java:49)
at operation.BaseLanding.testCloseAppSwitch(BaseLanding.java:63)
at tests.LandingITest.closeApp(LandingITest.java:49)
at operation.BaseLanding.testCloseAppSwitch(BaseLanding.java:63)
at tests.LandingITest.closeApp(LandingITest.java:49)
at operation.BaseLanding.testCloseAppSwitch(BaseLanding.java:63)
at tests.LandingITest.closeApp(LandingITest.java:49)
at operation.BaseLanding.testCloseAppSwitch(BaseLanding.java:63)
at tests.LandingITest.closeApp(LandingITest.java:49)
at operation.BaseLanding.testCloseAppSwitch(BaseLanding.java:63)
at tests.LandingITest.closeApp(LandingITest.java:49)
at operation.BaseLanding.testCloseAppSwitch(BaseLanding.java:63)
at tests.LandingITest.closeApp(LandingITest.java:49)
at operation.BaseLanding.testCloseAppSwitch(BaseLanding.java:63)
at tests.LandingITest.closeApp(LandingITest.java:49)
at operation.BaseLanding.testCloseAppSwitch(BaseLanding.java:63)
at tests.LandingITest.closeApp(LandingITest.java:49)
at operation.BaseLanding.testCloseAppSwitch(BaseLanding.java:63)
at tests.LandingITest.closeApp(LandingITest.java:49)
at operation.BaseLanding.testCloseAppSwitch(BaseLanding.java:63)
at tests.LandingITest.closeApp(LandingITest.java:49)
at operation.BaseLanding.testCloseAppSwitch(BaseLanding.java:63)
at tests.LandingITest.closeApp(LandingITest.java:49)
at operation.BaseLanding.testCloseAppSwitch(BaseLanding.java:63)
at tests.LandingITest.closeApp(LandingITest.java:49)
at operation.BaseLanding.testCloseAppSwitch(BaseLanding.java:63)
at tests.LandingITest.closeApp(LandingITest.java:49)
at operation.BaseLanding.testCloseAppSwitch(BaseLanding.java:63)
at tests.LandingITest.closeApp(LandingITest.java:49)
at operation.BaseLanding.testCloseAppSwitch(BaseLanding.java:63)
at tests.LandingITest.closeApp(LandingITest.java:49)
at operation.BaseLanding.testCloseAppSwitch(BaseLanding.java:63)
at tests.LandingITest.closeApp(LandingITest.java:49)
at operation.BaseLanding.testCloseAppSwitch(BaseLanding.java:63)
at tests.LandingITest.closeApp(LandingITest.java:49)
at operation.BaseLanding.testCloseAppSwitch(BaseLanding.java:63)
at tests.LandingITest.closeApp(LandingITest.java:49)
at operation.BaseLanding.testCloseAppSwitch(BaseLanding.java:63)
at tests.LandingITest.closeApp(LandingITest.java:49)
at operation.BaseLanding.testCloseAppSwitch(BaseLanding.java:63)
at tests.LandingITest.closeApp(LandingITest.java:49)
at operation.BaseLanding.testCloseAppSwitch(BaseLanding.java:63)
at tests.LandingITest.closeApp(LandingITest.java:49)
at operation.BaseLanding.testCloseAppSwitch(BaseLanding.java:63)
at tests.LandingITest.closeApp(LandingITest.java:49)
at operation.BaseLanding.testCloseAppSwitch(BaseLanding.java:63)
at tests.LandingITest.closeApp(LandingITest.java:49)
at operation.BaseLanding.testCloseAppSwitch(BaseLanding.java:63)
at tests.LandingITest.closeApp(LandingITest.java:49)
at operation.BaseLanding.testCloseAppSwitch(BaseLanding.java:63)
at tests.LandingITest.closeApp(LandingITest.java:49)
at operation.BaseLanding.testCloseAppSwitch(BaseLanding.java:63)
at tests.LandingITest.closeApp(LandingITest.java:49)
at operation.BaseLanding.testCloseAppSwitch(BaseLanding.java:63)
at tests.LandingITest.closeApp(LandingITest.java:49)
at operation.BaseLanding.testCloseAppSwitch(BaseLanding.java:63)
at tests.LandingITest.closeApp(LandingITest.java:49)
at operation.BaseLanding.testCloseAppSwitch(BaseLanding.java:63)
at tests.LandingITest.closeApp(LandingITest.java:49)
at operation.BaseLanding.testCloseAppSwitch(BaseLanding.java:63)
at tests.LandingITest.closeApp(LandingITest.java:49)
at operation.BaseLanding.testCloseAppSwitch(BaseLanding.java:63)
at tests.LandingITest.closeApp(LandingITest.java:49)
at operation.BaseLanding.testCloseAppSwitch(BaseLanding.java:63)
at tests.LandingITest.closeApp(LandingITest.java:49)
at operation.BaseLanding.testCloseAppSwitch(BaseLanding.java:63)
at tests.LandingITest.closeApp(LandingITest.java:49)
at operation.BaseLanding.testCloseAppSwitch(BaseLanding.java:63)
at tests.LandingITest.closeApp(LandingITest.java:49)
at operation.BaseLanding.testCloseAppSwitch(BaseLanding.java:63)
at tests.LandingITest.closeApp(LandingITest.java:49)
at operation.BaseLanding.testCloseAppSwitch(BaseLanding.java:63)
at tests.LandingITest.closeApp(LandingITest.java:49)
at operation.BaseLanding.testCloseAppSwitch(BaseLanding.java:63)
at tests.LandingITest.closeApp(LandingITest.java:49)
at operation.BaseLanding.testCloseAppSwitch(BaseLanding.java:63)
at tests.LandingITest.closeApp(LandingITest.java:49)
at operation.BaseLanding.testCloseAppSwitch(BaseLanding.java:63)
at tests.LandingITest.closeApp(LandingITest.java:49)
at operation.BaseLanding.testCloseAppSwitch(BaseLanding.java:63)
at tests.LandingITest.closeApp(LandingITest.java:49)
at operation.BaseLanding.testCloseAppSwitch(BaseLanding.java:63)
at tests.LandingITest.closeApp(LandingITest.java:49)
at operation.BaseLanding.testCloseAppSwitch(BaseLanding.java:63)
at tests.LandingITest.closeApp(LandingITest.java:49)
at operation.BaseLanding.testCloseAppSwitch(BaseLanding.java:63)
at tests.LandingITest.closeApp(LandingITest.java:49)
at operation.BaseLanding.testCloseAppSwitch(BaseLanding.java:63)
at tests.LandingITest.closeApp(LandingITest.java:49)
at operation.BaseLanding.testCloseAppSwitch(BaseLanding.java:63)
at tests.LandingITest.closeApp(LandingITest.java:49)
at operation.BaseLanding.testCloseAppSwitch(BaseLanding.java:63)
at tests.LandingITest.closeApp(LandingITest.java:49)
at operation.BaseLanding.testCloseAppSwitch(BaseLanding.java:63)
at tests.LandingITest.closeApp(LandingITest.java:49)
at operation.BaseLanding.testCloseAppSwitch(BaseLanding.java:63)
at tests.LandingITest.closeApp(LandingITest.java:49)
at operation.BaseLanding.testCloseAppSwitch(BaseLanding.java:63)
at tests.LandingITest.closeApp(LandingITest.java:49)
at operation.BaseLanding.testCloseAppSwitch(BaseLanding.java:63)
at tests.LandingITest.closeApp(LandingITest.java:49)
at operation.BaseLanding.testCloseAppSwitch(BaseLanding.java:63)
at tests.LandingITest.closeApp(LandingITest.java:49)
at operation.BaseLanding.testCloseAppSwitch(BaseLanding.java:63)
at tests.LandingITest.closeApp(LandingITest.java:49)
at operation.BaseLanding.testCloseAppSwitch(BaseLanding.java:63)
at tests.LandingITest.closeApp(LandingITest.java:49)
at operation.BaseLanding.testCloseAppSwitch(BaseLanding.java:63)
at tests.LandingITest.closeApp(LandingITest.java:49)
at operation.BaseLanding.testCloseAppSwitch(BaseLanding.java:63)
at tests.LandingITest.closeApp(LandingITest.java:49)
at operation.BaseLanding.testCloseAppSwitch(BaseLanding.java:63)
at tests.LandingITest.closeApp(LandingITest.java:49)
at operation.BaseLanding.testCloseAppSwitch(BaseLanding.java:63)
at tests.LandingITest.closeApp(LandingITest.java:49)
at operation.BaseLanding.testCloseAppSwitch(BaseLanding.java:63)
at tests.LandingITest.closeApp(LandingITest.java:49)
at operation.BaseLanding.testCloseAppSwitch(BaseLanding.java:63)
at tests.LandingITest.closeApp(LandingITest.java:49)
at operation.BaseLanding.testCloseAppSwitch(BaseLanding.java:63)
at tests.LandingITest.closeApp(LandingITest.java:49)
at operation.BaseLanding.testCloseAppSwitch(BaseLanding.java:63)
at tests.LandingITest.closeApp(LandingITest.java:49)
at operation.BaseLanding.testCloseAppSwitch(BaseLanding.java:63)
at tests.LandingITest.closeApp(LandingITest.java:49)
at operation.BaseLanding.testCloseAppSwitch(BaseLanding.java:63)
at tests.LandingITest.closeApp(LandingITest.java:49)
at operation.BaseLanding.testCloseAppSwitch(BaseLanding.java:63)
at tests.LandingITest.closeApp(LandingITest.java:49)
at operation.BaseLanding.testCloseAppSwitch(BaseLanding.java:63)
at tests.LandingITest.closeApp(LandingITest.java:49)
at operation.BaseLanding.testCloseAppSwitch(BaseLanding.java:63)
at tests.LandingITest.closeApp(LandingITest.java:49)
at operation.BaseLanding.testCloseAppSwitch(BaseLanding.java:63)
at tests.LandingITest.closeApp(LandingITest.java:49)
at operation.BaseLanding.testCloseAppSwitch(BaseLanding.java:63)
at tests.LandingITest.closeApp(LandingITest.java:49)
at operation.BaseLanding.testCloseAppSwitch(BaseLanding.java:63)
at tests.LandingITest.closeApp(LandingITest.java:49)
at operation.BaseLanding.testCloseAppSwitch(BaseLanding.java:63)
at tests.LandingITest.closeApp(LandingITest.java:49)
at operation.BaseLanding.testCloseAppSwitch(BaseLanding.java:63)
at tests.LandingITest.closeApp(LandingITest.java:49)
at operation.BaseLanding.testCloseAppSwitch(BaseLanding.java:63)
at tests.LandingITest.closeApp(LandingITest.java:49)
at operation.BaseLanding.testCloseAppSwitch(BaseLanding.java:63)
at tests.LandingITest.closeApp(LandingITest.java:49)
at operation.BaseLanding.testCloseAppSwitch(BaseLanding.java:63)
at tests.LandingITest.closeApp(LandingITest.java:49)
at operation.BaseLanding.testCloseAppSwitch(BaseLanding.java:63)
at tests.LandingITest.closeApp(LandingITest.java:49)
at operation.BaseLanding.testCloseAppSwitch(BaseLanding.java:63)
at tests.LandingITest.closeApp(LandingITest.java:49)
at operation.BaseLanding.testCloseAppSwitch(BaseLanding.java:63)
at tests.LandingITest.closeApp(LandingITest.java:49)
at operation.BaseLanding.testCloseAppSwitch(BaseLanding.java:63)
at tests.LandingITest.closeApp(LandingITest.java:49)
at operation.BaseLanding.testCloseAppSwitch(BaseLanding.java:63)
at tests.LandingITest.closeApp(LandingITest.java:49)
at operation.BaseLanding.testCloseAppSwitch(BaseLanding.java:63)
at tests.LandingITest.closeApp(LandingITest.java:49)
at operation.BaseLanding.testCloseAppSwitch(BaseLanding.java:63)
at tests.LandingITest.closeApp(LandingITest.java:49)
at operation.BaseLanding.testCloseAppSwitch(BaseLanding.java:63)
at tests.LandingITest.closeApp(LandingITest.java:49)
at operation.BaseLanding.testCloseAppSwitch(BaseLanding.java:63)
at tests.LandingITest.closeApp(LandingITest.java:49)
at operation.BaseLanding.testCloseAppSwitch(BaseLanding.java:63)
at tests.LandingITest.closeApp(LandingITest.java:49)
at operation.BaseLanding.testCloseAppSwitch(BaseLanding.java:63)
at tests.LandingITest.closeApp(LandingITest.java:49)
at operation.BaseLanding.testCloseAppSwitch(BaseLanding.java:63)
at tests.LandingITest.closeApp(LandingITest.java:49)
at operation.BaseLanding.testCloseAppSwitch(BaseLanding.java:63)
at tests.LandingITest.closeApp(LandingITest.java:49)
at operation.BaseLanding.testCloseAppSwitch(BaseLanding.java:63)
at tests.LandingITest.closeApp(LandingITest.java:49)
at operation.BaseLanding.testCloseAppSwitch(BaseLanding.java:63)
at tests.LandingITest.closeApp(LandingITest.java:49)
at operation.BaseLanding.testCloseAppSwitch(BaseLanding.java:63)
at tests.LandingITest.closeApp(LandingITest.java:49)
at operation.BaseLanding.testCloseAppSwitch(BaseLanding.java:63)
at tests.LandingITest.closeApp(LandingITest.java:49)
at operation.BaseLanding.testCloseAppSwitch(BaseLanding.java:63)
at tests.LandingITest.closeApp(LandingITest.java:49)
at operation.BaseLanding.testCloseAppSwitch(BaseLanding.java:63)
at tests.LandingITest.closeApp(LandingITest.java:49)
at operation.BaseLanding.testCloseAppSwitch(BaseLanding.java:63)
at tests.LandingITest.closeApp(LandingITest.java:49)
at operation.BaseLanding.testCloseAppSwitch(BaseLanding.java:63)
at tests.LandingITest.closeApp(LandingITest.java:49)
at operation.BaseLanding.testCloseAppSwitch(BaseLanding.java:63)
at tests.LandingITest.closeApp(LandingITest.java:49)
at operation.BaseLanding.testCloseAppSwitch(BaseLanding.java:63)
at tests.LandingITest.closeApp(LandingITest.java:49)
at operation.BaseLanding.testCloseAppSwitch(BaseLanding.java:63)
at tests.LandingITest.closeApp(LandingITest.java:49)
at operation.BaseLanding.testCloseAppSwitch(BaseLanding.java:63)
at tests.LandingITest.closeApp(LandingITest.java:49)
at operation.BaseLanding.testCloseAppSwitch(BaseLanding.java:63)
at tests.LandingITest.closeApp(LandingITest.java:49)
at operation.BaseLanding.testCloseAppSwitch(BaseLanding.java:63)
at tests.LandingITest.closeApp(LandingITest.java:49)
at operation.BaseLanding.testCloseAppSwitch(BaseLanding.java:63)
at tests.LandingITest.closeApp(LandingITest.java:49)
at operation.BaseLanding.testCloseAppSwitch(BaseLanding.java:63)
at tests.LandingITest.closeApp(LandingITest.java:49)
at operation.BaseLanding.testCloseAppSwitch(BaseLanding.java:63)
at tests.LandingITest.closeApp(LandingITest.java:49)
at operation.BaseLanding.testCloseAppSwitch(BaseLanding.java:63)
at tests.LandingITest.closeApp(LandingITest.java:49)
at operation.BaseLanding.testCloseAppSwitch(BaseLanding.java:63)
at tests.LandingITest.closeApp(LandingITest.java:49)
at operation.BaseLanding.testCloseAppSwitch(BaseLanding.java:63)
at tests.LandingITest.closeApp(LandingITest.java:49)
at operation.BaseLanding.testCloseAppSwitch(BaseLanding.java:63)
at tests.LandingITest.closeApp(LandingITest.java:49)
at operation.BaseLanding.testCloseAppSwitch(BaseLanding.java:63)
at tests.LandingITest.closeApp(LandingITest.java:49)
at operation.BaseLanding.testCloseAppSwitch(BaseLanding.java:63)
at tests.LandingITest.closeApp(LandingITest.java:49)
at operation.BaseLanding.testCloseAppSwitch(BaseLanding.java:63)
at tests.LandingITest.closeApp(LandingITest.java:49)
at operation.BaseLanding.testCloseAppSwitch(BaseLanding.java:63)
at tests.LandingITest.closeApp(LandingITest.java:49)
at operation.BaseLanding.testCloseAppSwitch(BaseLanding.java:63)
at tests.LandingITest.closeApp(LandingITest.java:49)
at operation.BaseLanding.testCloseAppSwitch(BaseLanding.java:63)
at tests.LandingITest.closeApp(LandingITest.java:49)
at operation.BaseLanding.testCloseAppSwitch(BaseLanding.java:63)
at tests.LandingITest.closeApp(LandingITest.java:49)
at operation.BaseLanding.testCloseAppSwitch(BaseLanding.java:63)
at tests.LandingITest.closeApp(LandingITest.java:49)
at operation.BaseLanding.testCloseAppSwitch(BaseLanding.java:63)
at tests.LandingITest.closeApp(LandingITest.java:49)
at operation.BaseLanding.testCloseAppSwitch(BaseLanding.java:63)
at tests.LandingITest.closeApp(LandingITest.java:49)
at operation.BaseLanding.testCloseAppSwitch(BaseLanding.java:63)
at tests.LandingITest.closeApp(LandingITest.java:49)
at operation.BaseLanding.testCloseAppSwitch(BaseLanding.java:63)
at tests.LandingITest.closeApp(LandingITest.java:49)
at operation.BaseLanding.testCloseAppSwitch(BaseLanding.java:63)
at tests.LandingITest.closeApp(LandingITest.java:49)
at operation.BaseLanding.testCloseAppSwitch(BaseLanding.java:63)
at tests.LandingITest.closeApp(LandingITest.java:49)
at operation.BaseLanding.testCloseAppSwitch(BaseLanding.java:63)
at tests.LandingITest.closeApp(LandingITest.java:49)
at operation.BaseLanding.testCloseAppSwitch(BaseLanding.java:63)
at tests.LandingITest.closeApp(LandingITest.java:49)
at operation.BaseLanding.testCloseAppSwitch(BaseLanding.java:63)
at tests.LandingITest.closeApp(LandingITest.java:49)
at operation.BaseLanding.testCloseAppSwitch(BaseLanding.java:63)
at tests.LandingITest.closeApp(LandingITest.java:49)
at operation.BaseLanding.testCloseAppSwitch(BaseLanding.java:63)
at tests.LandingITest.closeApp(LandingITest.java:49)
at operation.BaseLanding.testCloseAppSwitch(BaseLanding.java:63)
at tests.LandingITest.closeApp(LandingITest.java:49)
at operation.BaseLanding.testCloseAppSwitch(BaseLanding.java:63)
at tests.LandingITest.closeApp(LandingITest.java:49)
at operation.BaseLanding.testCloseAppSwitch(BaseLanding.java:63)
at tests.LandingITest.closeApp(LandingITest.java:49)
at operation.BaseLanding.testCloseAppSwitch(BaseLanding.java:63)
at tests.LandingITest.closeApp(LandingITest.java:49)
at operation.BaseLanding.testCloseAppSwitch(BaseLanding.java:63)
at tests.LandingITest.closeApp(LandingITest.java:49)
at operation.BaseLanding.testCloseAppSwitch(BaseLanding.java:63)
at tests.LandingITest.closeApp(LandingITest.java:49)
at operation.BaseLanding.testCloseAppSwitch(BaseLanding.java:63)
at tests.LandingITest.closeApp(LandingITest.java:49)
at operation.BaseLanding.testCloseAppSwitch(BaseLanding.java:63)
at tests.LandingITest.closeApp(LandingITest.java:49)
at operation.BaseLanding.testCloseAppSwitch(BaseLanding.java:63)
at tests.LandingITest.closeApp(LandingITest.java:49)
at operation.BaseLanding.testCloseAppSwitch(BaseLanding.java:63)
at tests.LandingITest.closeApp(LandingITest.java:49)
at operation.BaseLanding.testCloseAppSwitch(BaseLanding.java:63)
at tests.LandingITest.closeApp(LandingITest.java:49)
at operation.BaseLanding.testCloseAppSwitch(BaseLanding.java:63)
at tests.LandingITest.closeApp(LandingITest.java:49)
at operation.BaseLanding.testCloseAppSwitch(BaseLanding.java:63)
at tests.LandingITest.closeApp(LandingITest.java:49)
at operation.BaseLanding.testCloseAppSwitch(BaseLanding.java:63)
at tests.LandingITest.closeApp(LandingITest.java:49)
at operation.BaseLanding.testCloseAppSwitch(BaseLanding.java:63)
at tests.LandingITest.closeApp(LandingITest.java:49)
at operation.BaseLanding.testCloseAppSwitch(BaseLanding.java:63)
at tests.LandingITest.closeApp(LandingITest.java:49)
at operation.BaseLanding.testCloseAppSwitch(BaseLanding.java:63)
at tests.LandingITest.closeApp(LandingITest.java:49)
at operation.BaseLanding.testCloseAppSwitch(BaseLanding.java:63)
at tests.LandingITest.closeApp(LandingITest.java:49)
]]>
            </full-stacktrace>
          </exception> <!-- java.lang.StackOverflowError -->
          <reporter-output>
          </reporter-output>
        </test-method> <!-- closeApp -->
      </class> <!-- tests.LandingITest -->
    </test> <!-- switch-mobile-automation -->
  </suite> <!-- Default Suite -->
</testng-results>
