<?xml version="1.0" encoding="UTF-8"?>
<!-- Generated by org.testng.reporters.JUnitReportReporter -->
<testsuite skipped="0" hostname="Faizals-MBP" name="Runner.LoginITest" tests="2" failures="0" timestamp="25 Jun 2020 06:31:01 GMT" time="11.013" errors="2">
  <testcase name="checkValidLogin" time="11.010" classname="Runner.LoginITest">
    <error type="org.openqa.selenium.NoSuchElementException" message="An element could not be located on the page using the given search parameters.
For documentation on this error, please visit: https://www.seleniumhq.org/exceptions/no_such_element.html
Build info: version: &#039;3.141.59&#039;, revision: &#039;e82be7d358&#039;, time: &#039;2018-11-14T08:17:03&#039;
System info: host: &#039;Faizals-MBP&#039;, ip: &#039;fe80:0:0:0:1451:9c48:96b9:1123%en0&#039;, os.name: &#039;Mac OS X&#039;, os.arch: &#039;x86_64&#039;, os.version: &#039;10.15.5&#039;, java.version: &#039;1.8.0_251&#039;
Driver info: io.appium.java_client.android.AndroidDriver
Capabilities {appActivity: com.smartfren.switchmobile...., appPackage: com.smartfren.switchmobile, autoGrantPermissions: true, databaseEnabled: false, desired: {appActivity: com.smartfren.switchmobile...., appPackage: com.smartfren.switchmobile, autoGrantPermissions: true, noReset: true, platformName: android, platformVersion: 8.1.0, udid: emulator-5554}, deviceApiLevel: 27, deviceManufacturer: Google, deviceModel: Android SDK built for x86, deviceName: emulator-5554, deviceScreenDensity: 420, deviceScreenSize: 1080x1920, deviceUDID: emulator-5554, javascriptEnabled: true, locationContextEnabled: false, networkConnectionEnabled: true, noReset: true, pixelRatio: 2.625, platform: LINUX, platformName: ANDROID, platformVersion: 8.1.0, statBarHeight: 63, takesScreenshot: true, udid: emulator-5554, viewportRect: {height: 1731, left: 0, top: 63, width: 1080}, warnings: {}, webStorageEnabled: false}
Session ID: 415ef839-a51b-478d-a293-2ba1527879a8
*** Element info: {Using=id, value=com.smartfren.switchmobile:id/email}">
      <![CDATA[org.openqa.selenium.NoSuchElementException: An element could not be located on the page using the given search parameters.
For documentation on this error, please visit: https://www.seleniumhq.org/exceptions/no_such_element.html
Build info: version: '3.141.59', revision: 'e82be7d358', time: '2018-11-14T08:17:03'
System info: host: 'Faizals-MBP', ip: 'fe80:0:0:0:1451:9c48:96b9:1123%en0', os.name: 'Mac OS X', os.arch: 'x86_64', os.version: '10.15.5', java.version: '1.8.0_251'
Driver info: io.appium.java_client.android.AndroidDriver
Capabilities {appActivity: com.smartfren.switchmobile...., appPackage: com.smartfren.switchmobile, autoGrantPermissions: true, databaseEnabled: false, desired: {appActivity: com.smartfren.switchmobile...., appPackage: com.smartfren.switchmobile, autoGrantPermissions: true, noReset: true, platformName: android, platformVersion: 8.1.0, udid: emulator-5554}, deviceApiLevel: 27, deviceManufacturer: Google, deviceModel: Android SDK built for x86, deviceName: emulator-5554, deviceScreenDensity: 420, deviceScreenSize: 1080x1920, deviceUDID: emulator-5554, javascriptEnabled: true, locationContextEnabled: false, networkConnectionEnabled: true, noReset: true, pixelRatio: 2.625, platform: LINUX, platformName: ANDROID, platformVersion: 8.1.0, statBarHeight: 63, takesScreenshot: true, udid: emulator-5554, viewportRect: {height: 1731, left: 0, top: 63, width: 1080}, warnings: {}, webStorageEnabled: false}
Session ID: 415ef839-a51b-478d-a293-2ba1527879a8
*** Element info: {Using=id, value=com.smartfren.switchmobile:id/email}
at sun.reflect.NativeConstructorAccessorImpl.newInstance0(Native Method)
at sun.reflect.NativeConstructorAccessorImpl.newInstance(NativeConstructorAccessorImpl.java:62)
at sun.reflect.DelegatingConstructorAccessorImpl.newInstance(DelegatingConstructorAccessorImpl.java:45)
at java.lang.reflect.Constructor.newInstance(Constructor.java:423)
at org.openqa.selenium.remote.http.W3CHttpResponseCodec.createException(W3CHttpResponseCodec.java:187)
at org.openqa.selenium.remote.http.W3CHttpResponseCodec.decode(W3CHttpResponseCodec.java:122)
at org.openqa.selenium.remote.http.W3CHttpResponseCodec.decode(W3CHttpResponseCodec.java:49)
at org.openqa.selenium.remote.HttpCommandExecutor.execute(HttpCommandExecutor.java:158)
at io.appium.java_client.remote.AppiumCommandExecutor.execute(AppiumCommandExecutor.java:239)
at org.openqa.selenium.remote.RemoteWebDriver.execute(RemoteWebDriver.java:552)
at io.appium.java_client.DefaultGenericMobileDriver.execute(DefaultGenericMobileDriver.java:41)
at io.appium.java_client.AppiumDriver.execute(AppiumDriver.java:1)
at io.appium.java_client.android.AndroidDriver.execute(AndroidDriver.java:1)
at org.openqa.selenium.remote.RemoteWebDriver.findElement(RemoteWebDriver.java:323)
at io.appium.java_client.DefaultGenericMobileDriver.findElement(DefaultGenericMobileDriver.java:61)
at io.appium.java_client.AppiumDriver.findElement(AppiumDriver.java:1)
at io.appium.java_client.android.AndroidDriver.findElement(AndroidDriver.java:1)
at org.openqa.selenium.remote.RemoteWebDriver.findElementById(RemoteWebDriver.java:372)
at io.appium.java_client.DefaultGenericMobileDriver.findElementById(DefaultGenericMobileDriver.java:69)
at io.appium.java_client.AppiumDriver.findElementById(AppiumDriver.java:1)
at io.appium.java_client.android.AndroidDriver.findElementById(AndroidDriver.java:1)
at org.openqa.selenium.By$ById.findElement(By.java:188)
at org.openqa.selenium.remote.RemoteWebDriver.findElement(RemoteWebDriver.java:315)
at io.appium.java_client.DefaultGenericMobileDriver.findElement(DefaultGenericMobileDriver.java:57)
at io.appium.java_client.AppiumDriver.findElement(AppiumDriver.java:1)
at io.appium.java_client.android.AndroidDriver.findElement(AndroidDriver.java:1)
at Operation.BaseLogin.testValidLogin(BaseLogin.java:25)
at Runner.LoginITest.checkValidLogin(LoginRunner.java:18)
at sun.reflect.NativeMethodAccessorImpl.invoke0(Native Method)
at sun.reflect.NativeMethodAccessorImpl.invoke(NativeMethodAccessorImpl.java:62)
at sun.reflect.DelegatingMethodAccessorImpl.invoke(DelegatingMethodAccessorImpl.java:43)
at java.lang.reflect.Method.invoke(Method.java:498)
at org.testng.internal.MethodInvocationHelper.invokeMethod(MethodInvocationHelper.java:124)
at org.testng.internal.Invoker.invokeMethod(Invoker.java:583)
at org.testng.internal.Invoker.invokeTestMethod(Invoker.java:719)
at org.testng.internal.Invoker.invokeTestMethods(Invoker.java:989)
at org.testng.internal.TestMethodWorker.invokeTestMethods(TestMethodWorker.java:125)
at org.testng.internal.TestMethodWorker.run(TestMethodWorker.java:109)
at org.testng.TestRunner.privateRun(TestRunner.java:648)
at org.testng.TestRunner.run(TestRunner.java:505)
at org.testng.SuiteRunner.runTest(SuiteRunner.java:455)
at org.testng.SuiteRunner.runSequentially(SuiteRunner.java:450)
at org.testng.SuiteRunner.privateRun(SuiteRunner.java:415)
at org.testng.SuiteRunner.run(SuiteRunner.java:364)
at org.testng.SuiteRunnerWorker.runSuite(SuiteRunnerWorker.java:52)
at org.testng.SuiteRunnerWorker.run(SuiteRunnerWorker.java:84)
at org.testng.TestNG.runSuitesSequentially(TestNG.java:1208)
at org.testng.TestNG.runSuitesLocally(TestNG.java:1137)
at org.testng.TestNG.runSuites(TestNG.java:1049)
at org.testng.TestNG.run(TestNG.java:1017)
at com.intellij.rt.testng.IDEARemoteTestNG.run(IDEARemoteTestNG.java:66)
at com.intellij.rt.testng.RemoteTestNGStarter.main(RemoteTestNGStarter.java:110)
]]>
    </error>
  </testcase> <!-- checkValidLogin -->
  <testcase name="closeApp" time="0.003" classname="Runner.LoginITest">
    <error type="java.lang.StackOverflowError">
      <![CDATA[java.lang.StackOverflowError
at Operation.BaseLogin.testCloseAppSwitch(BaseLogin.java:37)
at Runner.LoginITest.closeApp(LoginRunner.java:29)
at Operation.BaseLogin.testCloseAppSwitch(BaseLogin.java:37)
at Runner.LoginITest.closeApp(LoginRunner.java:29)
at Operation.BaseLogin.testCloseAppSwitch(BaseLogin.java:37)
at Runner.LoginITest.closeApp(LoginRunner.java:29)
at Operation.BaseLogin.testCloseAppSwitch(BaseLogin.java:37)
at Runner.LoginITest.closeApp(LoginRunner.java:29)
at Operation.BaseLogin.testCloseAppSwitch(BaseLogin.java:37)
at Runner.LoginITest.closeApp(LoginRunner.java:29)
at Operation.BaseLogin.testCloseAppSwitch(BaseLogin.java:37)
at Runner.LoginITest.closeApp(LoginRunner.java:29)
at Operation.BaseLogin.testCloseAppSwitch(BaseLogin.java:37)
at Runner.LoginITest.closeApp(LoginRunner.java:29)
at Operation.BaseLogin.testCloseAppSwitch(BaseLogin.java:37)
at Runner.LoginITest.closeApp(LoginRunner.java:29)
at Operation.BaseLogin.testCloseAppSwitch(BaseLogin.java:37)
at Runner.LoginITest.closeApp(LoginRunner.java:29)
at Operation.BaseLogin.testCloseAppSwitch(BaseLogin.java:37)
at Runner.LoginITest.closeApp(LoginRunner.java:29)
at Operation.BaseLogin.testCloseAppSwitch(BaseLogin.java:37)
at Runner.LoginITest.closeApp(LoginRunner.java:29)
at Operation.BaseLogin.testCloseAppSwitch(BaseLogin.java:37)
at Runner.LoginITest.closeApp(LoginRunner.java:29)
at Operation.BaseLogin.testCloseAppSwitch(BaseLogin.java:37)
at Runner.LoginITest.closeApp(LoginRunner.java:29)
at Operation.BaseLogin.testCloseAppSwitch(BaseLogin.java:37)
at Runner.LoginITest.closeApp(LoginRunner.java:29)
at Operation.BaseLogin.testCloseAppSwitch(BaseLogin.java:37)
at Runner.LoginITest.closeApp(LoginRunner.java:29)
at Operation.BaseLogin.testCloseAppSwitch(BaseLogin.java:37)
at Runner.LoginITest.closeApp(LoginRunner.java:29)
at Operation.BaseLogin.testCloseAppSwitch(BaseLogin.java:37)
at Runner.LoginITest.closeApp(LoginRunner.java:29)
at Operation.BaseLogin.testCloseAppSwitch(BaseLogin.java:37)
at Runner.LoginITest.closeApp(LoginRunner.java:29)
at Operation.BaseLogin.testCloseAppSwitch(BaseLogin.java:37)
at Runner.LoginITest.closeApp(LoginRunner.java:29)
at Operation.BaseLogin.testCloseAppSwitch(BaseLogin.java:37)
at Runner.LoginITest.closeApp(LoginRunner.java:29)
at Operation.BaseLogin.testCloseAppSwitch(BaseLogin.java:37)
at Runner.LoginITest.closeApp(LoginRunner.java:29)
at Operation.BaseLogin.testCloseAppSwitch(BaseLogin.java:37)
at Runner.LoginITest.closeApp(LoginRunner.java:29)
at Operation.BaseLogin.testCloseAppSwitch(BaseLogin.java:37)
at Runner.LoginITest.closeApp(LoginRunner.java:29)
at Operation.BaseLogin.testCloseAppSwitch(BaseLogin.java:37)
at Runner.LoginITest.closeApp(LoginRunner.java:29)
at Operation.BaseLogin.testCloseAppSwitch(BaseLogin.java:37)
at Runner.LoginITest.closeApp(LoginRunner.java:29)
at Operation.BaseLogin.testCloseAppSwitch(BaseLogin.java:37)
at Runner.LoginITest.closeApp(LoginRunner.java:29)
at Operation.BaseLogin.testCloseAppSwitch(BaseLogin.java:37)
at Runner.LoginITest.closeApp(LoginRunner.java:29)
at Operation.BaseLogin.testCloseAppSwitch(BaseLogin.java:37)
at Runner.LoginITest.closeApp(LoginRunner.java:29)
at Operation.BaseLogin.testCloseAppSwitch(BaseLogin.java:37)
at Runner.LoginITest.closeApp(LoginRunner.java:29)
at Operation.BaseLogin.testCloseAppSwitch(BaseLogin.java:37)
at Runner.LoginITest.closeApp(LoginRunner.java:29)
at Operation.BaseLogin.testCloseAppSwitch(BaseLogin.java:37)
at Runner.LoginITest.closeApp(LoginRunner.java:29)
at Operation.BaseLogin.testCloseAppSwitch(BaseLogin.java:37)
at Runner.LoginITest.closeApp(LoginRunner.java:29)
at Operation.BaseLogin.testCloseAppSwitch(BaseLogin.java:37)
at Runner.LoginITest.closeApp(LoginRunner.java:29)
at Operation.BaseLogin.testCloseAppSwitch(BaseLogin.java:37)
at Runner.LoginITest.closeApp(LoginRunner.java:29)
at Operation.BaseLogin.testCloseAppSwitch(BaseLogin.java:37)
at Runner.LoginITest.closeApp(LoginRunner.java:29)
at Operation.BaseLogin.testCloseAppSwitch(BaseLogin.java:37)
at Runner.LoginITest.closeApp(LoginRunner.java:29)
at Operation.BaseLogin.testCloseAppSwitch(BaseLogin.java:37)
at Runner.LoginITest.closeApp(LoginRunner.java:29)
at Operation.BaseLogin.testCloseAppSwitch(BaseLogin.java:37)
at Runner.LoginITest.closeApp(LoginRunner.java:29)
at Operation.BaseLogin.testCloseAppSwitch(BaseLogin.java:37)
at Runner.LoginITest.closeApp(LoginRunner.java:29)
at Operation.BaseLogin.testCloseAppSwitch(BaseLogin.java:37)
at Runner.LoginITest.closeApp(LoginRunner.java:29)
at Operation.BaseLogin.testCloseAppSwitch(BaseLogin.java:37)
at Runner.LoginITest.closeApp(LoginRunner.java:29)
at Operation.BaseLogin.testCloseAppSwitch(BaseLogin.java:37)
at Runner.LoginITest.closeApp(LoginRunner.java:29)
at Operation.BaseLogin.testCloseAppSwitch(BaseLogin.java:37)
at Runner.LoginITest.closeApp(LoginRunner.java:29)
at Operation.BaseLogin.testCloseAppSwitch(BaseLogin.java:37)
at Runner.LoginITest.closeApp(LoginRunner.java:29)
at Operation.BaseLogin.testCloseAppSwitch(BaseLogin.java:37)
at Runner.LoginITest.closeApp(LoginRunner.java:29)
at Operation.BaseLogin.testCloseAppSwitch(BaseLogin.java:37)
at Runner.LoginITest.closeApp(LoginRunner.java:29)
at Operation.BaseLogin.testCloseAppSwitch(BaseLogin.java:37)
at Runner.LoginITest.closeApp(LoginRunner.java:29)
at Operation.BaseLogin.testCloseAppSwitch(BaseLogin.java:37)
at Runner.LoginITest.closeApp(LoginRunner.java:29)
at Operation.BaseLogin.testCloseAppSwitch(BaseLogin.java:37)
at Runner.LoginITest.closeApp(LoginRunner.java:29)
at Operation.BaseLogin.testCloseAppSwitch(BaseLogin.java:37)
at Runner.LoginITest.closeApp(LoginRunner.java:29)
at Operation.BaseLogin.testCloseAppSwitch(BaseLogin.java:37)
at Runner.LoginITest.closeApp(LoginRunner.java:29)
at Operation.BaseLogin.testCloseAppSwitch(BaseLogin.java:37)
at Runner.LoginITest.closeApp(LoginRunner.java:29)
at Operation.BaseLogin.testCloseAppSwitch(BaseLogin.java:37)
at Runner.LoginITest.closeApp(LoginRunner.java:29)
at Operation.BaseLogin.testCloseAppSwitch(BaseLogin.java:37)
at Runner.LoginITest.closeApp(LoginRunner.java:29)
at Operation.BaseLogin.testCloseAppSwitch(BaseLogin.java:37)
at Runner.LoginITest.closeApp(LoginRunner.java:29)
at Operation.BaseLogin.testCloseAppSwitch(BaseLogin.java:37)
at Runner.LoginITest.closeApp(LoginRunner.java:29)
at Operation.BaseLogin.testCloseAppSwitch(BaseLogin.java:37)
at Runner.LoginITest.closeApp(LoginRunner.java:29)
at Operation.BaseLogin.testCloseAppSwitch(BaseLogin.java:37)
at Runner.LoginITest.closeApp(LoginRunner.java:29)
at Operation.BaseLogin.testCloseAppSwitch(BaseLogin.java:37)
at Runner.LoginITest.closeApp(LoginRunner.java:29)
at Operation.BaseLogin.testCloseAppSwitch(BaseLogin.java:37)
at Runner.LoginITest.closeApp(LoginRunner.java:29)
at Operation.BaseLogin.testCloseAppSwitch(BaseLogin.java:37)
at Runner.LoginITest.closeApp(LoginRunner.java:29)
at Operation.BaseLogin.testCloseAppSwitch(BaseLogin.java:37)
at Runner.LoginITest.closeApp(LoginRunner.java:29)
at Operation.BaseLogin.testCloseAppSwitch(BaseLogin.java:37)
at Runner.LoginITest.closeApp(LoginRunner.java:29)
at Operation.BaseLogin.testCloseAppSwitch(BaseLogin.java:37)
at Runner.LoginITest.closeApp(LoginRunner.java:29)
at Operation.BaseLogin.testCloseAppSwitch(BaseLogin.java:37)
at Runner.LoginITest.closeApp(LoginRunner.java:29)
at Operation.BaseLogin.testCloseAppSwitch(BaseLogin.java:37)
at Runner.LoginITest.closeApp(LoginRunner.java:29)
at Operation.BaseLogin.testCloseAppSwitch(BaseLogin.java:37)
at Runner.LoginITest.closeApp(LoginRunner.java:29)
at Operation.BaseLogin.testCloseAppSwitch(BaseLogin.java:37)
at Runner.LoginITest.closeApp(LoginRunner.java:29)
at Operation.BaseLogin.testCloseAppSwitch(BaseLogin.java:37)
at Runner.LoginITest.closeApp(LoginRunner.java:29)
at Operation.BaseLogin.testCloseAppSwitch(BaseLogin.java:37)
at Runner.LoginITest.closeApp(LoginRunner.java:29)
at Operation.BaseLogin.testCloseAppSwitch(BaseLogin.java:37)
at Runner.LoginITest.closeApp(LoginRunner.java:29)
at Operation.BaseLogin.testCloseAppSwitch(BaseLogin.java:37)
at Runner.LoginITest.closeApp(LoginRunner.java:29)
at Operation.BaseLogin.testCloseAppSwitch(BaseLogin.java:37)
at Runner.LoginITest.closeApp(LoginRunner.java:29)
at Operation.BaseLogin.testCloseAppSwitch(BaseLogin.java:37)
at Runner.LoginITest.closeApp(LoginRunner.java:29)
at Operation.BaseLogin.testCloseAppSwitch(BaseLogin.java:37)
at Runner.LoginITest.closeApp(LoginRunner.java:29)
at Operation.BaseLogin.testCloseAppSwitch(BaseLogin.java:37)
at Runner.LoginITest.closeApp(LoginRunner.java:29)
at Operation.BaseLogin.testCloseAppSwitch(BaseLogin.java:37)
at Runner.LoginITest.closeApp(LoginRunner.java:29)
at Operation.BaseLogin.testCloseAppSwitch(BaseLogin.java:37)
at Runner.LoginITest.closeApp(LoginRunner.java:29)
at Operation.BaseLogin.testCloseAppSwitch(BaseLogin.java:37)
at Runner.LoginITest.closeApp(LoginRunner.java:29)
at Operation.BaseLogin.testCloseAppSwitch(BaseLogin.java:37)
at Runner.LoginITest.closeApp(LoginRunner.java:29)
at Operation.BaseLogin.testCloseAppSwitch(BaseLogin.java:37)
at Runner.LoginITest.closeApp(LoginRunner.java:29)
at Operation.BaseLogin.testCloseAppSwitch(BaseLogin.java:37)
at Runner.LoginITest.closeApp(LoginRunner.java:29)
at Operation.BaseLogin.testCloseAppSwitch(BaseLogin.java:37)
at Runner.LoginITest.closeApp(LoginRunner.java:29)
at Operation.BaseLogin.testCloseAppSwitch(BaseLogin.java:37)
at Runner.LoginITest.closeApp(LoginRunner.java:29)
at Operation.BaseLogin.testCloseAppSwitch(BaseLogin.java:37)
at Runner.LoginITest.closeApp(LoginRunner.java:29)
at Operation.BaseLogin.testCloseAppSwitch(BaseLogin.java:37)
at Runner.LoginITest.closeApp(LoginRunner.java:29)
at Operation.BaseLogin.testCloseAppSwitch(BaseLogin.java:37)
at Runner.LoginITest.closeApp(LoginRunner.java:29)
at Operation.BaseLogin.testCloseAppSwitch(BaseLogin.java:37)
at Runner.LoginITest.closeApp(LoginRunner.java:29)
at Operation.BaseLogin.testCloseAppSwitch(BaseLogin.java:37)
at Runner.LoginITest.closeApp(LoginRunner.java:29)
at Operation.BaseLogin.testCloseAppSwitch(BaseLogin.java:37)
at Runner.LoginITest.closeApp(LoginRunner.java:29)
at Operation.BaseLogin.testCloseAppSwitch(BaseLogin.java:37)
at Runner.LoginITest.closeApp(LoginRunner.java:29)
at Operation.BaseLogin.testCloseAppSwitch(BaseLogin.java:37)
at Runner.LoginITest.closeApp(LoginRunner.java:29)
at Operation.BaseLogin.testCloseAppSwitch(BaseLogin.java:37)
at Runner.LoginITest.closeApp(LoginRunner.java:29)
at Operation.BaseLogin.testCloseAppSwitch(BaseLogin.java:37)
at Runner.LoginITest.closeApp(LoginRunner.java:29)
at Operation.BaseLogin.testCloseAppSwitch(BaseLogin.java:37)
at Runner.LoginITest.closeApp(LoginRunner.java:29)
at Operation.BaseLogin.testCloseAppSwitch(BaseLogin.java:37)
at Runner.LoginITest.closeApp(LoginRunner.java:29)
at Operation.BaseLogin.testCloseAppSwitch(BaseLogin.java:37)
at Runner.LoginITest.closeApp(LoginRunner.java:29)
at Operation.BaseLogin.testCloseAppSwitch(BaseLogin.java:37)
at Runner.LoginITest.closeApp(LoginRunner.java:29)
at Operation.BaseLogin.testCloseAppSwitch(BaseLogin.java:37)
at Runner.LoginITest.closeApp(LoginRunner.java:29)
at Operation.BaseLogin.testCloseAppSwitch(BaseLogin.java:37)
at Runner.LoginITest.closeApp(LoginRunner.java:29)
at Operation.BaseLogin.testCloseAppSwitch(BaseLogin.java:37)
at Runner.LoginITest.closeApp(LoginRunner.java:29)
at Operation.BaseLogin.testCloseAppSwitch(BaseLogin.java:37)
at Runner.LoginITest.closeApp(LoginRunner.java:29)
at Operation.BaseLogin.testCloseAppSwitch(BaseLogin.java:37)
at Runner.LoginITest.closeApp(LoginRunner.java:29)
at Operation.BaseLogin.testCloseAppSwitch(BaseLogin.java:37)
at Runner.LoginITest.closeApp(LoginRunner.java:29)
at Operation.BaseLogin.testCloseAppSwitch(BaseLogin.java:37)
at Runner.LoginITest.closeApp(LoginRunner.java:29)
at Operation.BaseLogin.testCloseAppSwitch(BaseLogin.java:37)
at Runner.LoginITest.closeApp(LoginRunner.java:29)
at Operation.BaseLogin.testCloseAppSwitch(BaseLogin.java:37)
at Runner.LoginITest.closeApp(LoginRunner.java:29)
at Operation.BaseLogin.testCloseAppSwitch(BaseLogin.java:37)
at Runner.LoginITest.closeApp(LoginRunner.java:29)
at Operation.BaseLogin.testCloseAppSwitch(BaseLogin.java:37)
at Runner.LoginITest.closeApp(LoginRunner.java:29)
at Operation.BaseLogin.testCloseAppSwitch(BaseLogin.java:37)
at Runner.LoginITest.closeApp(LoginRunner.java:29)
at Operation.BaseLogin.testCloseAppSwitch(BaseLogin.java:37)
at Runner.LoginITest.closeApp(LoginRunner.java:29)
at Operation.BaseLogin.testCloseAppSwitch(BaseLogin.java:37)
at Runner.LoginITest.closeApp(LoginRunner.java:29)
at Operation.BaseLogin.testCloseAppSwitch(BaseLogin.java:37)
at Runner.LoginITest.closeApp(LoginRunner.java:29)
at Operation.BaseLogin.testCloseAppSwitch(BaseLogin.java:37)
at Runner.LoginITest.closeApp(LoginRunner.java:29)
at Operation.BaseLogin.testCloseAppSwitch(BaseLogin.java:37)
at Runner.LoginITest.closeApp(LoginRunner.java:29)
at Operation.BaseLogin.testCloseAppSwitch(BaseLogin.java:37)
at Runner.LoginITest.closeApp(LoginRunner.java:29)
at Operation.BaseLogin.testCloseAppSwitch(BaseLogin.java:37)
at Runner.LoginITest.closeApp(LoginRunner.java:29)
at Operation.BaseLogin.testCloseAppSwitch(BaseLogin.java:37)
at Runner.LoginITest.closeApp(LoginRunner.java:29)
at Operation.BaseLogin.testCloseAppSwitch(BaseLogin.java:37)
at Runner.LoginITest.closeApp(LoginRunner.java:29)
at Operation.BaseLogin.testCloseAppSwitch(BaseLogin.java:37)
at Runner.LoginITest.closeApp(LoginRunner.java:29)
at Operation.BaseLogin.testCloseAppSwitch(BaseLogin.java:37)
at Runner.LoginITest.closeApp(LoginRunner.java:29)
at Operation.BaseLogin.testCloseAppSwitch(BaseLogin.java:37)
at Runner.LoginITest.closeApp(LoginRunner.java:29)
at Operation.BaseLogin.testCloseAppSwitch(BaseLogin.java:37)
at Runner.LoginITest.closeApp(LoginRunner.java:29)
at Operation.BaseLogin.testCloseAppSwitch(BaseLogin.java:37)
at Runner.LoginITest.closeApp(LoginRunner.java:29)
at Operation.BaseLogin.testCloseAppSwitch(BaseLogin.java:37)
at Runner.LoginITest.closeApp(LoginRunner.java:29)
at Operation.BaseLogin.testCloseAppSwitch(BaseLogin.java:37)
at Runner.LoginITest.closeApp(LoginRunner.java:29)
at Operation.BaseLogin.testCloseAppSwitch(BaseLogin.java:37)
at Runner.LoginITest.closeApp(LoginRunner.java:29)
at Operation.BaseLogin.testCloseAppSwitch(BaseLogin.java:37)
at Runner.LoginITest.closeApp(LoginRunner.java:29)
at Operation.BaseLogin.testCloseAppSwitch(BaseLogin.java:37)
at Runner.LoginITest.closeApp(LoginRunner.java:29)
at Operation.BaseLogin.testCloseAppSwitch(BaseLogin.java:37)
at Runner.LoginITest.closeApp(LoginRunner.java:29)
at Operation.BaseLogin.testCloseAppSwitch(BaseLogin.java:37)
at Runner.LoginITest.closeApp(LoginRunner.java:29)
at Operation.BaseLogin.testCloseAppSwitch(BaseLogin.java:37)
at Runner.LoginITest.closeApp(LoginRunner.java:29)
at Operation.BaseLogin.testCloseAppSwitch(BaseLogin.java:37)
at Runner.LoginITest.closeApp(LoginRunner.java:29)
at Operation.BaseLogin.testCloseAppSwitch(BaseLogin.java:37)
at Runner.LoginITest.closeApp(LoginRunner.java:29)
at Operation.BaseLogin.testCloseAppSwitch(BaseLogin.java:37)
at Runner.LoginITest.closeApp(LoginRunner.java:29)
at Operation.BaseLogin.testCloseAppSwitch(BaseLogin.java:37)
at Runner.LoginITest.closeApp(LoginRunner.java:29)
at Operation.BaseLogin.testCloseAppSwitch(BaseLogin.java:37)
at Runner.LoginITest.closeApp(LoginRunner.java:29)
at Operation.BaseLogin.testCloseAppSwitch(BaseLogin.java:37)
at Runner.LoginITest.closeApp(LoginRunner.java:29)
at Operation.BaseLogin.testCloseAppSwitch(BaseLogin.java:37)
at Runner.LoginITest.closeApp(LoginRunner.java:29)
at Operation.BaseLogin.testCloseAppSwitch(BaseLogin.java:37)
at Runner.LoginITest.closeApp(LoginRunner.java:29)
at Operation.BaseLogin.testCloseAppSwitch(BaseLogin.java:37)
at Runner.LoginITest.closeApp(LoginRunner.java:29)
at Operation.BaseLogin.testCloseAppSwitch(BaseLogin.java:37)
at Runner.LoginITest.closeApp(LoginRunner.java:29)
at Operation.BaseLogin.testCloseAppSwitch(BaseLogin.java:37)
at Runner.LoginITest.closeApp(LoginRunner.java:29)
at Operation.BaseLogin.testCloseAppSwitch(BaseLogin.java:37)
at Runner.LoginITest.closeApp(LoginRunner.java:29)
at Operation.BaseLogin.testCloseAppSwitch(BaseLogin.java:37)
at Runner.LoginITest.closeApp(LoginRunner.java:29)
at Operation.BaseLogin.testCloseAppSwitch(BaseLogin.java:37)
at Runner.LoginITest.closeApp(LoginRunner.java:29)
at Operation.BaseLogin.testCloseAppSwitch(BaseLogin.java:37)
at Runner.LoginITest.closeApp(LoginRunner.java:29)
at Operation.BaseLogin.testCloseAppSwitch(BaseLogin.java:37)
at Runner.LoginITest.closeApp(LoginRunner.java:29)
at Operation.BaseLogin.testCloseAppSwitch(BaseLogin.java:37)
at Runner.LoginITest.closeApp(LoginRunner.java:29)
at Operation.BaseLogin.testCloseAppSwitch(BaseLogin.java:37)
at Runner.LoginITest.closeApp(LoginRunner.java:29)
at Operation.BaseLogin.testCloseAppSwitch(BaseLogin.java:37)
at Runner.LoginITest.closeApp(LoginRunner.java:29)
at Operation.BaseLogin.testCloseAppSwitch(BaseLogin.java:37)
at Runner.LoginITest.closeApp(LoginRunner.java:29)
at Operation.BaseLogin.testCloseAppSwitch(BaseLogin.java:37)
at Runner.LoginITest.closeApp(LoginRunner.java:29)
at Operation.BaseLogin.testCloseAppSwitch(BaseLogin.java:37)
at Runner.LoginITest.closeApp(LoginRunner.java:29)
at Operation.BaseLogin.testCloseAppSwitch(BaseLogin.java:37)
at Runner.LoginITest.closeApp(LoginRunner.java:29)
at Operation.BaseLogin.testCloseAppSwitch(BaseLogin.java:37)
at Runner.LoginITest.closeApp(LoginRunner.java:29)
at Operation.BaseLogin.testCloseAppSwitch(BaseLogin.java:37)
at Runner.LoginITest.closeApp(LoginRunner.java:29)
at Operation.BaseLogin.testCloseAppSwitch(BaseLogin.java:37)
at Runner.LoginITest.closeApp(LoginRunner.java:29)
at Operation.BaseLogin.testCloseAppSwitch(BaseLogin.java:37)
at Runner.LoginITest.closeApp(LoginRunner.java:29)
at Operation.BaseLogin.testCloseAppSwitch(BaseLogin.java:37)
at Runner.LoginITest.closeApp(LoginRunner.java:29)
at Operation.BaseLogin.testCloseAppSwitch(BaseLogin.java:37)
at Runner.LoginITest.closeApp(LoginRunner.java:29)
at Operation.BaseLogin.testCloseAppSwitch(BaseLogin.java:37)
at Runner.LoginITest.closeApp(LoginRunner.java:29)
at Operation.BaseLogin.testCloseAppSwitch(BaseLogin.java:37)
at Runner.LoginITest.closeApp(LoginRunner.java:29)
at Operation.BaseLogin.testCloseAppSwitch(BaseLogin.java:37)
at Runner.LoginITest.closeApp(LoginRunner.java:29)
at Operation.BaseLogin.testCloseAppSwitch(BaseLogin.java:37)
at Runner.LoginITest.closeApp(LoginRunner.java:29)
at Operation.BaseLogin.testCloseAppSwitch(BaseLogin.java:37)
at Runner.LoginITest.closeApp(LoginRunner.java:29)
at Operation.BaseLogin.testCloseAppSwitch(BaseLogin.java:37)
at Runner.LoginITest.closeApp(LoginRunner.java:29)
at Operation.BaseLogin.testCloseAppSwitch(BaseLogin.java:37)
at Runner.LoginITest.closeApp(LoginRunner.java:29)
at Operation.BaseLogin.testCloseAppSwitch(BaseLogin.java:37)
at Runner.LoginITest.closeApp(LoginRunner.java:29)
at Operation.BaseLogin.testCloseAppSwitch(BaseLogin.java:37)
at Runner.LoginITest.closeApp(LoginRunner.java:29)
at Operation.BaseLogin.testCloseAppSwitch(BaseLogin.java:37)
at Runner.LoginITest.closeApp(LoginRunner.java:29)
at Operation.BaseLogin.testCloseAppSwitch(BaseLogin.java:37)
at Runner.LoginITest.closeApp(LoginRunner.java:29)
at Operation.BaseLogin.testCloseAppSwitch(BaseLogin.java:37)
at Runner.LoginITest.closeApp(LoginRunner.java:29)
at Operation.BaseLogin.testCloseAppSwitch(BaseLogin.java:37)
at Runner.LoginITest.closeApp(LoginRunner.java:29)
at Operation.BaseLogin.testCloseAppSwitch(BaseLogin.java:37)
at Runner.LoginITest.closeApp(LoginRunner.java:29)
at Operation.BaseLogin.testCloseAppSwitch(BaseLogin.java:37)
at Runner.LoginITest.closeApp(LoginRunner.java:29)
at Operation.BaseLogin.testCloseAppSwitch(BaseLogin.java:37)
at Runner.LoginITest.closeApp(LoginRunner.java:29)
at Operation.BaseLogin.testCloseAppSwitch(BaseLogin.java:37)
at Runner.LoginITest.closeApp(LoginRunner.java:29)
at Operation.BaseLogin.testCloseAppSwitch(BaseLogin.java:37)
at Runner.LoginITest.closeApp(LoginRunner.java:29)
at Operation.BaseLogin.testCloseAppSwitch(BaseLogin.java:37)
at Runner.LoginITest.closeApp(LoginRunner.java:29)
at Operation.BaseLogin.testCloseAppSwitch(BaseLogin.java:37)
at Runner.LoginITest.closeApp(LoginRunner.java:29)
at Operation.BaseLogin.testCloseAppSwitch(BaseLogin.java:37)
at Runner.LoginITest.closeApp(LoginRunner.java:29)
at Operation.BaseLogin.testCloseAppSwitch(BaseLogin.java:37)
at Runner.LoginITest.closeApp(LoginRunner.java:29)
at Operation.BaseLogin.testCloseAppSwitch(BaseLogin.java:37)
at Runner.LoginITest.closeApp(LoginRunner.java:29)
at Operation.BaseLogin.testCloseAppSwitch(BaseLogin.java:37)
at Runner.LoginITest.closeApp(LoginRunner.java:29)
at Operation.BaseLogin.testCloseAppSwitch(BaseLogin.java:37)
at Runner.LoginITest.closeApp(LoginRunner.java:29)
at Operation.BaseLogin.testCloseAppSwitch(BaseLogin.java:37)
at Runner.LoginITest.closeApp(LoginRunner.java:29)
at Operation.BaseLogin.testCloseAppSwitch(BaseLogin.java:37)
at Runner.LoginITest.closeApp(LoginRunner.java:29)
at Operation.BaseLogin.testCloseAppSwitch(BaseLogin.java:37)
at Runner.LoginITest.closeApp(LoginRunner.java:29)
at Operation.BaseLogin.testCloseAppSwitch(BaseLogin.java:37)
at Runner.LoginITest.closeApp(LoginRunner.java:29)
at Operation.BaseLogin.testCloseAppSwitch(BaseLogin.java:37)
at Runner.LoginITest.closeApp(LoginRunner.java:29)
at Operation.BaseLogin.testCloseAppSwitch(BaseLogin.java:37)
at Runner.LoginITest.closeApp(LoginRunner.java:29)
at Operation.BaseLogin.testCloseAppSwitch(BaseLogin.java:37)
at Runner.LoginITest.closeApp(LoginRunner.java:29)
at Operation.BaseLogin.testCloseAppSwitch(BaseLogin.java:37)
at Runner.LoginITest.closeApp(LoginRunner.java:29)
at Operation.BaseLogin.testCloseAppSwitch(BaseLogin.java:37)
at Runner.LoginITest.closeApp(LoginRunner.java:29)
at Operation.BaseLogin.testCloseAppSwitch(BaseLogin.java:37)
at Runner.LoginITest.closeApp(LoginRunner.java:29)
at Operation.BaseLogin.testCloseAppSwitch(BaseLogin.java:37)
at Runner.LoginITest.closeApp(LoginRunner.java:29)
at Operation.BaseLogin.testCloseAppSwitch(BaseLogin.java:37)
at Runner.LoginITest.closeApp(LoginRunner.java:29)
at Operation.BaseLogin.testCloseAppSwitch(BaseLogin.java:37)
at Runner.LoginITest.closeApp(LoginRunner.java:29)
at Operation.BaseLogin.testCloseAppSwitch(BaseLogin.java:37)
at Runner.LoginITest.closeApp(LoginRunner.java:29)
at Operation.BaseLogin.testCloseAppSwitch(BaseLogin.java:37)
at Runner.LoginITest.closeApp(LoginRunner.java:29)
at Operation.BaseLogin.testCloseAppSwitch(BaseLogin.java:37)
at Runner.LoginITest.closeApp(LoginRunner.java:29)
at Operation.BaseLogin.testCloseAppSwitch(BaseLogin.java:37)
at Runner.LoginITest.closeApp(LoginRunner.java:29)
at Operation.BaseLogin.testCloseAppSwitch(BaseLogin.java:37)
at Runner.LoginITest.closeApp(LoginRunner.java:29)
at Operation.BaseLogin.testCloseAppSwitch(BaseLogin.java:37)
at Runner.LoginITest.closeApp(LoginRunner.java:29)
at Operation.BaseLogin.testCloseAppSwitch(BaseLogin.java:37)
at Runner.LoginITest.closeApp(LoginRunner.java:29)
at Operation.BaseLogin.testCloseAppSwitch(BaseLogin.java:37)
at Runner.LoginITest.closeApp(LoginRunner.java:29)
at Operation.BaseLogin.testCloseAppSwitch(BaseLogin.java:37)
at Runner.LoginITest.closeApp(LoginRunner.java:29)
at Operation.BaseLogin.testCloseAppSwitch(BaseLogin.java:37)
at Runner.LoginITest.closeApp(LoginRunner.java:29)
at Operation.BaseLogin.testCloseAppSwitch(BaseLogin.java:37)
at Runner.LoginITest.closeApp(LoginRunner.java:29)
at Operation.BaseLogin.testCloseAppSwitch(BaseLogin.java:37)
at Runner.LoginITest.closeApp(LoginRunner.java:29)
at Operation.BaseLogin.testCloseAppSwitch(BaseLogin.java:37)
at Runner.LoginITest.closeApp(LoginRunner.java:29)
at Operation.BaseLogin.testCloseAppSwitch(BaseLogin.java:37)
at Runner.LoginITest.closeApp(LoginRunner.java:29)
at Operation.BaseLogin.testCloseAppSwitch(BaseLogin.java:37)
at Runner.LoginITest.closeApp(LoginRunner.java:29)
at Operation.BaseLogin.testCloseAppSwitch(BaseLogin.java:37)
at Runner.LoginITest.closeApp(LoginRunner.java:29)
at Operation.BaseLogin.testCloseAppSwitch(BaseLogin.java:37)
at Runner.LoginITest.closeApp(LoginRunner.java:29)
at Operation.BaseLogin.testCloseAppSwitch(BaseLogin.java:37)
at Runner.LoginITest.closeApp(LoginRunner.java:29)
at Operation.BaseLogin.testCloseAppSwitch(BaseLogin.java:37)
at Runner.LoginITest.closeApp(LoginRunner.java:29)
at Operation.BaseLogin.testCloseAppSwitch(BaseLogin.java:37)
at Runner.LoginITest.closeApp(LoginRunner.java:29)
at Operation.BaseLogin.testCloseAppSwitch(BaseLogin.java:37)
at Runner.LoginITest.closeApp(LoginRunner.java:29)
at Operation.BaseLogin.testCloseAppSwitch(BaseLogin.java:37)
at Runner.LoginITest.closeApp(LoginRunner.java:29)
at Operation.BaseLogin.testCloseAppSwitch(BaseLogin.java:37)
at Runner.LoginITest.closeApp(LoginRunner.java:29)
at Operation.BaseLogin.testCloseAppSwitch(BaseLogin.java:37)
at Runner.LoginITest.closeApp(LoginRunner.java:29)
at Operation.BaseLogin.testCloseAppSwitch(BaseLogin.java:37)
at Runner.LoginITest.closeApp(LoginRunner.java:29)
at Operation.BaseLogin.testCloseAppSwitch(BaseLogin.java:37)
at Runner.LoginITest.closeApp(LoginRunner.java:29)
at Operation.BaseLogin.testCloseAppSwitch(BaseLogin.java:37)
at Runner.LoginITest.closeApp(LoginRunner.java:29)
at Operation.BaseLogin.testCloseAppSwitch(BaseLogin.java:37)
at Runner.LoginITest.closeApp(LoginRunner.java:29)
at Operation.BaseLogin.testCloseAppSwitch(BaseLogin.java:37)
at Runner.LoginITest.closeApp(LoginRunner.java:29)
at Operation.BaseLogin.testCloseAppSwitch(BaseLogin.java:37)
at Runner.LoginITest.closeApp(LoginRunner.java:29)
at Operation.BaseLogin.testCloseAppSwitch(BaseLogin.java:37)
at Runner.LoginITest.closeApp(LoginRunner.java:29)
at Operation.BaseLogin.testCloseAppSwitch(BaseLogin.java:37)
at Runner.LoginITest.closeApp(LoginRunner.java:29)
at Operation.BaseLogin.testCloseAppSwitch(BaseLogin.java:37)
at Runner.LoginITest.closeApp(LoginRunner.java:29)
at Operation.BaseLogin.testCloseAppSwitch(BaseLogin.java:37)
at Runner.LoginITest.closeApp(LoginRunner.java:29)
at Operation.BaseLogin.testCloseAppSwitch(BaseLogin.java:37)
at Runner.LoginITest.closeApp(LoginRunner.java:29)
at Operation.BaseLogin.testCloseAppSwitch(BaseLogin.java:37)
at Runner.LoginITest.closeApp(LoginRunner.java:29)
at Operation.BaseLogin.testCloseAppSwitch(BaseLogin.java:37)
at Runner.LoginITest.closeApp(LoginRunner.java:29)
at Operation.BaseLogin.testCloseAppSwitch(BaseLogin.java:37)
at Runner.LoginITest.closeApp(LoginRunner.java:29)
at Operation.BaseLogin.testCloseAppSwitch(BaseLogin.java:37)
at Runner.LoginITest.closeApp(LoginRunner.java:29)
at Operation.BaseLogin.testCloseAppSwitch(BaseLogin.java:37)
at Runner.LoginITest.closeApp(LoginRunner.java:29)
at Operation.BaseLogin.testCloseAppSwitch(BaseLogin.java:37)
at Runner.LoginITest.closeApp(LoginRunner.java:29)
at Operation.BaseLogin.testCloseAppSwitch(BaseLogin.java:37)
at Runner.LoginITest.closeApp(LoginRunner.java:29)
at Operation.BaseLogin.testCloseAppSwitch(BaseLogin.java:37)
at Runner.LoginITest.closeApp(LoginRunner.java:29)
at Operation.BaseLogin.testCloseAppSwitch(BaseLogin.java:37)
at Runner.LoginITest.closeApp(LoginRunner.java:29)
at Operation.BaseLogin.testCloseAppSwitch(BaseLogin.java:37)
at Runner.LoginITest.closeApp(LoginRunner.java:29)
at Operation.BaseLogin.testCloseAppSwitch(BaseLogin.java:37)
at Runner.LoginITest.closeApp(LoginRunner.java:29)
at Operation.BaseLogin.testCloseAppSwitch(BaseLogin.java:37)
at Runner.LoginITest.closeApp(LoginRunner.java:29)
at Operation.BaseLogin.testCloseAppSwitch(BaseLogin.java:37)
at Runner.LoginITest.closeApp(LoginRunner.java:29)
at Operation.BaseLogin.testCloseAppSwitch(BaseLogin.java:37)
at Runner.LoginITest.closeApp(LoginRunner.java:29)
at Operation.BaseLogin.testCloseAppSwitch(BaseLogin.java:37)
at Runner.LoginITest.closeApp(LoginRunner.java:29)
at Operation.BaseLogin.testCloseAppSwitch(BaseLogin.java:37)
at Runner.LoginITest.closeApp(LoginRunner.java:29)
at Operation.BaseLogin.testCloseAppSwitch(BaseLogin.java:37)
at Runner.LoginITest.closeApp(LoginRunner.java:29)
at Operation.BaseLogin.testCloseAppSwitch(BaseLogin.java:37)
at Runner.LoginITest.closeApp(LoginRunner.java:29)
at Operation.BaseLogin.testCloseAppSwitch(BaseLogin.java:37)
at Runner.LoginITest.closeApp(LoginRunner.java:29)
at Operation.BaseLogin.testCloseAppSwitch(BaseLogin.java:37)
at Runner.LoginITest.closeApp(LoginRunner.java:29)
at Operation.BaseLogin.testCloseAppSwitch(BaseLogin.java:37)
at Runner.LoginITest.closeApp(LoginRunner.java:29)
at Operation.BaseLogin.testCloseAppSwitch(BaseLogin.java:37)
at Runner.LoginITest.closeApp(LoginRunner.java:29)
at Operation.BaseLogin.testCloseAppSwitch(BaseLogin.java:37)
at Runner.LoginITest.closeApp(LoginRunner.java:29)
at Operation.BaseLogin.testCloseAppSwitch(BaseLogin.java:37)
at Runner.LoginITest.closeApp(LoginRunner.java:29)
at Operation.BaseLogin.testCloseAppSwitch(BaseLogin.java:37)
at Runner.LoginITest.closeApp(LoginRunner.java:29)
at Operation.BaseLogin.testCloseAppSwitch(BaseLogin.java:37)
at Runner.LoginITest.closeApp(LoginRunner.java:29)
at Operation.BaseLogin.testCloseAppSwitch(BaseLogin.java:37)
at Runner.LoginITest.closeApp(LoginRunner.java:29)
at Operation.BaseLogin.testCloseAppSwitch(BaseLogin.java:37)
at Runner.LoginITest.closeApp(LoginRunner.java:29)
at Operation.BaseLogin.testCloseAppSwitch(BaseLogin.java:37)
at Runner.LoginITest.closeApp(LoginRunner.java:29)
at Operation.BaseLogin.testCloseAppSwitch(BaseLogin.java:37)
at Runner.LoginITest.closeApp(LoginRunner.java:29)
at Operation.BaseLogin.testCloseAppSwitch(BaseLogin.java:37)
at Runner.LoginITest.closeApp(LoginRunner.java:29)
at Operation.BaseLogin.testCloseAppSwitch(BaseLogin.java:37)
at Runner.LoginITest.closeApp(LoginRunner.java:29)
at Operation.BaseLogin.testCloseAppSwitch(BaseLogin.java:37)
at Runner.LoginITest.closeApp(LoginRunner.java:29)
at Operation.BaseLogin.testCloseAppSwitch(BaseLogin.java:37)
at Runner.LoginITest.closeApp(LoginRunner.java:29)
at Operation.BaseLogin.testCloseAppSwitch(BaseLogin.java:37)
at Runner.LoginITest.closeApp(LoginRunner.java:29)
at Operation.BaseLogin.testCloseAppSwitch(BaseLogin.java:37)
at Runner.LoginITest.closeApp(LoginRunner.java:29)
at Operation.BaseLogin.testCloseAppSwitch(BaseLogin.java:37)
at Runner.LoginITest.closeApp(LoginRunner.java:29)
at Operation.BaseLogin.testCloseAppSwitch(BaseLogin.java:37)
at Runner.LoginITest.closeApp(LoginRunner.java:29)
at Operation.BaseLogin.testCloseAppSwitch(BaseLogin.java:37)
at Runner.LoginITest.closeApp(LoginRunner.java:29)
at Operation.BaseLogin.testCloseAppSwitch(BaseLogin.java:37)
at Runner.LoginITest.closeApp(LoginRunner.java:29)
at Operation.BaseLogin.testCloseAppSwitch(BaseLogin.java:37)
at Runner.LoginITest.closeApp(LoginRunner.java:29)
at Operation.BaseLogin.testCloseAppSwitch(BaseLogin.java:37)
at Runner.LoginITest.closeApp(LoginRunner.java:29)
at Operation.BaseLogin.testCloseAppSwitch(BaseLogin.java:37)
at Runner.LoginITest.closeApp(LoginRunner.java:29)
at Operation.BaseLogin.testCloseAppSwitch(BaseLogin.java:37)
at Runner.LoginITest.closeApp(LoginRunner.java:29)
at Operation.BaseLogin.testCloseAppSwitch(BaseLogin.java:37)
at Runner.LoginITest.closeApp(LoginRunner.java:29)
at Operation.BaseLogin.testCloseAppSwitch(BaseLogin.java:37)
at Runner.LoginITest.closeApp(LoginRunner.java:29)
at Operation.BaseLogin.testCloseAppSwitch(BaseLogin.java:37)
at Runner.LoginITest.closeApp(LoginRunner.java:29)
at Operation.BaseLogin.testCloseAppSwitch(BaseLogin.java:37)
at Runner.LoginITest.closeApp(LoginRunner.java:29)
at Operation.BaseLogin.testCloseAppSwitch(BaseLogin.java:37)
at Runner.LoginITest.closeApp(LoginRunner.java:29)
at Operation.BaseLogin.testCloseAppSwitch(BaseLogin.java:37)
at Runner.LoginITest.closeApp(LoginRunner.java:29)
at Operation.BaseLogin.testCloseAppSwitch(BaseLogin.java:37)
at Runner.LoginITest.closeApp(LoginRunner.java:29)
at Operation.BaseLogin.testCloseAppSwitch(BaseLogin.java:37)
at Runner.LoginITest.closeApp(LoginRunner.java:29)
at Operation.BaseLogin.testCloseAppSwitch(BaseLogin.java:37)
at Runner.LoginITest.closeApp(LoginRunner.java:29)
at Operation.BaseLogin.testCloseAppSwitch(BaseLogin.java:37)
at Runner.LoginITest.closeApp(LoginRunner.java:29)
at Operation.BaseLogin.testCloseAppSwitch(BaseLogin.java:37)
at Runner.LoginITest.closeApp(LoginRunner.java:29)
at Operation.BaseLogin.testCloseAppSwitch(BaseLogin.java:37)
at Runner.LoginITest.closeApp(LoginRunner.java:29)
at Operation.BaseLogin.testCloseAppSwitch(BaseLogin.java:37)
at Runner.LoginITest.closeApp(LoginRunner.java:29)
at Operation.BaseLogin.testCloseAppSwitch(BaseLogin.java:37)
at Runner.LoginITest.closeApp(LoginRunner.java:29)
at Operation.BaseLogin.testCloseAppSwitch(BaseLogin.java:37)
at Runner.LoginITest.closeApp(LoginRunner.java:29)
at Operation.BaseLogin.testCloseAppSwitch(BaseLogin.java:37)
at Runner.LoginITest.closeApp(LoginRunner.java:29)
at Operation.BaseLogin.testCloseAppSwitch(BaseLogin.java:37)
at Runner.LoginITest.closeApp(LoginRunner.java:29)
at Operation.BaseLogin.testCloseAppSwitch(BaseLogin.java:37)
at Runner.LoginITest.closeApp(LoginRunner.java:29)
at Operation.BaseLogin.testCloseAppSwitch(BaseLogin.java:37)
at Runner.LoginITest.closeApp(LoginRunner.java:29)
at Operation.BaseLogin.testCloseAppSwitch(BaseLogin.java:37)
at Runner.LoginITest.closeApp(LoginRunner.java:29)
at Operation.BaseLogin.testCloseAppSwitch(BaseLogin.java:37)
at Runner.LoginITest.closeApp(LoginRunner.java:29)
at Operation.BaseLogin.testCloseAppSwitch(BaseLogin.java:37)
at Runner.LoginITest.closeApp(LoginRunner.java:29)
at Operation.BaseLogin.testCloseAppSwitch(BaseLogin.java:37)
at Runner.LoginITest.closeApp(LoginRunner.java:29)
at Operation.BaseLogin.testCloseAppSwitch(BaseLogin.java:37)
at Runner.LoginITest.closeApp(LoginRunner.java:29)
at Operation.BaseLogin.testCloseAppSwitch(BaseLogin.java:37)
at Runner.LoginITest.closeApp(LoginRunner.java:29)
at Operation.BaseLogin.testCloseAppSwitch(BaseLogin.java:37)
at Runner.LoginITest.closeApp(LoginRunner.java:29)
at Operation.BaseLogin.testCloseAppSwitch(BaseLogin.java:37)
at Runner.LoginITest.closeApp(LoginRunner.java:29)
at Operation.BaseLogin.testCloseAppSwitch(BaseLogin.java:37)
at Runner.LoginITest.closeApp(LoginRunner.java:29)
at Operation.BaseLogin.testCloseAppSwitch(BaseLogin.java:37)
at Runner.LoginITest.closeApp(LoginRunner.java:29)
at Operation.BaseLogin.testCloseAppSwitch(BaseLogin.java:37)
at Runner.LoginITest.closeApp(LoginRunner.java:29)
at Operation.BaseLogin.testCloseAppSwitch(BaseLogin.java:37)
at Runner.LoginITest.closeApp(LoginRunner.java:29)
at Operation.BaseLogin.testCloseAppSwitch(BaseLogin.java:37)
at Runner.LoginITest.closeApp(LoginRunner.java:29)
at Operation.BaseLogin.testCloseAppSwitch(BaseLogin.java:37)
at Runner.LoginITest.closeApp(LoginRunner.java:29)
at Operation.BaseLogin.testCloseAppSwitch(BaseLogin.java:37)
at Runner.LoginITest.closeApp(LoginRunner.java:29)
at Operation.BaseLogin.testCloseAppSwitch(BaseLogin.java:37)
at Runner.LoginITest.closeApp(LoginRunner.java:29)
at Operation.BaseLogin.testCloseAppSwitch(BaseLogin.java:37)
at Runner.LoginITest.closeApp(LoginRunner.java:29)
at Operation.BaseLogin.testCloseAppSwitch(BaseLogin.java:37)
at Runner.LoginITest.closeApp(LoginRunner.java:29)
at Operation.BaseLogin.testCloseAppSwitch(BaseLogin.java:37)
at Runner.LoginITest.closeApp(LoginRunner.java:29)
at Operation.BaseLogin.testCloseAppSwitch(BaseLogin.java:37)
at Runner.LoginITest.closeApp(LoginRunner.java:29)
at Operation.BaseLogin.testCloseAppSwitch(BaseLogin.java:37)
at Runner.LoginITest.closeApp(LoginRunner.java:29)
at Operation.BaseLogin.testCloseAppSwitch(BaseLogin.java:37)
at Runner.LoginITest.closeApp(LoginRunner.java:29)
at Operation.BaseLogin.testCloseAppSwitch(BaseLogin.java:37)
at Runner.LoginITest.closeApp(LoginRunner.java:29)
at Operation.BaseLogin.testCloseAppSwitch(BaseLogin.java:37)
at Runner.LoginITest.closeApp(LoginRunner.java:29)
at Operation.BaseLogin.testCloseAppSwitch(BaseLogin.java:37)
at Runner.LoginITest.closeApp(LoginRunner.java:29)
at Operation.BaseLogin.testCloseAppSwitch(BaseLogin.java:37)
at Runner.LoginITest.closeApp(LoginRunner.java:29)
at Operation.BaseLogin.testCloseAppSwitch(BaseLogin.java:37)
at Runner.LoginITest.closeApp(LoginRunner.java:29)
at Operation.BaseLogin.testCloseAppSwitch(BaseLogin.java:37)
at Runner.LoginITest.closeApp(LoginRunner.java:29)
at Operation.BaseLogin.testCloseAppSwitch(BaseLogin.java:37)
at Runner.LoginITest.closeApp(LoginRunner.java:29)
at Operation.BaseLogin.testCloseAppSwitch(BaseLogin.java:37)
at Runner.LoginITest.closeApp(LoginRunner.java:29)
at Operation.BaseLogin.testCloseAppSwitch(BaseLogin.java:37)
at Runner.LoginITest.closeApp(LoginRunner.java:29)
at Operation.BaseLogin.testCloseAppSwitch(BaseLogin.java:37)
at Runner.LoginITest.closeApp(LoginRunner.java:29)
at Operation.BaseLogin.testCloseAppSwitch(BaseLogin.java:37)
at Runner.LoginITest.closeApp(LoginRunner.java:29)
at Operation.BaseLogin.testCloseAppSwitch(BaseLogin.java:37)
at Runner.LoginITest.closeApp(LoginRunner.java:29)
at Operation.BaseLogin.testCloseAppSwitch(BaseLogin.java:37)
at Runner.LoginITest.closeApp(LoginRunner.java:29)
at Operation.BaseLogin.testCloseAppSwitch(BaseLogin.java:37)
at Runner.LoginITest.closeApp(LoginRunner.java:29)
at Operation.BaseLogin.testCloseAppSwitch(BaseLogin.java:37)
at Runner.LoginITest.closeApp(LoginRunner.java:29)
at Operation.BaseLogin.testCloseAppSwitch(BaseLogin.java:37)
at Runner.LoginITest.closeApp(LoginRunner.java:29)
at Operation.BaseLogin.testCloseAppSwitch(BaseLogin.java:37)
at Runner.LoginITest.closeApp(LoginRunner.java:29)
at Operation.BaseLogin.testCloseAppSwitch(BaseLogin.java:37)
at Runner.LoginITest.closeApp(LoginRunner.java:29)
at Operation.BaseLogin.testCloseAppSwitch(BaseLogin.java:37)
at Runner.LoginITest.closeApp(LoginRunner.java:29)
at Operation.BaseLogin.testCloseAppSwitch(BaseLogin.java:37)
at Runner.LoginITest.closeApp(LoginRunner.java:29)
at Operation.BaseLogin.testCloseAppSwitch(BaseLogin.java:37)
at Runner.LoginITest.closeApp(LoginRunner.java:29)
at Operation.BaseLogin.testCloseAppSwitch(BaseLogin.java:37)
at Runner.LoginITest.closeApp(LoginRunner.java:29)
at Operation.BaseLogin.testCloseAppSwitch(BaseLogin.java:37)
at Runner.LoginITest.closeApp(LoginRunner.java:29)
at Operation.BaseLogin.testCloseAppSwitch(BaseLogin.java:37)
at Runner.LoginITest.closeApp(LoginRunner.java:29)
at Operation.BaseLogin.testCloseAppSwitch(BaseLogin.java:37)
at Runner.LoginITest.closeApp(LoginRunner.java:29)
at Operation.BaseLogin.testCloseAppSwitch(BaseLogin.java:37)
at Runner.LoginITest.closeApp(LoginRunner.java:29)
at Operation.BaseLogin.testCloseAppSwitch(BaseLogin.java:37)
at Runner.LoginITest.closeApp(LoginRunner.java:29)
at Operation.BaseLogin.testCloseAppSwitch(BaseLogin.java:37)
at Runner.LoginITest.closeApp(LoginRunner.java:29)
at Operation.BaseLogin.testCloseAppSwitch(BaseLogin.java:37)
at Runner.LoginITest.closeApp(LoginRunner.java:29)
at Operation.BaseLogin.testCloseAppSwitch(BaseLogin.java:37)
at Runner.LoginITest.closeApp(LoginRunner.java:29)
at Operation.BaseLogin.testCloseAppSwitch(BaseLogin.java:37)
at Runner.LoginITest.closeApp(LoginRunner.java:29)
at Operation.BaseLogin.testCloseAppSwitch(BaseLogin.java:37)
at Runner.LoginITest.closeApp(LoginRunner.java:29)
at Operation.BaseLogin.testCloseAppSwitch(BaseLogin.java:37)
at Runner.LoginITest.closeApp(LoginRunner.java:29)
at Operation.BaseLogin.testCloseAppSwitch(BaseLogin.java:37)
at Runner.LoginITest.closeApp(LoginRunner.java:29)
at Operation.BaseLogin.testCloseAppSwitch(BaseLogin.java:37)
at Runner.LoginITest.closeApp(LoginRunner.java:29)
at Operation.BaseLogin.testCloseAppSwitch(BaseLogin.java:37)
at Runner.LoginITest.closeApp(LoginRunner.java:29)
at Operation.BaseLogin.testCloseAppSwitch(BaseLogin.java:37)
at Runner.LoginITest.closeApp(LoginRunner.java:29)
at Operation.BaseLogin.testCloseAppSwitch(BaseLogin.java:37)
at Runner.LoginITest.closeApp(LoginRunner.java:29)
at Operation.BaseLogin.testCloseAppSwitch(BaseLogin.java:37)
at Runner.LoginITest.closeApp(LoginRunner.java:29)
at Operation.BaseLogin.testCloseAppSwitch(BaseLogin.java:37)
at Runner.LoginITest.closeApp(LoginRunner.java:29)
at Operation.BaseLogin.testCloseAppSwitch(BaseLogin.java:37)
at Runner.LoginITest.closeApp(LoginRunner.java:29)
at Operation.BaseLogin.testCloseAppSwitch(BaseLogin.java:37)
at Runner.LoginITest.closeApp(LoginRunner.java:29)
at Operation.BaseLogin.testCloseAppSwitch(BaseLogin.java:37)
at Runner.LoginITest.closeApp(LoginRunner.java:29)
at Operation.BaseLogin.testCloseAppSwitch(BaseLogin.java:37)
at Runner.LoginITest.closeApp(LoginRunner.java:29)
at Operation.BaseLogin.testCloseAppSwitch(BaseLogin.java:37)
at Runner.LoginITest.closeApp(LoginRunner.java:29)
at Operation.BaseLogin.testCloseAppSwitch(BaseLogin.java:37)
at Runner.LoginITest.closeApp(LoginRunner.java:29)
at Operation.BaseLogin.testCloseAppSwitch(BaseLogin.java:37)
at Runner.LoginITest.closeApp(LoginRunner.java:29)
at Operation.BaseLogin.testCloseAppSwitch(BaseLogin.java:37)
at Runner.LoginITest.closeApp(LoginRunner.java:29)
at Operation.BaseLogin.testCloseAppSwitch(BaseLogin.java:37)
at Runner.LoginITest.closeApp(LoginRunner.java:29)
at Operation.BaseLogin.testCloseAppSwitch(BaseLogin.java:37)
at Runner.LoginITest.closeApp(LoginRunner.java:29)
at Operation.BaseLogin.testCloseAppSwitch(BaseLogin.java:37)
at Runner.LoginITest.closeApp(LoginRunner.java:29)
at Operation.BaseLogin.testCloseAppSwitch(BaseLogin.java:37)
at Runner.LoginITest.closeApp(LoginRunner.java:29)
at Operation.BaseLogin.testCloseAppSwitch(BaseLogin.java:37)
at Runner.LoginITest.closeApp(LoginRunner.java:29)
at Operation.BaseLogin.testCloseAppSwitch(BaseLogin.java:37)
at Runner.LoginITest.closeApp(LoginRunner.java:29)
at Operation.BaseLogin.testCloseAppSwitch(BaseLogin.java:37)
at Runner.LoginITest.closeApp(LoginRunner.java:29)
at Operation.BaseLogin.testCloseAppSwitch(BaseLogin.java:37)
at Runner.LoginITest.closeApp(LoginRunner.java:29)
at Operation.BaseLogin.testCloseAppSwitch(BaseLogin.java:37)
at Runner.LoginITest.closeApp(LoginRunner.java:29)
at Operation.BaseLogin.testCloseAppSwitch(BaseLogin.java:37)
at Runner.LoginITest.closeApp(LoginRunner.java:29)
at Operation.BaseLogin.testCloseAppSwitch(BaseLogin.java:37)
at Runner.LoginITest.closeApp(LoginRunner.java:29)
at Operation.BaseLogin.testCloseAppSwitch(BaseLogin.java:37)
at Runner.LoginITest.closeApp(LoginRunner.java:29)
at Operation.BaseLogin.testCloseAppSwitch(BaseLogin.java:37)
at Runner.LoginITest.closeApp(LoginRunner.java:29)
at Operation.BaseLogin.testCloseAppSwitch(BaseLogin.java:37)
at Runner.LoginITest.closeApp(LoginRunner.java:29)
at Operation.BaseLogin.testCloseAppSwitch(BaseLogin.java:37)
at Runner.LoginITest.closeApp(LoginRunner.java:29)
at Operation.BaseLogin.testCloseAppSwitch(BaseLogin.java:37)
at Runner.LoginITest.closeApp(LoginRunner.java:29)
at Operation.BaseLogin.testCloseAppSwitch(BaseLogin.java:37)
at Runner.LoginITest.closeApp(LoginRunner.java:29)
at Operation.BaseLogin.testCloseAppSwitch(BaseLogin.java:37)
at Runner.LoginITest.closeApp(LoginRunner.java:29)
at Operation.BaseLogin.testCloseAppSwitch(BaseLogin.java:37)
at Runner.LoginITest.closeApp(LoginRunner.java:29)
at Operation.BaseLogin.testCloseAppSwitch(BaseLogin.java:37)
at Runner.LoginITest.closeApp(LoginRunner.java:29)
at Operation.BaseLogin.testCloseAppSwitch(BaseLogin.java:37)
at Runner.LoginITest.closeApp(LoginRunner.java:29)
at Operation.BaseLogin.testCloseAppSwitch(BaseLogin.java:37)
at Runner.LoginITest.closeApp(LoginRunner.java:29)
at Operation.BaseLogin.testCloseAppSwitch(BaseLogin.java:37)
at Runner.LoginITest.closeApp(LoginRunner.java:29)
at Operation.BaseLogin.testCloseAppSwitch(BaseLogin.java:37)
at Runner.LoginITest.closeApp(LoginRunner.java:29)
at Operation.BaseLogin.testCloseAppSwitch(BaseLogin.java:37)
at Runner.LoginITest.closeApp(LoginRunner.java:29)
at Operation.BaseLogin.testCloseAppSwitch(BaseLogin.java:37)
at Runner.LoginITest.closeApp(LoginRunner.java:29)
at Operation.BaseLogin.testCloseAppSwitch(BaseLogin.java:37)
at Runner.LoginITest.closeApp(LoginRunner.java:29)
at Operation.BaseLogin.testCloseAppSwitch(BaseLogin.java:37)
at Runner.LoginITest.closeApp(LoginRunner.java:29)
at Operation.BaseLogin.testCloseAppSwitch(BaseLogin.java:37)
at Runner.LoginITest.closeApp(LoginRunner.java:29)
at Operation.BaseLogin.testCloseAppSwitch(BaseLogin.java:37)
at Runner.LoginITest.closeApp(LoginRunner.java:29)
at Operation.BaseLogin.testCloseAppSwitch(BaseLogin.java:37)
at Runner.LoginITest.closeApp(LoginRunner.java:29)
at Operation.BaseLogin.testCloseAppSwitch(BaseLogin.java:37)
at Runner.LoginITest.closeApp(LoginRunner.java:29)
at Operation.BaseLogin.testCloseAppSwitch(BaseLogin.java:37)
at Runner.LoginITest.closeApp(LoginRunner.java:29)
at Operation.BaseLogin.testCloseAppSwitch(BaseLogin.java:37)
at Runner.LoginITest.closeApp(LoginRunner.java:29)
at Operation.BaseLogin.testCloseAppSwitch(BaseLogin.java:37)
at Runner.LoginITest.closeApp(LoginRunner.java:29)
at Operation.BaseLogin.testCloseAppSwitch(BaseLogin.java:37)
at Runner.LoginITest.closeApp(LoginRunner.java:29)
at Operation.BaseLogin.testCloseAppSwitch(BaseLogin.java:37)
at Runner.LoginITest.closeApp(LoginRunner.java:29)
at Operation.BaseLogin.testCloseAppSwitch(BaseLogin.java:37)
at Runner.LoginITest.closeApp(LoginRunner.java:29)
at Operation.BaseLogin.testCloseAppSwitch(BaseLogin.java:37)
at Runner.LoginITest.closeApp(LoginRunner.java:29)
at Operation.BaseLogin.testCloseAppSwitch(BaseLogin.java:37)
at Runner.LoginITest.closeApp(LoginRunner.java:29)
at Operation.BaseLogin.testCloseAppSwitch(BaseLogin.java:37)
at Runner.LoginITest.closeApp(LoginRunner.java:29)
at Operation.BaseLogin.testCloseAppSwitch(BaseLogin.java:37)
at Runner.LoginITest.closeApp(LoginRunner.java:29)
at Operation.BaseLogin.testCloseAppSwitch(BaseLogin.java:37)
at Runner.LoginITest.closeApp(LoginRunner.java:29)
at Operation.BaseLogin.testCloseAppSwitch(BaseLogin.java:37)
at Runner.LoginITest.closeApp(LoginRunner.java:29)
at Operation.BaseLogin.testCloseAppSwitch(BaseLogin.java:37)
at Runner.LoginITest.closeApp(LoginRunner.java:29)
at Operation.BaseLogin.testCloseAppSwitch(BaseLogin.java:37)
at Runner.LoginITest.closeApp(LoginRunner.java:29)
at Operation.BaseLogin.testCloseAppSwitch(BaseLogin.java:37)
at Runner.LoginITest.closeApp(LoginRunner.java:29)
at Operation.BaseLogin.testCloseAppSwitch(BaseLogin.java:37)
at Runner.LoginITest.closeApp(LoginRunner.java:29)
at Operation.BaseLogin.testCloseAppSwitch(BaseLogin.java:37)
at Runner.LoginITest.closeApp(LoginRunner.java:29)
at Operation.BaseLogin.testCloseAppSwitch(BaseLogin.java:37)
at Runner.LoginITest.closeApp(LoginRunner.java:29)
at Operation.BaseLogin.testCloseAppSwitch(BaseLogin.java:37)
at Runner.LoginITest.closeApp(LoginRunner.java:29)
at Operation.BaseLogin.testCloseAppSwitch(BaseLogin.java:37)
at Runner.LoginITest.closeApp(LoginRunner.java:29)
at Operation.BaseLogin.testCloseAppSwitch(BaseLogin.java:37)
at Runner.LoginITest.closeApp(LoginRunner.java:29)
at Operation.BaseLogin.testCloseAppSwitch(BaseLogin.java:37)
at Runner.LoginITest.closeApp(LoginRunner.java:29)
at Operation.BaseLogin.testCloseAppSwitch(BaseLogin.java:37)
at Runner.LoginITest.closeApp(LoginRunner.java:29)
at Operation.BaseLogin.testCloseAppSwitch(BaseLogin.java:37)
at Runner.LoginITest.closeApp(LoginRunner.java:29)
at Operation.BaseLogin.testCloseAppSwitch(BaseLogin.java:37)
at Runner.LoginITest.closeApp(LoginRunner.java:29)
at Operation.BaseLogin.testCloseAppSwitch(BaseLogin.java:37)
at Runner.LoginITest.closeApp(LoginRunner.java:29)
at Operation.BaseLogin.testCloseAppSwitch(BaseLogin.java:37)
at Runner.LoginITest.closeApp(LoginRunner.java:29)
at Operation.BaseLogin.testCloseAppSwitch(BaseLogin.java:37)
at Runner.LoginITest.closeApp(LoginRunner.java:29)
at Operation.BaseLogin.testCloseAppSwitch(BaseLogin.java:37)
at Runner.LoginITest.closeApp(LoginRunner.java:29)
at Operation.BaseLogin.testCloseAppSwitch(BaseLogin.java:37)
at Runner.LoginITest.closeApp(LoginRunner.java:29)
at Operation.BaseLogin.testCloseAppSwitch(BaseLogin.java:37)
at Runner.LoginITest.closeApp(LoginRunner.java:29)
at Operation.BaseLogin.testCloseAppSwitch(BaseLogin.java:37)
at Runner.LoginITest.closeApp(LoginRunner.java:29)
at Operation.BaseLogin.testCloseAppSwitch(BaseLogin.java:37)
at Runner.LoginITest.closeApp(LoginRunner.java:29)
at Operation.BaseLogin.testCloseAppSwitch(BaseLogin.java:37)
at Runner.LoginITest.closeApp(LoginRunner.java:29)
at Operation.BaseLogin.testCloseAppSwitch(BaseLogin.java:37)
at Runner.LoginITest.closeApp(LoginRunner.java:29)
at Operation.BaseLogin.testCloseAppSwitch(BaseLogin.java:37)
at Runner.LoginITest.closeApp(LoginRunner.java:29)
at Operation.BaseLogin.testCloseAppSwitch(BaseLogin.java:37)
at Runner.LoginITest.closeApp(LoginRunner.java:29)
at Operation.BaseLogin.testCloseAppSwitch(BaseLogin.java:37)
at Runner.LoginITest.closeApp(LoginRunner.java:29)
at Operation.BaseLogin.testCloseAppSwitch(BaseLogin.java:37)
at Runner.LoginITest.closeApp(LoginRunner.java:29)
at Operation.BaseLogin.testCloseAppSwitch(BaseLogin.java:37)
at Runner.LoginITest.closeApp(LoginRunner.java:29)
at Operation.BaseLogin.testCloseAppSwitch(BaseLogin.java:37)
at Runner.LoginITest.closeApp(LoginRunner.java:29)
at Operation.BaseLogin.testCloseAppSwitch(BaseLogin.java:37)
at Runner.LoginITest.closeApp(LoginRunner.java:29)
at Operation.BaseLogin.testCloseAppSwitch(BaseLogin.java:37)
at Runner.LoginITest.closeApp(LoginRunner.java:29)
at Operation.BaseLogin.testCloseAppSwitch(BaseLogin.java:37)
at Runner.LoginITest.closeApp(LoginRunner.java:29)
at Operation.BaseLogin.testCloseAppSwitch(BaseLogin.java:37)
at Runner.LoginITest.closeApp(LoginRunner.java:29)
at Operation.BaseLogin.testCloseAppSwitch(BaseLogin.java:37)
at Runner.LoginITest.closeApp(LoginRunner.java:29)
at Operation.BaseLogin.testCloseAppSwitch(BaseLogin.java:37)
at Runner.LoginITest.closeApp(LoginRunner.java:29)
at Operation.BaseLogin.testCloseAppSwitch(BaseLogin.java:37)
at Runner.LoginITest.closeApp(LoginRunner.java:29)
at Operation.BaseLogin.testCloseAppSwitch(BaseLogin.java:37)
at Runner.LoginITest.closeApp(LoginRunner.java:29)
at Operation.BaseLogin.testCloseAppSwitch(BaseLogin.java:37)
at Runner.LoginITest.closeApp(LoginRunner.java:29)
at Operation.BaseLogin.testCloseAppSwitch(BaseLogin.java:37)
at Runner.LoginITest.closeApp(LoginRunner.java:29)
at Operation.BaseLogin.testCloseAppSwitch(BaseLogin.java:37)
at Runner.LoginITest.closeApp(LoginRunner.java:29)
at Operation.BaseLogin.testCloseAppSwitch(BaseLogin.java:37)
at Runner.LoginITest.closeApp(LoginRunner.java:29)
at Operation.BaseLogin.testCloseAppSwitch(BaseLogin.java:37)
at Runner.LoginITest.closeApp(LoginRunner.java:29)
at Operation.BaseLogin.testCloseAppSwitch(BaseLogin.java:37)
at Runner.LoginITest.closeApp(LoginRunner.java:29)
at Operation.BaseLogin.testCloseAppSwitch(BaseLogin.java:37)
at Runner.LoginITest.closeApp(LoginRunner.java:29)
at Operation.BaseLogin.testCloseAppSwitch(BaseLogin.java:37)
at Runner.LoginITest.closeApp(LoginRunner.java:29)
at Operation.BaseLogin.testCloseAppSwitch(BaseLogin.java:37)
at Runner.LoginITest.closeApp(LoginRunner.java:29)
at Operation.BaseLogin.testCloseAppSwitch(BaseLogin.java:37)
at Runner.LoginITest.closeApp(LoginRunner.java:29)
at Operation.BaseLogin.testCloseAppSwitch(BaseLogin.java:37)
at Runner.LoginITest.closeApp(LoginRunner.java:29)
at Operation.BaseLogin.testCloseAppSwitch(BaseLogin.java:37)
at Runner.LoginITest.closeApp(LoginRunner.java:29)
at Operation.BaseLogin.testCloseAppSwitch(BaseLogin.java:37)
at Runner.LoginITest.closeApp(LoginRunner.java:29)
at Operation.BaseLogin.testCloseAppSwitch(BaseLogin.java:37)
at Runner.LoginITest.closeApp(LoginRunner.java:29)
at Operation.BaseLogin.testCloseAppSwitch(BaseLogin.java:37)
at Runner.LoginITest.closeApp(LoginRunner.java:29)
at Operation.BaseLogin.testCloseAppSwitch(BaseLogin.java:37)
at Runner.LoginITest.closeApp(LoginRunner.java:29)
at Operation.BaseLogin.testCloseAppSwitch(BaseLogin.java:37)
at Runner.LoginITest.closeApp(LoginRunner.java:29)
at Operation.BaseLogin.testCloseAppSwitch(BaseLogin.java:37)
at Runner.LoginITest.closeApp(LoginRunner.java:29)
at Operation.BaseLogin.testCloseAppSwitch(BaseLogin.java:37)
at Runner.LoginITest.closeApp(LoginRunner.java:29)
at Operation.BaseLogin.testCloseAppSwitch(BaseLogin.java:37)
at Runner.LoginITest.closeApp(LoginRunner.java:29)
at Operation.BaseLogin.testCloseAppSwitch(BaseLogin.java:37)
at Runner.LoginITest.closeApp(LoginRunner.java:29)
at Operation.BaseLogin.testCloseAppSwitch(BaseLogin.java:37)
at Runner.LoginITest.closeApp(LoginRunner.java:29)
at Operation.BaseLogin.testCloseAppSwitch(BaseLogin.java:37)
at Runner.LoginITest.closeApp(LoginRunner.java:29)
at Operation.BaseLogin.testCloseAppSwitch(BaseLogin.java:37)
at Runner.LoginITest.closeApp(LoginRunner.java:29)
at Operation.BaseLogin.testCloseAppSwitch(BaseLogin.java:37)
at Runner.LoginITest.closeApp(LoginRunner.java:29)
at Operation.BaseLogin.testCloseAppSwitch(BaseLogin.java:37)
at Runner.LoginITest.closeApp(LoginRunner.java:29)
at Operation.BaseLogin.testCloseAppSwitch(BaseLogin.java:37)
at Runner.LoginITest.closeApp(LoginRunner.java:29)
at Operation.BaseLogin.testCloseAppSwitch(BaseLogin.java:37)
at Runner.LoginITest.closeApp(LoginRunner.java:29)
at Operation.BaseLogin.testCloseAppSwitch(BaseLogin.java:37)
at Runner.LoginITest.closeApp(LoginRunner.java:29)
at Operation.BaseLogin.testCloseAppSwitch(BaseLogin.java:37)
at Runner.LoginITest.closeApp(LoginRunner.java:29)
at Operation.BaseLogin.testCloseAppSwitch(BaseLogin.java:37)
at Runner.LoginITest.closeApp(LoginRunner.java:29)
at Operation.BaseLogin.testCloseAppSwitch(BaseLogin.java:37)
at Runner.LoginITest.closeApp(LoginRunner.java:29)
at Operation.BaseLogin.testCloseAppSwitch(BaseLogin.java:37)
at Runner.LoginITest.closeApp(LoginRunner.java:29)
at Operation.BaseLogin.testCloseAppSwitch(BaseLogin.java:37)
at Runner.LoginITest.closeApp(LoginRunner.java:29)
at Operation.BaseLogin.testCloseAppSwitch(BaseLogin.java:37)
at Runner.LoginITest.closeApp(LoginRunner.java:29)
at Operation.BaseLogin.testCloseAppSwitch(BaseLogin.java:37)
at Runner.LoginITest.closeApp(LoginRunner.java:29)
at Operation.BaseLogin.testCloseAppSwitch(BaseLogin.java:37)
at Runner.LoginITest.closeApp(LoginRunner.java:29)
at Operation.BaseLogin.testCloseAppSwitch(BaseLogin.java:37)
at Runner.LoginITest.closeApp(LoginRunner.java:29)
at Operation.BaseLogin.testCloseAppSwitch(BaseLogin.java:37)
at Runner.LoginITest.closeApp(LoginRunner.java:29)
at Operation.BaseLogin.testCloseAppSwitch(BaseLogin.java:37)
at Runner.LoginITest.closeApp(LoginRunner.java:29)
at Operation.BaseLogin.testCloseAppSwitch(BaseLogin.java:37)
at Runner.LoginITest.closeApp(LoginRunner.java:29)
at Operation.BaseLogin.testCloseAppSwitch(BaseLogin.java:37)
at Runner.LoginITest.closeApp(LoginRunner.java:29)
at Operation.BaseLogin.testCloseAppSwitch(BaseLogin.java:37)
at Runner.LoginITest.closeApp(LoginRunner.java:29)
at Operation.BaseLogin.testCloseAppSwitch(BaseLogin.java:37)
at Runner.LoginITest.closeApp(LoginRunner.java:29)
at Operation.BaseLogin.testCloseAppSwitch(BaseLogin.java:37)
at Runner.LoginITest.closeApp(LoginRunner.java:29)
at Operation.BaseLogin.testCloseAppSwitch(BaseLogin.java:37)
at Runner.LoginITest.closeApp(LoginRunner.java:29)
at Operation.BaseLogin.testCloseAppSwitch(BaseLogin.java:37)
at Runner.LoginITest.closeApp(LoginRunner.java:29)
at Operation.BaseLogin.testCloseAppSwitch(BaseLogin.java:37)
at Runner.LoginITest.closeApp(LoginRunner.java:29)
at Operation.BaseLogin.testCloseAppSwitch(BaseLogin.java:37)
at Runner.LoginITest.closeApp(LoginRunner.java:29)
at Operation.BaseLogin.testCloseAppSwitch(BaseLogin.java:37)
at Runner.LoginITest.closeApp(LoginRunner.java:29)
at Operation.BaseLogin.testCloseAppSwitch(BaseLogin.java:37)
at Runner.LoginITest.closeApp(LoginRunner.java:29)
at Operation.BaseLogin.testCloseAppSwitch(BaseLogin.java:37)
at Runner.LoginITest.closeApp(LoginRunner.java:29)
at Operation.BaseLogin.testCloseAppSwitch(BaseLogin.java:37)
at Runner.LoginITest.closeApp(LoginRunner.java:29)
at Operation.BaseLogin.testCloseAppSwitch(BaseLogin.java:37)
at Runner.LoginITest.closeApp(LoginRunner.java:29)
at Operation.BaseLogin.testCloseAppSwitch(BaseLogin.java:37)
at Runner.LoginITest.closeApp(LoginRunner.java:29)
at Operation.BaseLogin.testCloseAppSwitch(BaseLogin.java:37)
at Runner.LoginITest.closeApp(LoginRunner.java:29)
at Operation.BaseLogin.testCloseAppSwitch(BaseLogin.java:37)
at Runner.LoginITest.closeApp(LoginRunner.java:29)
at Operation.BaseLogin.testCloseAppSwitch(BaseLogin.java:37)
at Runner.LoginITest.closeApp(LoginRunner.java:29)
at Operation.BaseLogin.testCloseAppSwitch(BaseLogin.java:37)
at Runner.LoginITest.closeApp(LoginRunner.java:29)
at Operation.BaseLogin.testCloseAppSwitch(BaseLogin.java:37)
at Runner.LoginITest.closeApp(LoginRunner.java:29)
at Operation.BaseLogin.testCloseAppSwitch(BaseLogin.java:37)
at Runner.LoginITest.closeApp(LoginRunner.java:29)
at Operation.BaseLogin.testCloseAppSwitch(BaseLogin.java:37)
at Runner.LoginITest.closeApp(LoginRunner.java:29)
at Operation.BaseLogin.testCloseAppSwitch(BaseLogin.java:37)
at Runner.LoginITest.closeApp(LoginRunner.java:29)
at Operation.BaseLogin.testCloseAppSwitch(BaseLogin.java:37)
at Runner.LoginITest.closeApp(LoginRunner.java:29)
]]>
    </error>
  </testcase> <!-- closeApp -->
</testsuite> <!-- Runner.LoginITest -->
